['60', '283', '380', '177', '155', '166', '68', '28', '184', '64', '247', '114', '413', '157', '437', '196', '18', '334', '357', '286', '244']
['33', '50', '26', '363', '203', '101', '308', '297', '294', '37', '183', '375', '170', '169', '316', '428']
['71', '250', '1', '291', '473', '274', '345', '158', '227', '276', '376', '391', '124', '355', '329', '103', '143', '465', '313', '239']
['43', '148', '182', '255', '61', '92', '89', '230', '240', '486', '30', '63', '451', '406', '432', '327', '387', '137', '372', '211']
['121', '153', '86', '195', '447', '197', '411', '450', '341', '385', '457', '110', '323', '420', '295']
['53', '73', '65', '475', '483', '207', '389', '487', '100', '10', '460', '472', '141', '127', '453', '85', '454', '266', '81', '138', '284', '23', '181', '328', '435']
['135', '94', '22', '426', '176', '445', '366', '271', '484', '462', '305', '335', '219', '160', '264', '452', '139', '405', '212', '233', '361', '254', '163', '47', '249']
['56', '3', '226', '322', '218', '200', '201', '268', '221', '95', '354', '145', '102', '404', '62', '296', '368', '471']
['498', '231', '8', '234', '186', '464', '344', '336', '339', '370', '79', '154', '217', '427', '414', '106', '438', '280', '436', '423', '491', '123', '319', '468', '288', '5']
['298', '441', '396', '347', '351', '147', '358', '131', '41', '497', '0', '495', '35', '142', '14', '54', '422', '253', '434', '378', '58', '440', '433', '12', '51', '209', '238', '265']
['394', '161', '392', '312', '144', '425', '442', '140', '302', '24', '25', '57', '109', '408', '494', '488', '456', '443', '74', '260', '156', '300', '87', '332', '293', '444', '125', '390', '407', '192', '126', '279', '496', '39', '409', '362', '162', '478', '225']
['381', '278', '7', '285', '379', '220', '307', '252', '331', '208', '309', '99', '77', '44', '275', '373', '419', '429', '289', '224', '96', '151', '174', '258', '261']
['178', '277', '403', '282', '398', '481', '369', '343', '470', '350', '204', '384', '17', '42', '482', '416', '83', '9', '150', '82', '236', '273', '113', '11', '27', '189']
['185', '304', '187', '205', '310', '402', '246', '159', '175', '118', '108', '412', '299', '67', '448', '463', '321', '303', '262', '78']
['193', '320', '314', '269', '206', '485', '172', '315', '439', '455', '31', '326', '492', '386', '129', '15', '317', '215', '111', '116', '179']
['338', '90', '480', '248', '374', '359', '421', '59', '199', '458', '72', '32', '119', '430', '6']
['469', '400', '36', '128', '292', '98', '84', '324', '198', '171', '146', '272', '91', '424', '393', '243', '318', '306', '256', '418', '48', '270', '134']
['45', '105', '383', '97', '180', '149', '69', '382', '80', '342', '20', '356', '104', '136', '194', '237', '377', '133']
['251', '235', '499', '188', '112', '107', '245', '242', '340', '29', '191', '367', '259', '19', '165', '130', '479', '388', '348', '325', '40', '232', '122', '311', '167', '214']
['371', '397', '216', '76', '446', '93', '222', '228', '415', '190', '223', '337', '290', '467']
['229', '49', '132', '4', '267', '152', '55', '70', '13', '490', '352', '301', '173', '287', '257', '330', '34', '38', '431']
['21', '449', '263', '52', '115', '399', '459', '353', '2', '461', '281', '365', '477', '164']
['88', '493', '349', '213', '120', '476', '401', '241', '417', '489', '346', '210', '168', '360', '46', '466', '16', '333']
['474']
['202']
['410']
['66']
['117']
['395']
['75']
['364']
