['10', '52', '90', '13', '133', '86', '103', '233', '16', '111', '132', '110', '7', '60', '229', '186', '231', '180', '118', '203']
['120', '228', '63', '45', '76', '160', '150', '2', '11', '175', '34', '21', '8']
['194', '245', '37', '79', '58', '222', '205', '212', '73', '206', '40', '18', '249', '178', '246', '226', '69', '17', '49', '88', '27', '155', '23', '214', '152', '126', '55', '25', '215', '51', '202', '0', '68', '169', '217']
['221', '67', '116', '164', '113', '159', '127', '43', '54', '106', '48', '109', '200', '70', '220', '85', '239', '101', '211', '128', '53', '19']
['171', '138', '14', '184', '108', '170', '193', '26', '62', '44', '166', '94', '80', '223', '181', '89', '187', '172', '50', '241', '72', '28', '225', '35', '81', '154', '31', '161', '24', '29', '234', '134', '122']
['3', '121', '219', '238', '156', '247', '82']
['147']
['227']
['224']
['173']
['6']
['188']
['196']
['235']
['87']
['65']
['100']
['1']
['174']
['157']
['176']
['75']
['77']
['129']
['42']
['119']
['243']
['199']
['149']
['208']
['209']
['151']
['204']
['141']
['36']
['30']
['237']
['148']
['130']
['71']
['140']
['105']
['123']
['135']
['114']
['165']
['144']
['139']
['84']
['74']
['213']
['64']
['46']
['41']
['20']
['240']
['47']
['230']
['92']
['189']
['190']
['167']
['117']
['185']
['207']
['158']
['248']
['97']
['168']
['115']
['98']
['96']
['33']
['61']
['59']
['124']
['99']
['57']
['163']
['146']
['210']
['93']
['182']
['12']
['83']
['201']
['22']
['179']
['5']
['32']
['9']
['131']
['198']
['107']
['242']
['4']
['78']
['125']
['236']
['244']
['56']
['218']
['216']
['143']
['191']
['195']
['145']
['142']
['183']
['39']
['15']
['153']
['192']
['177']
['38']
['104']
['136']
['112']
['91']
['232']
['66']
['137']
['95']
['197']
['162']
['102']
