['ISX', 'fQ3', 'Zc5', 'QEF', 'ptf', 'MQT', 'qPq', 'dSZ', 'txp', 'xpw', 'VPb', 'zfK']
['bAf', 'EoI', 'oSh', 'xRH', '5Li', '0gI', '1aX', 'NGB', 'klv', 'uH4', 'nc0', 'Qtt']
['CwC', 'blA', 'aTI', '1gc', 'kYz', 'VoJ', 'a4K', 'wqW', '70K', 'slQ', 'Jla', 'dNX']
['W4L', 'PPi', 'Hyj', 'etm', 'Ihb', 'XHa', '17Q', 'gkI', 'pf5', 'GpL', '3QX', 'P8b']
['IJ1', '8VG', 'U0Z', 'u1N', 'GUX', 'tEu', 'b99', 'Hxo', 'qLD', 'upV', '69w', 'VCH']
['AcJ', '28R', 'H9O', 'zEh', 'h3r', 'F9o', 'G2k', '6Hl', 'nQj', 'Ke0', 'Mvm', 'Itn']
['v6U', 'mcI', 'mLL', 'emD', 'ZNv', 'hYw', 'W8n', 'KS2', 'ZQL', 'gTC', 'fFJ', 'kiK']
['stN', 'QhQ', '0oy', 'Tn8', '1uW', 'ewc', 'JcP', 'EJD', 'a55', 'GRw', 'vca', 'u9Q']
['SmS', 'jFu', 'PQT', '2vJ', 'bLd', 'xxJ', 'bDO', 'PlJ', 'm5j', 'Qti', '8uz', '0RD']
['tKI', 'Fws', 'JfN', 'gEU', 'bA6', 'JVP', 'FbA', 'e6S', '6sH', 'N08', 'VVW', 'b9f']
['nRH', 'OCL', '5zB', 'fKV', 'QDa', 'Qa3', 'nqI', 'dvU', 'PiG', 'oUs', 'kte', 'aZv']
['i4H', 'PqY', 'uVg', '1xS', 'iiE', 'rXN', 'qDy', 'tFU', 'rgC', 'Ns3', '2mv', 'D5B']
['6na', 'WXJ', 'KZy', 'jWX', 'AKr', 'JyM', 'Fmb', '3kn', '5qS', 'Epk', 'JWV', 'lsG']
['wGp', 'hct', 'Swe', 'mGb', 'g08', 'yLV', 'XMr', '0ID', 'X5a', 'SMj', 'mLF', 'Gu6']
['4nb', '2UA', '8nm', 'X5J', 'mFO', 'TUB', 'XlR', 'YBr', 'JLF', 'WLk', 'aLB', 'UmG']
['BV4', '5i6', 'gWT', 'Bfu', 'Wmv', 'lKO', 'B99', '4KN', '0Qs', 'b7z', 'SFn', 'UDc']
['4LY', '4gy', 'gE4', 'x86', 'NXP', 'YMC', 'BPL', 'YUZ', '1QY', 'vJC', 'gEp', 'xLA']
['HWv', 'X9s', 'dLc', 'E2A', 's3z', 'PoH', 'Jgp', 'ux2', 'iGU', 'h6l', 'tfQ', 'FEQ']
['kT2', 'iba', 'mIe', 'sKX', 'ZxX', 'Xim', 'Hbr', 'jEj', 'nkl', '8j5', 'uZt', 'zgJ']
['wwD', 'NyP', 'ttO', 'PJa', 'FkC', '4Nd', '4fp', 'x8V', 'I2i', 'ZVF', 'zfD', 'hdp']
['Y2z', '9F9', 'euj', 'rMd', 'j3s', 'IZQ', 'pTi', 'MrD', 'fFE', 'iW8', 'WB2', 'Pas']
['BDE', 'uQL', 'FzE', 'gfv', 'ZFU', 'Qyh', 'cFa', 'zTH', 'HvR', '5U2', 'tK7', '8uu']
['YNK', 'iFt', 'USE', 'KRy', 'SV9', 'YFC', 'btz', 'Eou', 'ULj', '00m', 'uGP', 'oZQ']
['5n5', 'AJT', 'qkE', 'rGT', 'J8r', 'uii', '5jv', '1RB', 'L1u', 'Twl', 'tm4', 'ZY3']
['cDc', 'VZ7', 'czy', 'cEk', 'e8H', 'I2S', 'hHB', 'DoC', 'mUL', 'vyM', 'sfk', 'UPL']
['z1H', 'wgA', 'cmd', 'Z7b', 'AK4', 'NqO', 'U0P', 'nf5', 'JYa', 'f9z', 'xqY', 'Ot9']
['dlb', 'c3v', 'oak', 'hQH', 'U4K', '4p5', 'KGR', '27J', 'YEe', 'psG', 'Kn8', 'W2Z']
['ziA', 'SiL', 'rYU', 'Afe', 'n99', 'O2z', 'kZ0', 'WLo', '6pB', 'LiP', 'gVV', 'Ql9']
['e8d', 'EJa', 'iTo', 'MNb', 'xz4', '6ro', 'LTB', 's1n', 'hiF', 'CU9', 'Hi0', '19T']
['NiX', 'tpP', 'jGk', 'D40', 'iS6', 'eGG', 'yAp', 'CYA', 's6M', 'AHs', 'xx7', 'IU6']
['6Ip', 'd60', 'oPH', 'rz4', '9ug', 'H68', 'qmj', 'i9C', 'rmu', 'rC8', 'oSw', 'mRG']
['96X', '9NA', 'nQv']
['81k']
['HkK']
['VAV']
