['Adorne', 'Caryn', 'Brandie', 'Audy', 'Cassondra', 'Athene', 'Chelsey', 'Barbra', 'Babette', 'Anastasia']
['Aubine', 'Cesya', 'Carmel', 'Caro', 'Carlee', 'Cherise', 'Anet', 'Camella', 'Antoinette', 'Christan']
['Bernardine', 'Charyl', 'Annabelle', 'Amanda', 'Babbette', 'Allissa', 'Ardella', 'Ardra', 'Bettine', 'Bessy']
['Christyna', 'Charlot', 'Angie', 'Cele', 'Bertine', 'Catharine', 'Andree', 'Bellanca', 'Adelheid', 'Caril']
['Bert', 'Alyda', 'Catie', 'Charity', 'Bonnee', 'Caryl', 'Annabela', 'David', 'Chiquia', 'Babs']
['Christal', 'Chiarra', 'Blythe', 'Bernete', 'Aaren', 'Amargo', 'Alissa', 'Calida', 'Allegra', 'Anica']
['Alverta', 'Chanda', 'Carmine', 'Anni', 'Barbabra', 'Caralie', 'Ashlie', 'Beatrice', 'Catherine', 'Aeriel']
['Angela', 'Candra', 'Anabal', 'Charin', 'Carolyn', 'Alayne', 'Catlee', 'Allix', 'Cacilia', 'Celestyn']
['Christye', 'Adoree', 'Berni', 'Austina', 'Anthiathia', 'Bobette', 'Cherye', 'Brier', 'Anallese', 'Bryna']
['Aubrette', 'Anjela', 'Cherilyn', 'Alicea', 'Bridgette', 'Benita', 'Carole', 'Ara', 'Ambur', 'Alejandra']
['Ada', 'Cal', 'Penny', 'Babbie', 'Ali', 'Alexandrina', 'Cammi', 'Anabelle', 'Anatola', 'Annabel']
['Cariotta', 'Amy', 'Athena', 'Catlaina', 'Anastassia', 'Beverie', 'Angil', 'Cammy', 'Caren', 'Berta']
['Brandy', 'Cheslie', 'Christabella', 'Cassy', 'Andriana', 'Carrissa', 'Ardene', 'Bobby', 'Annora', 'Bobbye']
['Belita', 'Christel', 'Ariela', 'Barbey', 'Almeda', 'Aimil', 'Benetta', 'Angelina', 'Blinnie', 'Alisun']
['Cami', 'Alanah', 'Ardeen', 'Cherrita', 'Aveline', 'Chelsy', 'Anne', 'Caron', 'Abby', 'Carmelita']
['Bess', 'Ashli', 'Alice', 'Brigid', 'Berty', 'Belva', 'Bernardina', 'Bernadine', 'Bamby', 'Binni']
['Amabel', 'Bunni', 'Aurore', 'Bibbie', 'Andrea', 'Bobbee', 'Alix', 'Alie', 'Callida', 'Carlyn']
['Arlene', 'Blanche', 'Billie', 'Charmion', 'Alys', 'Blancha', 'Brittaney', 'Caroljean', 'Cathrine', 'Billy']
['Abra', 'Ashlen', 'Avis', 'Aurelea', 'Barbaraanne', 'Calla', 'Bliss', 'Carina', 'Bill', 'Betti']
['Celestine', 'Annamaria', 'Agace', 'Carolina', 'Astrix', 'Annadiane', 'Auroora', 'Betty', 'Annelise', 'Berri']
['Casandra', 'Bobbie', 'Alikee', 'Carri', 'Charleen', 'Addi', 'Celie', 'Andi', 'Analiese', 'Alvira']
['Alysa', 'Bobinette', 'Carena', 'Carlye', 'April', 'Camel', 'Agatha', 'Candis', 'Aliza', 'Arlie']
['Ailene', 'Babara', 'Bren', 'Betteann', 'Arliene', 'Aile', 'Berna', 'Babita', 'Alexia', 'Agnola']
['Brigida', 'Calli', 'Aili', 'Bride', 'Alexi', 'Adelice', 'Augusta', 'Catriona', 'Brandea', 'Casie']
['Angel', 'Cody', 'Asia', 'Arlina', 'Bunny', 'Carlynn', 'Brandise', 'Bethany', 'Billi']
['Brandi']
