['0', '1', '2', '3', '4', '20', '21', '22', '23', '24', '40', '41', '42', '43', '44', '60', '61', '62', '63', '64', '80', '81', '82', '83', '84', '100', '101']
['5', '6', '7', '8', '25', '26', '27', '28', '45', '46', '47', '48', '65', '66', '67', '68', '85', '86', '87', '88', '105', '106', '107', '108', '125', '126', '127']
['9', '10', '11', '12', '13', '14', '29', '30', '31', '32', '33', '34', '49', '50', '51', '52', '53', '54', '69', '70', '71', '72', '73', '74', '89', '90', '91', '92', '93', '94', '109', '110', '111', '112', '113', '114', '131', '132']
['15', '16', '17', '18', '35', '36', '37', '38', '39', '55', '56', '57', '58', '59', '75', '76', '77', '78', '79', '95', '96', '97', '98', '115', '116', '117', '118', '119', '135', '136', '137', '138', '139', '157', '158', '159', '177', '178']
['19', '99', '179', '259', '329', '330', '331', '332', '339', '349', '350', '351', '352', '365', '366', '367', '368', '369', '370', '371', '372', '381', '385', '386', '387', '388', '389', '390', '391', '392', '393', '397']
['102', '103', '104', '121', '122', '123', '124', '140', '141', '142', '143', '144', '145', '146', '160', '161', '162', '163', '164', '165', '166', '180', '181', '182', '183', '184', '185', '200', '201', '202', '203', '204', '205', '223', '224', '225']
['129', '130', '147', '148', '149', '150', '151', '152', '167', '168', '169', '170', '171', '172', '186', '187', '188', '189', '190', '191', '192', '206', '207', '208', '209', '210', '211', '212', '226', '227']
['133', '134', '153', '154', '155', '156', '173', '174', '175', '176', '193', '194', '195', '196', '197', '198', '199', '213', '214', '215', '216', '217', '218', '219', '233', '234', '235', '236', '237', '238', '239', '253', '254', '255', '256', '257', '258']
['220', '221', '222', '240', '241', '242', '243', '244', '245', '246', '247', '260', '261', '262', '263', '264', '265', '266', '267', '280', '281', '282', '283', '284', '285', '286', '287', '300', '301', '302', '303', '304', '305', '306', '307', '320', '321', '322', '323', '324', '325', '326', '327', '328', '340', '341', '342', '343', '344', '345', '346', '347', '348', '360', '361', '362', '363', '364', '380', '382', '383', '384']
['228', '229', '230', '231', '232', '248', '249', '250', '251', '252', '268', '269', '270', '271', '272', '288', '289', '290', '291', '292', '308', '309', '310', '311', '312']
['273', '274', '275', '276', '277', '278', '279', '293', '294', '295', '296', '297', '298', '299', '313', '314', '315', '316', '317', '318', '319', '333', '334', '335', '336', '337', '338', '353', '354', '355', '356', '357', '358', '359', '373', '374', '375', '376', '377', '378', '379', '394', '395', '396', '398', '399', '400', '401']
['402', '403']
['404', '405']
['406', '407']
['408', '409']
['410', '411']
['412', '413']
['414', '415']
['416', '417']
['418', '419']
['128']
['120']
