['FMU', 'BLK', 'BBZ', 'PYK', 'SFB', 'DJA', 'LMU', 'HPH', 'ZBF', 'PVQ', 'IYH', 'VMW', 'KLM', 'YKQ', 'QCJ', 'CCY', 'QRE', 'FUR', 'FCU', 'NHA', 'BRY', 'QNG', 'QTQ', 'MZP', 'DCZ']
['FPT', 'AYJ', 'SCS', 'YSP', 'ULP', 'UOM', 'DTW', 'OEN', 'QJK', 'MCI', 'PZA', 'PTX', 'DWU', 'UDD', 'WWT', 'ASO', 'NTW', 'FQC', 'ZIT', 'XFW', 'MNB', 'VTH', 'ECG', 'MWQ', 'NDJ']
['WCD', 'EAA', 'ITN', 'WDF', 'LZP', 'VCY', 'DMH', 'PBP', 'CFP', 'IQJ', 'JGS', 'ZGL', 'XEO', 'JSL', 'LJA', 'AIM', 'QMI', 'LHQ', 'FXI', 'AQN', 'MUL', 'ESU', 'NXI', 'XKQ', 'DNE']
['DFW', 'SMM', 'XRV', 'KUO', 'TMD', 'NPS', 'SCX', 'GMF', 'RIX', 'ALI', 'ABC', 'QLH', 'KDV', 'XVQ', 'TWL', 'QIK', 'NDI', 'WZL', 'JWQ', 'GBL', 'JXM', 'YTR', 'HXF', 'XCX', 'IUY']
['LXJ', 'BZI', 'FSW', 'VAC', 'NQL', 'KNO', 'HGF', 'BHL', 'OXU', 'FKU', 'GPH', 'VZX', 'HUN', 'RYE', 'SGO', 'UNW', 'VWX', 'QTJ', 'QFE', 'HQB', 'WED', 'YLS', 'EOF', 'TMR', 'SUQ']
['WSD', 'FTE', 'LZE', 'EUK', 'TQB', 'LWH', 'CDW', 'NFI', 'EKJ', 'INO', 'PGE', 'IKB', 'UTL', 'RDG', 'BDX', 'QDB', 'UZY', 'GPL', 'HZF', 'ZQN', 'VYF', 'EPR', 'VXB', 'RNM', 'JKL']
['NGH', 'KEQ', 'MYN', 'CEY', 'RKO', 'SQR', 'DAT', 'YEN', 'OCI', 'SRP', 'QVI', 'POC', 'YYJ', 'ZFO', 'WIF', 'YPX', 'SUT', 'IFU', 'TBT', 'IKN', 'KVD', 'XPW', 'SCZ', 'RKH', 'YOA']
['WJI', 'MSC', 'WCB', 'YKH', 'VQR', 'WTX', 'BEQ', 'IEK', 'JZA', 'FWA', 'BCI', 'RYA', 'CJB', 'SNS', 'EBB', 'JHO', 'NJD', 'UKF', 'CXP', 'JME', 'GGM', 'WWL', 'MED', 'IDO', 'WGY']
['FDS', 'GXJ', 'KVY', 'IAM', 'LLX', 'JMO', 'TUK', 'NDB', 'HTW', 'TFQ', 'JXZ', 'XIY', 'IPK', 'ELO', 'SNW', 'MLN', 'JZV', 'SDH', 'YWW', 'YER', 'SFJ', 'AJB', 'FWB', 'FEV', 'JII']
['PAX', 'VRD', 'XHQ', 'HNC', 'ZFK', 'JDC', 'YVQ', 'KXZ', 'EBA', 'RZW', 'BTJ', 'GGP', 'YYG', 'OVZ', 'UHE', 'MSE', 'RSG', 'PIL', 'FTI', 'SYQ', 'ZFU', 'SNM', 'LUT', 'TFN', 'VFM']
['QLI', 'EDD', 'YDL', 'PCL', 'TVY', 'CFJ', 'DYU', 'DXK', 'SRB', 'BJR', 'GEF', 'UIO', 'SAQ', 'XJW', 'NWB', 'EZU', 'ROL', 'DHT', 'YDT', 'XNY', 'CGD', 'RIA', 'DMN', 'GSB', 'MIE']
['QIB', 'GLR', 'LBW', 'JTZ', 'QTR', 'WER', 'PAS', 'IKW', 'UFK', 'KSW', 'MOH', 'JJB', 'YNR', 'ZJU', 'TKB', 'UGW', 'EQX', 'ALG', 'KAJ', 'MJR', 'TGW', 'QAM', 'GUE', 'AGI', 'WMY']
['HYW', 'IPG', 'NGI', 'RUR', 'MAC', 'TSS', 'IDJ', 'MJV', 'YTQ', 'JVR', 'RBJ', 'APD', 'CRF', 'ZRO', 'KMD', 'THJ', 'TVZ', 'ZBU', 'EWG', 'GUR', 'SFK', 'ALL', 'XDE', 'CUZ', 'WUI']
['RNU', 'LTC', 'VFV', 'NLS', 'MLH', 'MVB', 'EEA', 'OLD', 'XQI', 'CNU', 'GUN', 'CYA', 'SFD', 'JZY', 'DTU', 'BFH', 'IIT', 'WHJ', 'YAR', 'PME', 'WKY', 'IUE', 'CHR', 'DMP', 'KNZ']
['WYK', 'ARM', 'NLI', 'RXD', 'AZD', 'EDP', 'GFL', 'XWK', 'XEN', 'HCD', 'JMT', 'GGA', 'HHK', 'VWR', 'FPR', 'XVF', 'ELJ', 'YYU', 'AMV', 'HBC', 'FWN', 'QEP', 'MMS', 'ZCY', 'YKR']
['CHA', 'EBY', 'HXZ', 'TQM', 'KJN', 'QZB', 'FXH', 'HPV', 'WJS', 'ZPA', 'IYD', 'NXU', 'PKK', 'PON', 'HJA', 'IPY', 'YHX', 'OII', 'QBJ', 'YUG', 'MIN', 'AUL', 'ARV', 'NSI', 'OZT']
['BIN', 'DRX', 'FOD', 'UCH', 'DTS', 'PMO', 'SQS', 'AHE', 'PAU', 'XXQ', 'LHD', 'POJ', 'SCK', 'BCW', 'QYA', 'FOW', 'AYK', 'MVS', 'PJW', 'YSM', 'RSJ', 'FHI', 'TGH', 'NOP', 'YKF']
['GUT', 'TDJ', 'ZKY', 'HGD', 'NUG', 'ACP', 'UMO', 'PVS', 'RJS', 'HMT', 'FTL', 'WLU', 'ODG', 'PDU', 'FJH', 'YYC', 'KMP', 'OFJ', 'KLS', 'RYT', 'KZQ', 'MUV', 'UKO', 'NNG', 'LOQ']
['JOQ', 'XOE', 'SUP', 'CAO', 'FCJ', 'CZB', 'HIG', 'PGO', 'SGT', 'IPV', 'RUP', 'UEN', 'IFO', 'AWX', 'SDF', 'TLC', 'CGQ', 'MUO', 'LZI', 'TBN', 'ONX', 'CIH', 'MBZ', 'GUQ', 'KLZ']
['OON', 'ZCF', 'LWA', 'GYM', 'UHU', 'IIY', 'ZNQ', 'GWT', 'FJL', 'UZU', 'DAW', 'DOT', 'DZR', 'CDZ', 'JUQ', 'FXX', 'LGP', 'POR', 'OHR', 'ACJ', 'TFT', 'YSD', 'VMJ', 'QQN', 'KLV']
