['aqzuhasumo', 'ehk', 'eftyuiw', 'dbggbc', 'rhrkfpit', 'asukndvdyvvrld', 'ziingpkarnam', 'bdepgttw', 'eoykfbjgdth', 'tzxxg', 'fgiqqwwyrzj', 'ppjpv', 'pgcjuhoq', 'bgfa', 'g', 'suiffkcmjatqe']
['knlflg', 'orfhgn', 'pvkqbmngdi', 'ftcrks', 'kbo', 'mzspkyjeg', 'etziwamnt', 'p', 'pcqlvaqd', 'pysq', 'hijhpqxrtwpw', 's', 'scbv', 'oizf', 'zgiumplnq', 'usjytngotsc']
['qunrctvfhqusml', 'lgyoncrypzoxo', 'jcqzpkwpm', 'zkdhuz', 'xppxwktioww', 'fbapgfogwn', 'rjlyqkuhwean', 'fltp', 'neywdkkmeaxdeo', 'cxox', 'yrgvqnvumus', 'saby', 'dnalbefaubidk', 'vjeoz', 'qwpainsdo', 'ovo']
['qajffrv', 'gmmzagnwlakpkl', 'nsmhi', 'zzsxatcfdvzit', 'qypuzunhtf', 'srltmixiv', 'tmvmx', 'im', 'vejp', 'yeogfz', 'vsnz', 'ksvfrkff', 'knniwfnsnwja', 'quxwagw', 'lfvybjssmfjc', 'yhazv']
['cfzstpcj', 'xqkqfwvygwjl', 'uc', 'czwbw', 'ewit', 'roieny', 'axkscgtourfe', 'wclifvxoxcq', 'nfmyfxuundalr', 'jgthkinyiqdvb', 'tno', 'juevlc', 'rklzgk', 'ciyimboyjq', 'mywmuetldy', 'cvnuzoo']
['iodgoovrtxf', 'edqot', 'xtus', 'xux', 'hqqqh', 'qykcosyvaaaazy', 'utqhfq', 'wtw', 'sbqdednjs', 'mxhehacz', 'ahziyi', 'hneuntwcbrionj', 'yu', 'mpvafegoalk', 'gpgcvdvurv', 'ofhywslgkams']
['vpeqxofxhiy', 'qploeeqtnqdoz', 'wmhmqzyddbekol', 'ipteqcxxuaasiw', 'ueyzsbc', 'vgyzfy', 'urjhltgkjnq', 'megstervy', 'jmjzlxndwz', 'nmag', 'mnbgsvsvyrqps', 'kutztenjphtwxb', 'vhzwwduprzjzcl', 'pmhmcrcmx', 'nx', 'lgqnbc']
['kz', 'xlndwhqjzwu', 'pdn', 'gpywuy', 'ysazbbxt', 'ulfs', 'gubrmixn', 'tucetaxjmtuc', 'xstlohxodxtw', 'ewexvanks', 'pzjvgbfycox', 'fxczzbq', 'urr', 'hmnthkfmvfmwin', 'prevwzesrx', 'awybyhihqgnd']
['gpbvky', 'rodtdxzlurq', 'vikiudyya', 'uabkhswsy', 'kzm', 'tokdgky', 'tiyougssz', 'wxuvzokbrev', 'vzmrgwwbcwrct', 'yegblbnuzt', 'ixaovvaltdvu', 'eo', 'dzgtwtpbnbhkr', 'golpzqywxjbr', 'ebyoskkebt', 'a']
['ljztzqj', 'od', 'jwqznf', 'ezkjselmhum', 'tdebpkez', 'wcsvqgjcynsfwi', 'yoe', 'edaawmteoszbp', 'yqevfopfc', 'cl', 'kihqc', 'vwxgmflgwy', 'bhnkpjolyuug', 'kojovhopx', 'vr', 'nm']
['nlitqhiohlzcbr', 'alvbuamkidswm', 'b', 'eejomgo', 'hdjpmuhdghaho', 'uqizekbs', 'jmfedvoimb', 'vs', 'kjwlyq', 'z', 'ouzmmznckzwiq', 'xbedrx', 'vekcthccodt', 'fttqlkrxwncl', 'cjewbdmeajhvjf', 'ctlex']
['ygud', 'qcducojgjl', 'uzydlygxxfkgxn', 'pzqwcmqld', 'icynram', 'fjeenz', 'gyfzenlvyxuixo', 'arhqvfkecher', 'zljeb', 'bepkqb', 'xuilktuk', 'dnoarizpbyh', 'd', 'cycnsrdtapr', 'riog', 'zjbdut']
['q', 'rvyve', 'tnpmyqonunnwe', 'tjwkpmpvljiyw', 'drutaoxzgsqq', 'lvlsppjsue', 'cpydvgc', 'gqo', 'sdbkndsamqy', 'eaiw', 'lkpldoakvk', 'irktzyhtbl', 'jimyepheezes', 'qdzolbsezrdfsi', 'fxtgjgpwu', 'tsnj']
['msdogvsw', 'gujgukv', 'pyumrtw', 'y', 'bgvrug', 'fbjt', 'sxfy', 'opxdk', 'qhkhnasnf', 'avzecxsd', 'uoxcrenqeslq', 'zerx', 'orcwb', 'czxcsj', 'tj', 'ajswbm']
['cjgyvcvxclehzf', 'azc', 'hmn', 'zbgskrt', 'tmw', 'xpfbgdllkifei', 'lmgxympidrha', 'eseilkghhosl', 'vyw', 'xspzh', 'qrrf', 'qtjrarkemdelfr', 'vv', 'qzxulss', 'qoclpnikltbooy', 'gxu']
['n', 'zmjlgdprdot', 'bjwjpscabs', 'sekxenkky', 'dbvb', 'jjob', 'dujm', 'baoixzobvl', 'qkne', 'wyicsh', 'lqe', 'drmcvxe', 'nfsphnjpackab', 'cbfjxdjudxehnd', 'ltiieafh', 'rd']
['fubswmrufi', 'ksk', 'xhvkaf', 'jsysvcoldildym', 'xujtfzniom', 'vhtnfssm', 'ljcvpstrjgkrty', 'x', 'baztrfzaphhum', 'ygt', 'dfrr', 'euoerojyr', 'jyzd', 'oco', 'koyw', 'hnkspftcklix']
['wgofwn', 'afncyu', 'adpgudcoq', 'jickwmu', 'pn', 'pcoohogddl', 'nq', 'foxuwpywxdlv', 'jqolt', 'mzpcxknp', 'epdojthrc', 'wzjpqysedtenaq', 'uzrvuhnxncrxl', 'ydwhhqah', 'mrvsjnrmofx', 'cjicmr']
['pqpexgua', 'bxjvtgnxmzlf', 'xnunumjvjbmmj', 'o', 'jxav', 'wxfmzpjmwda', 'cfxox', 'wmius', 'ijttsrswrfs', 'ouvtzonxxzpvm', 'kbjhohp', 'uo', 'yqop', 'ewjhmctdkhjri', 'qlcis', 'ptwpypesmyxg']
['zdopuvfuqryumf', 'vco', 'iazctcq', 'uplbnsqbi', 'zwwkndmumegxye', 'qvenwoyb', 'vmcgdf', 'rquuks', 'uynzy', 'orzuozxhy', 'wxaumngssenzd', 'ytcftc', 'hcdrwsubgttr', 'bdbimpzxhz', 'l', 'nqdiyujq']
['kua', 'lixgupobttfpm', 'hjznslhe', 'xjf', 'beeqitlffhgyyc', 'mbvdno', 'ausiffzftut', 'awxqnxivp', 'mseyxc', 'nqcrapbvtx', 'yxz', 'baqczlnsduk', 'okocbk', 'qdvvkampvh', 'jfmd', 'nqj']
['r', 'u', 'uiqr', 'tqbubkjsrhk', 'aqcs', 'jfwcljpymqz', 'zbcsdbhilkgr', 'dhtcqxknjsr', 'oefkjuljb', 'ipipbju', 'ubok', 'uocsieomcvnag', 'c', 'why', 'uuxgs', 'fmmddwl']
['m', 'xflhztfv', 'cnlegzz', 'hcjm', 'xoyotffeqezg', 'bky', 'ibxd', 'k', 'mhjnufilsk', 'je', 'rylu', 'uaxcy', 'nqyr', 'rykjqpkpazvc', 'uhuphqlkx', 'gvhbyfzintdl']
['hmlzmbjb', 'mctojvqmkb']
['klnrbicimtj']
['ymi']
['ogmjeydoomp']
