['0', '1', '2', '16', '54', '55', '56', '57', '137', '138', '219', '220', '221', '222', '223', '224', '316', '317', '364', '365', '366', '367', '368', '337', '338', '339', '340', '341', '213', '214']
['3', '4', '5', '9', '29', '30', '192', '193', '194', '198', '199', '200', '279', '280', '281', '282', '323', '371', '215', '216', '217', '218', '238', '239', '328', '329', '330', '334', '335', '336']
['6', '7', '8', '17', '18', '19', '20', '21', '22', '23', '41', '42', '43', '87', '88', '89', '90', '91', '92', '93', '94', '95', '128', '129', '144', '145', '146', '147', '148', '195']
['10', '37', '74', '75', '106', '123', '124', '248', '249', '250', '251', '255', '256', '257', '258', '259', '286', '287', '314', '315', '369', '370', '381', '382', '383', '384', '351', '352', '390', '196']
['11', '12', '27', '160', '163', '164', '165', '166', '167', '168', '175', '176', '177', '178', '179', '180', '181', '182', '183', '184', '185', '186', '187', '206', '207', '208', '209', '210', '211', '212']
['13', '14', '15', '76', '77', '78', '79', '80', '130', '131', '132', '133', '134', '135', '136', '197', '234', '235', '240', '241', '252', '309', '310', '311', '312', '313', '333', '353']
['24', '25', '26', '40', '44', '45', '202', '203', '204', '205', '242', '243', '244', '245', '246', '247', '253', '254', '266', '267', '288', '289', '290', '291', '292', '298', '299', '300', '301', '302']
['28', '104', '105', '162', '225', '226', '236', '237', '276', '277', '278', '396', '397']
['31', '32', '118', '119', '125', '126', '127', '140', '141', '149', '188', '189', '190', '191', '260', '261', '262', '263', '264', '265', '358']
['33', '34', '35', '36', '59', '102', '103', '109', '110', '111', '112', '113', '114', '139', '231', '268', '269', '318', '319', '320', '321', '322', '359', '360', '361', '362', '363', '386', '398']
['38', '39', '52', '53', '81', '82', '96', '150', '151', '152', '153', '154', '155', '232', '233', '296', '297', '303', '304', '305', '306', '307', '308', '391', '392', '393', '394', '395']
['46', '47', '48', '49', '50', '51', '142', '143']
['58', '97', '98', '99', '100', '120', '121', '122', '161', '201', '227', '228', '293', '294', '331', '332', '342', '343', '344', '345', '346', '347', '348']
['60', '61', '62', '63', '64', '65', '66', '67', '68', '69', '70', '71', '72', '73', '115', '116', '349', '350']
['83', '84', '85', '86', '101', '107', '108', '117', '156', '157', '158', '159', '229', '230', '270', '271', '272', '273', '274', '275', '324', '325', '326', '327']
['169', '170', '171', '172', '173', '174', '283', '284', '285', '295', '355', '356', '357', '373', '374', '375', '376', '377', '378', '379', '380', '387', '388', '389']
['385']
['354']
['372']
['399']
