['GB', 'GI', 'CD', 'PY', 'IY', 'OR', 'ON', 'HB', 'BM', 'JF']
['OC', 'OB', 'MI', 'MY', 'MJ', 'RW', 'KM', 'BR', 'I', 'PB']
['LW', 'JU', 'JY', 'LK', 'EL', 'O', 'QA', 'GD', 'CT', 'GA']
['NV', 'NY', 'PT', 'TF', 'MK', 'TB', 'FS', 'EG', 'NO', 'K']
['LV', 'GR', 'RH', 'SP', 'NG', 'SJ', 'MZ', 'OH', 'OK', 'MD']
['JK', 'SU', 'BH', 'DB', 'FG', 'DM', 'OS', 'NT', 'ER', 'DI']
['CI', 'JB', 'IO', 'LS', 'NZ', 'SW', 'SV', 'FK', 'KT', 'GM']
['DS', 'MQ', 'GH', 'X', 'MN', 'JW', 'SL', 'Y', 'LQ', 'NX']
['EF', 'JA', 'PK', 'ST', 'LT', 'HW', 'OP', 'SC', 'BY', 'KO']
['KX', 'EW', 'SM', 'QG', 'DC', 'JS', 'SG', 'FF', 'LH', 'ME']
['CA', 'PJ', 'KE', 'FY', 'NC', 'KH', 'FJ', 'CV', 'Z', 'CP']
['HJ', 'MB', 'MA', 'KR', 'LI', 'CJ', 'OG', 'DK', 'KZ', 'GJ']
['GV', 'KI', 'II', 'LE', 'CE', 'KV', 'PX', 'JO', 'ES', 'SQ']
['QT', 'QS', 'PF', 'BO', 'BX', 'SD', 'DP', 'EU', 'EI', 'GU']
['CC', 'BA', 'LU', 'DG', 'NU', 'PU', 'QQ', 'A', 'PM', 'OI']
['PL', 'MT', 'G', 'HY', 'HC', 'ND', 'SZ', 'OE', 'BS', 'JI']
['FI', 'IF', 'IH', 'BV', 'KD', 'H', 'RV', 'ML', 'GY', 'GN']
['GE', 'LY', 'RF', 'OJ', 'MV', 'JL', 'BZ', 'F', 'HI', 'NK']
['HZ', 'FM', 'RR', 'HL', 'Q', 'SI', 'LB', 'RJ', 'CR', 'T']
['DZ', 'RA', 'QH', 'SK', 'HT', 'IJ', 'RP', 'OT', 'EY', 'ED']
['IG', 'LP', 'QI', 'QF', 'EH', 'IR', 'QB', 'PE', 'BE', 'LN']
['TE', 'DX', 'DO', 'CU', 'KY', 'RK', 'QV', 'MX', 'JD', 'QX']
['IL', 'U', 'HE', 'SN', 'RB', 'NH', 'PD', 'RZ', 'FZ', 'CN']
['CS', 'RT', 'HS', 'EM', 'FR', 'IZ', 'QE', 'BK', 'EO', 'BN']
['RY', 'PQ', 'N', 'QK', 'CW', 'C', 'CF', 'CH', 'BW', 'BG']
['LG', 'KG', 'KB', 'DR', 'GT', 'LM', 'OF', 'D', 'IW', 'E']
['QR', 'CG', 'RM', 'GW', 'FU', 'CL', 'HH', 'PG', 'OD', 'GG']
['HR', 'PS', 'MH', 'OX', 'OA', 'EZ', 'DY', 'IB', 'ID', 'MW']
['IC', 'IU', 'OL', 'MS', 'SF', 'IA', 'PN', 'NN', 'LJ', 'JZ']
['QP', 'SX', 'FN', 'CZ', 'PP', 'HM', 'BI', 'MG', 'GC', 'EN']
['HO', 'DF', 'GP', 'JH', 'HQ', 'KL', 'EB', 'FP', 'DQ', 'DW']
['QD', 'SR', 'SS', 'FV', 'LF', 'KJ', 'P', 'LO', 'CM', 'RL']
['IS', 'DD', 'OQ', 'GX', 'RG', 'EP', 'HG', 'IK', 'SO', 'PZ']
['GK', 'DV', 'OU', 'NI', 'LA', 'QW', 'NP', 'ET', 'DT', 'KW']
['OZ', 'JT', 'PH', 'NF', 'V', 'IN', 'JE', 'CX', 'RC', 'FL']
['IV', 'GL', 'PW', 'NS', 'GQ', 'DJ', 'EC', 'NM', 'FQ', 'PC']
['S', 'IX', 'NQ', 'HF', 'QN', 'GS', 'NR', 'QJ', 'IT', 'FW']
['RU', 'B', 'GO', 'QM', 'IP', 'FH', 'QY', 'HP', 'JJ', 'KK']
['JX', 'CY', 'BT', 'FD', 'HV', 'NE', 'HK', 'NW', 'PV', 'NA']
['LX', 'OY', 'PI', 'FT', 'DE', 'KP', 'BQ', 'NB', 'EX', 'SH']
['RX', 'RQ', 'FE', 'KQ', 'LZ', 'BC', 'RE', 'FC', 'LC', 'EQ']
['DH', 'NJ', 'MC', 'NL', 'BD', 'FO', 'SE', 'OO', 'RN', 'CQ']
['BF', 'MO', 'BL', 'BJ', 'EJ', 'MU', 'BB', 'EV', 'OV', 'TA']
['MF', 'JG', 'KA', 'IQ', 'LD', 'JN', 'LR', 'JC', 'JM', 'IE']
['QO', 'KU', 'HX', 'RI', 'RO']
['GF']
['BP']
['EE']
['PA']
['KF']
['OM']
['RS']
['JV']
['EA']
['FB']
['L']
['JP']
['DL']
['FX']
['MM']
['HA']
['MP']
['QZ']
['QL']
['W']
['OW']
['HN']
['EK']
['JR']
['HD']
['CB']
['MR']
['HU']
['JQ']
['KC']
['GZ']
['J']
['DU']
['KN']
['M']
['IM']
['CK']
['R']
['QC']
['TC']
['LL']
['DA']
['DN']
['KS']
['FA']
['SA']
['PO']
['QU']
['CO']
['PR']
['RD']
['SY']
['TD']
['SB']
['BU']
