['Harry', 'Kim', 'Joe', 'Chelsea', 'Pamela', 'Rocio', 'Tanya']
['Tammy', 'Delia', 'Dawn', 'Jason', 'Mona', 'Brittany', 'Mitchell']
['Wanda', 'Tracy', 'Arturo', 'Irene', 'Latonya', 'Regina', 'Anthony']
['Rory', 'Norma', 'Houston', 'Scotty', 'Larry', 'Esther', 'Shaun']
['Carroll', 'Isaac', 'Doris', 'Dorothy', 'Dwayne', 'Andre', 'Minnie']
['Tommy', 'Damian', 'Christiana', 'Maureen', 'Cheri', 'Tonya', 'Marion']
['Erica', 'Kelli', 'Kathryne', 'Bernard', 'Desiree', 'Ethel', 'Blanche']
['Matthew', 'Heather', 'Joy', 'Milton', 'Lillie', 'Jewel', 'James']
['Bruce', 'Antonietta', 'Judith', 'Megan', 'Josie', 'Brett', 'Melony']
['Olive', 'Alice', 'Carrie', 'Virgie', 'Tim', 'Tom', 'Mei']
['Bessie', 'Nellie', 'Janet', 'Vicky', 'Lela', 'Tommie', 'Colleen']
['Johnathan', 'Brenda', 'Stanley', 'Alex', 'Jessie', 'Fred', 'Corinne']
['Philip', 'Ralph', 'Timothy', 'Grace', 'Esperanza', 'Merle', 'Myra']
['Barbara', 'Lena', 'Jerome', 'Beverly', 'Kelvin', 'Toni', 'Steven']
['Laura', 'Stephen', 'Hazel', 'Cara', 'Dewayne', 'Justin', 'Warren']
['Russel', 'Brian', 'Zachary', 'Mary', 'Wilbur', 'Ada', 'Horace']
['Eduardo', 'Lakesha', 'Jami', 'Mildred', 'Lowell', 'Emerson', 'Kathryn']
['Darrin', 'Nathaniel', 'David', 'Mamie', 'Jodi', 'Ella', 'Argentina']
['Donald', 'Martha', 'Ashley', 'Antoinette', 'Roy', 'Mae', 'Antonio']
['Vance', 'Jewell', 'Patricia', 'Charlotte', 'Harriet', 'Debbie', 'Allen']
['Rena', 'Darryl', 'Oscar', 'Vera', 'Mavis', 'Mireya', 'Johnnie']
['Phillip', 'Raymond', 'Cathleen', 'Kathleen', 'Arline', 'Mari', 'George']
['Erik', 'Evan', 'John', 'Sam', 'Marjorie', 'Cameron', 'Clyde']
['Lucy', 'Justine', 'Adam', 'Brandon', 'Lisa', 'Lidia', 'Donna']
['Dan', 'Alberta', 'Carla', 'Hilton', 'Cheryl', 'Alonzo', 'Pat']
['Sheldon', 'Ladonna', 'Loretta', 'Melanie', 'Krista', 'Henry', 'Clifford']
['Roger', 'Josephine', 'Marta', 'Dennis', 'Patsy', 'Johnny', 'Fredrick']
['Claudia', 'Dolores', 'Claire', 'Joan', 'Shane', 'Bernadette', 'Roberta']
['Beatrice', 'Victor', 'Albert', 'Emilee', 'Pauline', 'Annie', 'Melvin']
['Steve', 'Shelly', 'Margaret', 'Christine', 'Clara', 'Derrick', 'Kristina']
['Stephanie', 'Matt', 'Kimberly', 'Cyndy', 'Hillary', 'Roberto', 'Marla']
['Reggie', 'Hector', 'Catherine', 'Janice', 'Maryann', 'Thelma', 'Paul']
['Wade', 'Sandra', 'Porfirio', 'Kenny', 'Rhonda', 'Jammie', 'Carlos']
['Lester', 'Rafael', 'Devon', 'Gordon', 'Abdul', 'Robert', 'Cynthia']
['Marcus', 'Laurie', 'Fletcher', 'Rueben', 'Christian', 'Juan', 'Karen']
['Erma', 'Gary', 'Shawn', 'Leo', 'Martin', 'Curtis', 'Trenton']
['Lexie', 'Joshua', 'Kristen', 'Maybell', 'Lorenzo', 'Ernest', 'Katrina']
['Danielle', 'Tabatha', 'Raquel', 'Carlton', 'Katie', 'Hugo', 'Anita']
['Isabelle', 'Cesar', 'Dena', 'Louise', 'Tiara', 'Randall', 'Peggy']
['Betty', 'Lydia', 'Cedric', 'Elizabeth', 'Bernie', 'Rick', 'Paula']
['Jessica', 'Teresa', 'Susan', 'Louis', 'Emily', 'Jane', 'Weldon']
['Angel', 'Gladys', 'Lauren', 'Octavia', 'Frances', 'Jacqueline', 'Phyllis']
['Kay', 'Doretha', 'Julia', 'Linda', 'Lucille', 'Gerald', 'Lorena']
['Carmen', 'Marybeth', 'Deborah', 'Wilfredo', 'Shante', 'Patrice', 'Ray']
['Sharon', 'Jonathan', 'Chris', 'Byron', 'Bonita', 'Walter', 'Kenneth']
['Tomas', 'Austin', 'Daniel', 'Alan', 'Matilda', 'Lottie', 'Benjamin']
['Jim', 'Amanda', 'Alvin', 'Kyle', 'Mario', 'Ruthie', 'Marge']
['Samantha', 'Pearl', 'Michael', 'Stacy', 'William', 'Guadalupe', 'Harriett']
['Sally', 'Leigh', 'Ronald', 'Rachel', 'Debra', 'Joseph', 'Joel']
['Dottie', 'Maria', 'Jasmine', 'Gregory', 'Elvera', 'Shirley', 'Quentin']
['Harold', 'Peter', 'Sheila', 'Terry', 'Geraldine', 'Hildegard', 'Ted']
['Daphne', 'Marie', 'Frank', 'Gene', 'Fay', 'Levi', 'Salvatore']
['Felipe', 'Charles', 'Jayne', 'Cindy', 'Michelle', 'Jeremy', 'Billie']
['Joyce', 'Gilbert', 'Edward', 'Carl', 'Earl', 'Craig', 'Diane']
['Carina', 'Julius', 'Vicente', 'Kurt', 'Carol', 'Leola', 'Samuel']
['Randy', 'Vickie', 'Lucia', 'Beatriz', 'Carole', 'Sarah', 'Eric']
['Esta', 'Colin', 'Deandre', 'Heidi', 'Patrick', 'Mark', 'Evelyn']
['Melissa', 'Ericka', 'Edwin', 'Sara', 'Jonathon', 'Kelly', 'Christopher']
['Adrian', 'Kristine', 'Noma', 'Rebecca', 'Helen']
['Bernice']
['Gale']
['Lawrence']
['Gerard']
['Victoria']
['Lizzie']
['Keith']
['Shawna']
['Barbra']
['Jeffrey']
['Iris']
['Anna']
['Gail']
['Jennifer']
['Luis']
['Carolyn']
['Ivan']
['Nicholas']
['Lori']
['Arthur']
['Theresa']
['Lacey']
['Maxine']
['Bobby']
['Rod']
['Monica']
['Robin']
['Todd']
['Nancy']
['Molly']
['Barry']
['Aileen']
['Renee']
['Newton']
['Ricardo']
['Douglas']
['Jeanette']
['Casandra']
['Andrea']
['Eunice']
['Ruth']
['Katherine']
['Jeffery']
['Eva']
['Chester']
['Brooks']
['Jean']
['Anne']
['Lorene']
['Jerry']
['Sulema']
['Sheryl']
['Frida']
['Jeff']
['Cleo']
['Gloria']
['Crystal']
['Manuel']
['Julie']
['Richard']
['Vanessa']
['Aron']
['Virginia']
['Thomas']
['Miriam']
