['1', '9', '20', '23', '28', '30', '47', '48', '49', '50', '58', '59', '60', '62', '68', '69', '72', '80', '83', '84', '88', '89', '91', '94', '100', '112', '121', '122', '128', '130', '140', '142', '148', '152', '158', '164', '174', '184', '192', '216', '221', '226']
['2', '3', '4', '11', '16', '17', '19', '21', '25', '29', '33', '34', '35', '38', '39', '44', '46', '52', '63', '74', '78', '85', '95', '98', '105', '109', '113', '114', '116', '118', '125', '129', '134', '139', '146', '156', '159', '160', '167', '168', '175', '178', '181', '183', '185', '191', '193', '195', '201', '202', '203', '212', '224', '227']
['5', '7', '12', '24', '26', '27', '32', '37', '40', '51', '56', '61', '67', '77', '81', '87', '90', '96', '103', '120', '124', '127', '131', '132', '133', '143', '144', '145', '154', '155', '161', '169', '170', '171', '172', '173', '176', '177', '182', '190', '196', '197', '200', '209', '211', '213', '219', '230', '232']
['6', '13', '22', '31', '36', '41', '45', '53', '54', '57', '65', '70', '75', '76', '82', '86', '93', '99', '106', '108', '115', '117', '119', '123', '135', '136', '147', '149', '151', '166', '180', '187', '188', '194', '199', '205', '206']
['8', '10', '14', '15', '18', '42', '43', '55', '64', '66', '71', '73', '79', '92', '97', '101', '102', '104', '107', '110', '111', '126', '137', '138', '141', '150', '153', '157', '162', '163', '165', '179', '186', '189', '198', '204', '208', '210', '214', '215', '217', '220', '222', '225', '228', '231', '236', '238']
['242']
['207']
['235']
['229']
['233']
['246']
['218']
['241']
['237']
['234']
['247']
['223']
['245']
['239']
['240']
['249']
['244']
['248']
['243']
['250']
