['B49939', '113E1F', 'DCB902', '1D39ED', 'F545E1', 'F85131', '1FBE40', 'D9180C', '6833E8', '511040', 'BB9072', '2D56C1', '7334F9', '026256', '9BAC71', 'EB9D60', '2B8F4B', '2D4D61', '93D432', '0264AF']
['9B09E5', 'BA6187', '992AEE', '49EB71', 'B56D74', 'B2A692', 'B8B01F', 'B2CB4D', '160ED4', '7F8E1D', '463E2C', 'C96CD6', 'D65E29', 'A911EF', '2B3DD7', 'CD5322', '3D830C', 'D363AB', '7FE1F2', '18D668']
['83ACF7', '7848BA', '54C37C', '1600AD', '9C5DCF', '5C0D69', '7AADBC', '326662', '1866E0', '7C730C', 'DBDDB5', 'B2C27D', '78DB65', '739ABF', '45CE10', '244528', 'F2B7FD', '4BD8B1', '0FC6EE', '5ADC6D']
['BA7ED0', '8254EB', 'AF83FA', '9DF876', '4BC7D0', 'A5F27A', 'E492E0', '9D8AD8', '01E026', 'BC38A8', '49EEB4', 'D883C0', 'EB7E6A', '189812', '4AE7C7', '6DCBC8', '38515C', '38EA17', '035E05', '24A4D1']
['9330C0', '3D4600', '1B06C5', '833C34', 'FBB00D', '09944C', '468F31', '1986A0', '364B78', '57FCD8', '848C87', '4BBAFA', '15AA36', '2C02B7', '206150', 'D31361', 'C8F1A7', '43F505', '82B105', '3B6837']
['B32674', 'CC9A13', '0C4437', '66F8EA', '56B4C2', '42EE34', '1C3933', '76131B', 'D2BDB6', '90E78E', '846154', '26DB4C', '605983', '1656DC', 'C60FE7', 'D98FB6', 'B4257C', '83752D', 'B6ACFC', '861E09']
['0231A4', 'FD1DAC', '565E46', '292CB3', '177A03', 'D50881', '2F584A', '77EB41', '72D023', '420711', 'C0A19A', '316244', '3CB50A', 'F1DB81', 'F4C13E', 'E277CB', 'E0044F', 'D8849E', 'F33ACF', '81E0FA']
['1D9893', '14A3E7', '3235BA', 'F448AE', 'EED7BB', '1350AD', '187923', '601CA7', '9923B4', '31C6A3', '219F75', '95F017', '3E7F60', 'C2A74D', 'D8492F', 'C3678B', 'AC34B5', '1743CD', '8F75EC', '5AF312']
['22394B', '5D4F2F', '82BD08', 'E9F19A', '92C42A', '7B325B', '29267F', '3FAE1E', '0D6A28', '6C1A62', 'FCB503', 'B38307', '9C0B9D', 'D2EB79', 'EF37A6', '7647CD', '4D74EB', '5E4F6B', 'F3EDD7', '4AC817']
['33ABEE', '52FB79', 'D049CD', 'CBE0EA', '6EEE66', '9C4CA5', '068D28', '2B8E0B', '0A3E48', '04279E', '40C7FF', '0AC7A0', 'E8C5B8', 'C1CAB9', 'B00B7F', '75002A', 'B78EF9', '5C016B', '718436', '29BFBC']
['62BC31', '1E571E', 'CED5FC', 'E8A38A', 'FAB638', 'D2F8E5', 'FC75E7', '26C6B9', 'D0E36A', '94AED5', '69FD70', '7C8A3D', 'DDA295', '593840', '7FADE3', '380FF7', '88FFF8', '4EBF50', 'EFBA0C', '5ABFA9']
['F13455', '0AFD91', '4C0FCD', '539972', '9C4F00', 'F9EB1F', 'C19610', '5A681E', 'C9EF6D', '4FCF52', '4C1D36', '8FF839', '882258', '58ED2B', '2E4B9D', '18AEFC', '51197D', '75C017', '7D4045', '2BEC39']
['A89402', '628552', '5BEDDF', 'FECCAB', 'B85F11', '19EFAF', '46371B', 'B6FA16', '74ADA7', '608F21', '3F75A9', 'CC4384', '73271F', '552199', '5E2607', '6AFCAC', 'FE7E47', 'E15D93', '823C51', '47063A']
['A4FCD1', 'B0F05D', '52BFE5', '3A0D10', 'E77DD8', 'C54164', '1D528C', '7CC3A7', 'E33128', 'ABE83F', '6D4DDC', '1DD8D0', 'FD33F7', 'E46F9E', '273165', 'C5416A', '747199', '97D861', '77042F', '81A0D3']
['41AFC9', 'F4EDF8', '8883AC', 'F1B367', 'D0E5BE', '55B952', '672145', '6C3CD5', '34ACF3', 'F7F9CB', 'AD6105', 'E81232', 'D83AF7', '503A55', '89A551', '5C91EE', '3D046E', '28CCA5', '1F4650', 'B13536']
['1D4417', 'BE3703', 'F32B0B', 'DE6241', 'E2701A', '400D20', 'D6F426', '00C269', '8DF985', '1A770B', '865328', '478A7C', '593AF4', '30EA83', '81A856', 'E1A380', '03B42D', '39CAB7', '052CC7', '5451FF']
['0C3AFF', 'A03FB7', 'E191B0', '5B4152', '29D22B', '8AC55C', '8806E7', '5D5C76', '4430C2', 'B166D1', 'FBF275', 'E93252', 'C0EA59', '5A5DE8', '0525B9', '9ABAFB', 'D78522', 'D324E7', 'C69699', 'EB90EE']
['60B803', 'CD374A', '3EF396', '25B295', '369765', 'C34593', 'AB96B9', '5F88E7', '5C4F81', '36FCBF', '7B306C', '20C0D0', 'C4882F', '2F46CD', 'D79D49', '73F93C', '6E3DED', '893D61', '98497D', '2819EE']
['88E0AE', '09CFE9', 'EC35B5', '87EE7F', '5248A9', '414B77', '35DA72', '2E6B38', '1D0C35', '029563', '82F466', '66B93A', '8BEC15', '4DBE20', '2961DB', 'B0C2D3', '917501', '770A4C', '920715', '6D4C8F']
['3963FC', 'D78532', '31B801', '0FE5DD', 'EC2626', 'CC66B0', 'F28C7F', 'B4BD91', 'CB5EDA', 'E4C3BA', 'DF5F9C', '9CE56C', '4E8355', 'EE9200', '80F9BC', '5C5B8D', 'CA893B', '8D43AD', '935873', '0B99EF']
['09FFA6', '81DA52', 'FCD63D', 'EEF23E', '71AE93', '4A32EA', '3E6399', 'A4EAD9', '940AC5', 'DFE9C6', '8EC8D8', '1CAAAC', '9FCB42', '943005', '0E6FA7', '255208', 'A4F4BB', '923B8C', 'CC08F5', '037831']
['C07CCC', 'DB6CBF', 'A1D29E', 'AAAF0B', '1D216B', '1E0B30', '66547C', '85CFC7', '31B17E', '34E9FE', 'CE0D10', '0E78AA', '415552', 'EDB261', '2D2248', '6E7E64', '66C38E', '118FE2', '8E8C76', '05F2DC']
['10BBE1', 'A0DDCD', '3228BB', '5332A9', '26B294', 'F61AD7', '05473A', '89372A', 'D6DD9E', 'E479C8', 'FB3B86', '78E144', 'FF3177', 'F9011B', '8ECA84', '2DE42A', 'C748A2', 'E4F6EF', '77B9A5', '696B37']
['98B1CA', 'FFD642', '398310', '8963E1', 'F8B91A', 'BB986B', 'E7EFA5', '99392B', 'F37211', '9D6554', 'A34095', 'DF44F5', '1330B3', '5BC875', '94C20E', '26DA83', '929578', '6246E1', 'D8A834', 'E3583F']
['43FE78', '6C5208', '2215AE', '2EDC82', '5A3E90', 'B2C529', '099A40', 'E1B665', 'BCD2F5', '0CFFC9', 'DBF47C', '30C157', '00CD58', '71AC6D', 'BE5B1D', '99E133', 'DDB7C8', '6BF4D3', '1F6554', 'EB3718']
