['Orsa', 'Tiphanie', 'Charita', 'Mair', 'Kathleen', 'Shanie', 'Cherilynn', 'Claudie', 'Charmine', 'Missy', 'Patty', 'Gale', 'Anabel', 'Lorie', 'Anastassia']
['Rowena', 'Carroll', 'Gaby', 'Emelda', 'Estele', 'Kathy', 'Andie', 'Kiele', 'Erminia', 'Anabelle', 'Malva', 'Katti', 'Paige', 'Lira', 'Fernande']
['Joelly', 'Inga', 'Cristen', 'Amalee', 'Quintana', 'Camala', 'Cristabel', 'Selinda', 'Laverne', 'Opal', 'Fawnia', 'Dita', 'Cassondra', 'Oliy', 'Zulema']
['Alexandrina', 'Stesha', 'Livy', 'Lesly', 'Austina', 'Yovonnda', 'Dorine', 'Carri', 'Morena', 'Corinne', 'Doroteya', 'Willi', 'Clemence', 'Sileas', 'Jaynell']
['Marcie', 'Row', 'Shirl', 'Carla', 'Neile', 'Yetta', 'Oralee', 'Shoshana', 'Caryn', 'Silva', 'Clemmie', 'Danni', 'Roxane', 'Rosamond', 'Peg']
['Cheslie', 'Drusy', 'Karie', 'Ruperta', 'Sandie', 'Kara', 'Clarissa', 'Avivah', 'Tiffany', 'Adriane', 'Hedwiga', 'Marijo', 'Ranice', 'Dotti', 'Veradis']
['Moyna', 'Estella', 'Paulina', 'Kittie', 'Roslyn', 'Winifred', 'Daphene', 'Dena', 'Rhodia', 'Rivkah', 'Agnese', 'Agneta', 'Kaitlynn', 'Monique', 'Rosene']
['Brigitte', 'Doris', 'Beatrice', 'Sherrie', 'Harriet', 'Vanni', 'Dee', 'Leda', 'Idalina', 'Eve', 'Jesse', 'Nicoli', 'Erica', 'Georgiana', 'Jen']
['Mella', 'Janice', 'Lydie', 'Nancie', 'Korney', 'Sheila', 'Cristionna', 'Cindie', 'Tallie', 'Stephannie', 'Zenia', 'Rhody', 'Casi', 'Teddi', 'Gae']
['Kellsie', 'Xylina', 'Faythe', 'Meggi', 'Birgitta', 'Marlena', 'Agnes', 'Annice', 'Agatha', 'Lani', 'Allene', 'Kellie', 'Fredericka', 'Kala', 'Allie']
['Mufinella', 'Eolanda', 'Bonita', 'Britteny', 'Vicky', 'Eran', 'Nanon', 'Jorrie', 'Gavra', 'Chelsy', 'Mirna', 'Sonni', 'Terese', 'Addi', 'Idelle']
['Euphemia', 'Tamara', 'Colline', 'Kaitlin', 'Mechelle', 'Mei', 'Yolanda', 'Jessamyn', 'Gabbie', 'Diahann', 'Angelica', 'Natalya', 'Nissie', 'Tim', 'Melloney']
['Collete', 'Jemie', 'Catha', 'Else', 'Bekki', 'Delly', 'Martina', 'Thia', 'Ingunna', 'Adiana', 'Randie', 'Leanora', 'Josepha', 'Madelena', 'Melinde']
['Haley', 'Lorain', 'Tamra', 'Pammy', 'Conchita', 'Marisa', 'Yoshi', 'Krissy', 'Edith', 'Marabel', 'Alia', 'Fania', 'Marlie', 'Helyn', 'Vonni']
['Anette', 'Bridgette', 'Elvera', 'Jacqui', 'Stormi', 'Netty', 'Gerry', 'Ramonda', 'Diane', 'Tanitansy', 'Sadye', 'Rosana', 'Kathryn', 'Kania', 'Marcella']
['Ronnica', 'Eulalie', 'Tarra', 'Lorena', 'Sula', 'Marris', 'Lynnet', 'Brear', 'Latisha', 'Sofie', 'Tiffy', 'Gwennie', 'Fran', 'Della', 'Bertie']
['Alyson', 'Serena', 'Rita', 'Belle', 'Matilde', 'Julie', 'Millisent', 'Myrtle', 'Lotte', 'Valli', 'Desiri', 'Sile', 'Dyane', 'Anabal', 'Demetria']
['Maddalena', 'Corly', 'Nicki', 'Dominica', 'Brunhilda', 'Nelie', 'Andromache', 'Arlee', 'Lulu', 'Ulrike', 'Debora', 'Aviva', 'Vinni', 'Stefa', 'Brook']
['Lisette', 'Reggi', 'Mariellen', 'Cassandra', 'Gianina', 'Antonietta', 'Bernice', 'Risa', 'Noreen', 'Frankie', 'Ansley', 'Tani', 'Babara', 'Joanna', 'Nedda']
['Cathryn', 'Athena', 'Hortense', 'Briny', 'Georgeanne', 'Sada', 'Flory', 'Jolie', 'Brittan', 'Britney', 'Johanna', 'Starlin', 'Maxie', 'Noell', 'Lyda']
