['am', 'James', 'Alexander', 'Matthew', 'Jackson', 'Dylan', 'Eli', 'Nolan', 'Nicholas', 'Elias']
['Noah', 'Elijah', 'Oliver', 'Samuel', 'Asher', 'Colton', 'Dominic', 'Ian', 'Jaxson', 'Cooper']
['William', 'Ethan', 'Luke', 'Gabriel', 'Grayson', 'Levi', 'Connor', 'Adrian', 'Cameron', 'Chase']
['Logan', 'Mason', 'Jacob', 'Lucas', 'Henry', 'David', 'John', 'Owen', 'Anthony', 'Jack']
['Benjamin', 'Joshua', 'Christian', 'Hudson', 'Easton', 'Jordan', 'Jose', 'Roman', 'Sawyer', 'Leonardo']
['Michael', 'Wyatt', 'Christopher', 'Jeremiah', 'Alex', 'Elliott', 'Edward', 'Preston', 'Brooks', 'Richard']
['Daniel', 'Joseph', 'Carter', 'Aaron', 'Josiah', 'Landon', 'Leo', 'Ezra', 'Ezekiel', 'Tyler']
['Aiden', 'Isaac', 'Bryson', 'Parker', 'Zachary', 'Tristan', 'Kai', 'Maddox', 'Jonah', 'Waylon']
['Sebastian', 'Julian', 'Andrew', 'Mateo', 'Jaxon', 'Isaiah', 'Jonathan', 'Evan', 'Jace', 'Jason']
['Jayden', 'Charles', 'Angel', 'Brayden', 'Cole', 'Declan', 'Justin', 'Juan', 'Miguel', 'Dean']
['Nathan', 'Theodore', 'Austin', 'Adam', 'Bentley', 'Silas', 'George', 'Ryker', 'King', 'Elliot']
['Cody', 'Joel', 'Maximus', 'Israel', 'Remington', 'Tobias', 'Amari', 'Aidan', 'Sean', 'Santiago']
['Manuel', 'Bennett', 'Luca', 'Jayce', 'Beau', 'Antonio', 'Abraham', 'Kaleb', 'Jesse', 'Oscar']
['Nicolas', 'Kyle', 'Jax', 'Brady', 'Zander', 'Jake', 'Clayton', 'Riley', 'Archer', 'Dallas']
['Jorge', 'Andre', 'Damien', 'Kameron', 'Louis', 'Rylan', 'Reid', 'Kaden', 'Bryan', 'Myles']
['Beckham', 'Beckett', 'Felix', 'Vincent', 'Wesley', 'Max', 'Amir', 'Victor', 'Finn', 'Karter']
['Griffin', 'Gael', 'Jeremy', 'Lorenzo', 'Peter', 'Thiago', 'Derek', 'Arthur', 'Corbin', 'Colt']
['Emerson', 'Tanner', 'Kayden', 'Harrison', 'Carlos', 'Kingston', 'Jesus', 'Camden', 'Patrick', 'Marcus']
['Cash', 'Kyrie', 'Andres', 'Lukas', 'Colin', 'Bradley', 'Barrett', 'Lincoln', 'Ryan', 'Thomas']
['Nash', 'Caleb', 'Hunter', 'Robert', 'Greyson', 'Maverick', 'Axel', 'Miles', 'Ryder', 'Giovanni']
['Enzo', 'Malachi', 'Tucker', 'Rhett', 'August', 'Dawson', 'Zane', 'Judah', 'Charlie', 'Knox']
['Eduardo', 'Matias', 'Killian', 'Adriel', 'Francisco', 'Simon', 'Chance', 'Rafael', 'Damian', 'Ashton']
['Iker', 'Calvin', 'Bryce', 'Grant', 'Graham', 'Jasper', 'Messiah', 'Xavier', 'Gavin', 'Ayden']
['Ace', 'Kevin', 'Everett', 'Weston', 'Brandon', 'Braxton', 'Diego', 'Kaiden', 'Brody', 'Jude']
['Emiliano', 'Alan', 'Hayden', 'Avery', 'Matteo', 'Alejandro', 'Zion', 'Kenneth', 'Milo', 'Paul']
['Martin', 'Omar', 'Jaden', 'Josue', 'Erick', 'Phoenix', 'Stephen', 'Carson', 'Jameson', 'Micah']
['Karson', 'Nathaniel', 'Luis', 'Emmett', 'Maxwell', 'Ivan', 'Rowan', 'Eric', 'Abel', 'Blake']
['Emilio', 'Emmanuel', 'Xander', 'Timothy', 'Brantley', 'Steven', 'Zayden', 'River', 'Mark', 'Paxton']
['Finley', 'Brian', 'Caden', 'Javier', 'Cayden', 'Holden', 'Leon', 'Legend', 'Gunner', 'Walter']
['Theo']
