['Ryan', 'Juan', 'Nicole', 'Joseph', 'Mark', 'Tim', 'Dawn', 'Rosie', 'Kaitlyn', 'Karren', 'Nola', 'Alicia', 'William', 'Adam', 'Miguel', 'Marilyn', 'Marie', 'Edward', 'Marlene', 'Shannon', 'James', 'Cory', 'Lynne', 'Connie', 'Hugh', 'George', 'Vella', 'Belinda', 'Christopher', 'Bertha', 'Melanie', 'Derrick', 'Carol', 'Ralph', 'Travis', 'Constance', 'April', 'Lessie', 'Rosa', 'Darlene', 'Maria', 'Bradley', 'Dale', 'Polly', 'Fredda', 'Kisha', 'Blair', 'Toni', 'Jodi', 'Jeff', 'Irene', 'Gail', 'Leigh', 'Jimmy', 'Kenneth', 'Cesar', 'Willie', 'Doris', 'Andres', 'Alice', 'Ana', 'Eugenia']
['Pauline', 'Patricia', 'Douglas', 'Rachel', 'Ray', 'Tara', 'Kylie', 'Angela', 'Paul', 'Christian', 'Michael', 'Gerald', 'Cathy', 'Steven', 'Anna', 'Catherine', 'Winifred', 'Bessie', 'Bonnie', 'Eleanor', 'Mabel', 'Pete', 'Lorraine', 'Leticia', 'David', 'Cindy', 'Robert', 'Ruby', 'Donald', 'Morris', 'Carmen', 'Moses', 'Sharon', 'Wayne', 'Adele', 'Reginald', 'Stacy', 'Geraldine', 'Guy', 'Dorothea', 'Curtis', 'Pamela', 'Peter', 'Quintin', 'Lloyd', 'Joanne', 'Charlotte', 'Peggy', 'Deborah', 'Kathryn', 'Phyllis', 'Ernestine', 'Mildred', 'Ouida', 'Lonnie', 'Rosalee', 'Ellis', 'Winnifred', 'Suzie', 'Lana', 'Christina', 'Frederick']
['Michele', 'Richard', 'Evelyn', 'Myron', 'Mary', 'Roberto', 'Jesse', 'Kirk', 'Jose', 'Melissa', 'Warren', 'Robyn', 'Cheryl', 'Lane', 'Ruth', 'Lena', 'Tamika', 'Helen', 'Mack', 'Laurie', 'Brian', 'Ollie', 'Clyde', 'Krysten', 'Annette', 'Ursula', 'Scot', 'Hedwig', 'Jesus', 'Kevin', 'Lydia', 'Jason', 'Inez', 'Audrey', 'Matt', 'Nancy', 'Derek', 'Daniel', 'Sarita', 'Tommy', 'Marcella', 'Roger', 'Steve', 'Jorge', 'Kellie', 'Jayme', 'Gwen', 'Cassandra']
['Roy', 'Kelly', 'Mario', 'Pat', 'Martin', 'Fernando', 'Mike', 'Mae', 'Beverly', 'Loraine', 'Judith', 'Ronda', 'Corey', 'Margaret', 'Brandon', 'Marjorie', 'Joni', 'Kathleen', 'Eric', 'Frank', 'Victor', 'Berta', 'Latisha', 'Selina', 'Brenda', 'Tony', 'Linda', 'Annalee', 'Marion', 'Lillian', 'Gladys', 'Fredrick', 'Terry', 'Darrell', 'Therese', 'Amy', 'Francisco', 'Emery', 'Patrick', 'Nelson', 'Betty', 'Cornelius', 'Eva', 'Joshua', 'Jean', 'Craig', 'Lucie', 'Clarence']
['Thomas', 'Irving', 'Ann', 'Ida', 'John', 'Gregory', 'Joe', 'Edwin', 'Crystal', 'Morgan', 'Olivia', 'Jessica', 'Glen', 'Teresa', 'Robin', 'Glenna', 'Walter', 'Sylvia', 'Gordon', 'Deanna', 'Juanita', 'Emily', 'Wanda', 'Paula', 'Wesley', 'Anthony', 'Reuben', 'Phillip', 'Stephen', 'Don', 'Carole', 'Georgette']
['Pamella', 'Martha', 'Ronald', 'Debra', 'Charles', 'Rolf', 'Kerri', 'Shirley', 'Troy', 'Katherine', 'Gary', 'Stanley', 'Bobby', 'Karen', 'Norman', 'Jo', 'Dennis', 'Booker', 'Ernest', 'Donna', 'Virginia', 'Susan', 'Lisha', 'Harold', 'Everett', 'Antonio', 'Carl', 'Joann', 'Tracy', 'Jennifer', 'Marlin', 'Margarito', 'Elizabeth', 'Raul', 'Marian', 'Roberta', 'Eura', 'Justin', 'Philip', 'Elsie', 'Roosevelt', 'Beth', 'Andrew', 'Thelma', 'Janet', 'Pablo', 'Raymond', 'Dana', 'Herbert', 'Jane', 'Del', 'Veronica', 'Wallace', 'Carlos', 'Angelica', 'Jacob', 'Priscilla', 'Domingo', 'Josephine', 'Gloria', 'Rosalyn', 'Esther', 'Raeann', 'Natalie', 'Dorothy', 'Elia', 'Imogene', 'Rebecca', 'Ellen', 'Clayton', 'Margert', 'Jeffery', 'Harvey', 'Bernard', 'Burl']
['Alison', 'Christine', 'Albert', 'Stephanie', 'Alvin', 'Barbara', 'Mireya', 'Jeffrey', 'Kristine', 'Samuel', 'Heather', 'Freda', 'Leona', 'Sylvester', 'Judy']
['Caridad']
['Tanya']
['Andrea']
['Myriam']
['Rick']
['Ivonne']
['Reinaldo']
['Susanna']
['Marcelino']
['Lilian']
['Dawna']
['Gertrude']
['Fred']
['Diana']
['Arturo']
['Theodore']
['Cassie']
['Wendy']
['Alex']
['Reggie']
['Larry']
['Monica']
['Michelle']
['Lyle']
['Amos']
['Nina']
['Cecile']
['Tuan']
['Sheryl']
['Danielle']
['Jeremy']
['Carmelita']
['Mable']
['Wilson']
['Bruce']
['Sofia']
['Keri']
['Ashley']
['Lahoma']
['Laura']
['Louis']
['Andre']
['Seth']
['Erik']
['Miles']
['Jacque']
['Calvin']
['Alexander']
['Wilma']
['Sally']
['Beulah']
['Lucille']
['Gerardo']
['Alfred']
['Sam']
['Maureen']
['Maryann']
['Garrett']
['Theresa']
['Gilda']
['Rhonda']
['Marco']
['Jeanine']
['Eugene']
['Lulu']
['Matthew']
['Lucy']
['Glennie']
['Bethany']
['Ricky']
['Kristin']
['Marquerite']
['Grant']
['Ingeborg']
['Stacie']
['Willis']
['Janene']
['Danny']
['Lewis']
['Dean']
['Jonathan']
['Rafael']
['Lori']
['Laurence']
['Molly']
['Sherri']
['Viola']
['Stephany']
['Timothy']
['Chris']
['Norma']
['Lawrence']
['Cecilia']
['Emmie']
['Ward']
['Randolph']
['Raphael']
['Selma']
['Kim']
['Leanne']
['Will']
['Clarissa']
['Kerrie']
['Kimberly']
