['Kurtis', 'Chan', 'Tarah', 'Ok', 'Kristopher', 'Jeremy', 'Clinton', 'Deana', 'Hilario', 'Zoraida', 'Marvin', 'Piedad', 'Annabel', 'Tressa', 'Angeline', 'Kristi', 'Carson', 'Nicole', 'Yevette', 'Byron']
['Lue', 'Herlinda', 'Lilly', 'Leonard', 'Clarence', 'Alethia', 'Rima', 'Garret', 'Louella', 'Jade', 'Lorelei', 'Savanna', 'Stanford', 'Jeanette', 'Milissa', 'Pa', 'Susannah', 'Juliet', 'Marci']
['Son', 'Latia', 'Laticia', 'Antoinette', 'Darnell', 'Dorene', 'Alton', 'Winford', 'Doyle', 'Caitlyn', 'Lasonya', 'Shonda', 'Reita', 'Gisela', 'Destiny', 'Phylis', 'Margart', 'Odell', 'Princess']
['Shelton', 'Chun', 'Aaron', 'Kitty', 'Saul', 'Darwin', 'Dewitt', 'Roxane', 'Kylie', 'Claretha', 'Laraine', 'Amada', 'Randa', 'Retta', 'Arcelia', 'Kimbra', 'Irma', 'Rachael', 'Olevia']
['Ocie', 'Elicia', 'Kasey', 'Joan', 'Eugene', 'Zena', 'Garland', 'Naida', 'Eustolia', 'Marquis', 'Tamisha', 'Emmanuel', 'Stephani', 'Carolee', 'Marvis', 'Rolando', 'Raul', 'Valorie', 'Horace']
['Robert', 'Marlo', 'Alicia', 'Treena', 'Kendall', 'Millicent', 'Dewayne', 'Charisse', 'Alvera', 'Raleigh', 'Honey', 'Jefferey', 'Tracie', 'Marcella', 'Hillary', 'Debora', 'Oscar', 'Miranda', 'Rachel']
['Jeffrey', 'Alane', 'Jina', 'Trena', 'Felix', 'Whitney', 'Joelle', 'Leila', 'Glenda', 'Irena', 'Adah', 'Delmar', 'Vernia', 'Rodrigo', 'Glenna', 'Chas', 'Charmaine', 'Cortney', 'Refugio']
['Orval', 'Wes', 'Meagan', 'Ella', 'Claudie', 'Dong', 'Alex', 'Eloisa', 'Lezlie', 'Annamarie', 'Aretha', 'Kim', 'Rosalee', 'Vivien', 'Theo', 'Rosalba', 'Grant', 'Travis', 'Marquitta']
['Bertha', 'Hayden', 'Jami', 'Chang', 'Carmon', 'Inga', 'German', 'Michaela', 'Hassan', 'Nieves', 'Leilani', 'Alvin', 'Lauren', 'Marilynn', 'Logan', 'Verona', 'Clara', 'Porter', 'Tina']
['Riley', 'Jay', 'Gerard', 'Pearlie', 'Clifton', 'Beverley', 'Lola', 'Griselda', 'Kelly', 'Kris', 'Jacque', 'Johnny', 'Lizabeth', 'Sharilyn', 'Renetta', 'Altagracia', 'Edmond', 'Imogene', 'Xavier']
['Sharan', 'Chester', 'Nathalie', 'Camelia', 'Clarissa', 'Heide', 'Nadia', 'Oswaldo', 'Florencio', 'Hortense', 'Lucia', 'Elfrieda', 'Dagmar', 'Hershel', 'Tameika', 'Lashay', 'Fanny', 'Sheldon', 'Jan']
['Eufemia', 'Alexandra', 'Enola', 'Sharla', 'Ryann', 'Ema', 'Cleotilde', 'Marcie', 'Russell', 'Kareem', 'Florinda', 'Audie', 'Stanley', 'Jesus', 'Marion', 'Lyn', 'Freddie', 'Percy', 'Toya']
['Merrill', 'Joye', 'Chance', 'Hiroko', 'Helene', 'Hui', 'Naomi', 'Alfred', 'June', 'Vincenzo', 'Dora', 'In', 'Latoya', 'Leontine', 'Osvaldo', 'Elenora', 'Loren', 'Loura', 'Eve']
['Louise', 'Jennie', 'Darrel', 'Terry', 'Lamonica', 'Oneida', 'Janetta', 'Clarinda', 'Nickolas', 'Mariah', 'Isabel', 'Loria', 'Jama', 'Clarice', 'Tanisha', 'Neida', 'Harvey', 'Cristi', 'Sharell', 'Earnest']
['Frederic', 'Almeta', 'Kirstin', 'Spencer', 'Ron', 'Danita', 'Murray', 'Selma', 'Tai', 'Renea', 'Vernon', 'Lyndon', 'Taneka', 'Antonette', 'Mariano', 'Tamala', 'Cassie', 'Dusti', 'Houston', 'Dion']
['Trey', 'Shavon', 'Antonina', 'Ambrose', 'An', 'Lana', 'Lisa', 'Junior', 'Jae', 'Christiane', 'Esperanza', 'Deirdre', 'Tammi', 'Tyisha', 'Brendon', 'Allena', 'Oma', 'Elliott', 'Kay', 'Sherwood']
['Danial', 'Leonida', 'Elvie', 'Vada', 'Kyung', 'Elvia', 'Angella', 'Clyde', 'Hyun', 'Shaun', 'Marcos', 'Anabel', 'Randall', 'Rita', 'Susan', 'Nohemi', 'Easter', 'Dorthea', 'Joanne', 'Martin']
['Artie']
['Elena']
['Lucas']
['Gerardo']
['Xuan']
['Madison']
['Flavia']
['Alexa']
['Tiffani']
['Pinkie']
['Mariette']
['Bonnie']
['Sharlene']
