['0', '1', '8', '9', '14', '15', '3', '2', '5', '4', '7']
['10', '11', '18', '19', '24', '25', '6', '13', '12', '17', '16']
['20', '21', '28', '29', '34', '35', '23', '22', '27', '26', '33']
['30', '31', '38', '39', '44', '45', '32', '37', '36', '43', '42']
['40', '41', '48', '49', '54', '55', '47', '46', '53', '52', '57']
['50', '51', '58', '59', '64', '65', '56', '63', '62', '67', '66']
['60', '61', '68', '69', '74', '75', '73', '72', '77', '76', '83']
['70', '71', '78', '79', '84', '85', '82', '87', '86', '93', '92']
['80', '81', '88', '89', '94', '95', '97', '96', '103', '102', '107']
['90', '91', '98', '99', '104', '105', '106', '113', '112', '117', '116']
['100', '101', '108', '109', '114', '115', '123', '122', '127', '126', '133']
['110', '111', '118', '119', '124', '125', '132', '137', '136', '143', '142']
['120', '121', '128', '129', '134', '135', '147', '146', '153', '152', '157']
['130', '131', '138', '139', '144', '145', '156', '163', '162', '167', '166']
['140', '141', '148', '149', '154', '155', '173', '172', '177', '176', '183']
['150', '151', '158', '159', '164', '165', '182', '187', '186', '193', '192']
['160', '161', '168', '169', '174', '175', '197', '196', '203', '202', '207']
['170', '171', '178', '179', '184', '185', '206', '213', '212', '217', '216']
['180', '181', '188', '189', '194', '195', '223', '222', '227', '226', '233']
['190', '191', '198', '199', '204', '205', '232', '237', '236', '243', '242']
['200', '201', '208', '209', '214', '215', '247', '246', '253', '252', '257']
['210', '211', '218', '219', '224', '225', '256', '263', '262', '267', '266']
['220', '221', '228', '229', '234', '235', '273', '272', '277', '276', '283']
['230', '231', '238', '239', '244', '245', '282', '287', '286', '293', '292']
['240', '241', '248', '249', '254', '255', '297', '296', '303', '302', '307']
['250', '251', '258', '259', '264', '265', '306', '313', '312', '317', '316']
['260', '261', '268', '269', '274', '275', '323', '322', '327', '326', '333']
['270', '271', '278', '279', '284', '285', '332', '337', '336', '343', '342']
['280', '281', '288', '289', '294', '295', '347', '346', '353', '352', '357']
['290', '291', '298', '299', '304', '305', '356', '363', '362', '367', '366']
['300', '301', '308', '309', '314', '315', '373', '372', '377', '376', '383']
['310', '311', '318', '319', '324', '325', '382', '387', '386', '393', '392']
['320', '321', '328', '329', '334', '335', '397', '396', '403', '402', '407']
['330', '331', '338', '339', '344', '345', '406', '413', '412', '417', '416']
['340', '341', '348', '349', '354', '355', '423', '422', '427', '426', '433']
['350', '351', '358', '359', '364', '365', '432', '437', '436', '443', '442']
['360', '361', '368', '369', '374', '375', '447', '446', '453', '452', '457']
['370', '371', '378', '379', '384', '385', '456', '463', '462', '467', '466']
['380', '381', '388', '389', '394', '395', '473', '472']
['390', '391', '398', '399', '404', '405']
['400', '401', '408', '409', '414', '415']
['410', '411', '418', '419', '424', '425']
['420', '421', '428', '429', '434', '435']
['430', '431', '438', '439', '444', '445']
['440', '441', '448', '449', '454', '455']
['450', '451', '458', '459', '464', '465']
['460', '461', '468', '469', '474', '475']
['470', '471', '478', '479', '484', '485']
['476', '477']
['480', '481', '488', '489', '494', '495']
['482', '483']
['486', '487']
['490', '491', '498', '499']
['492', '493']
['496', '497']
