['AEY', 'AET', 'ADL', 'ADW', 'AEU', 'ADN', 'AFB', 'AED', 'ADR', 'AFC', 'AFJ', 'AFN', 'AEQ', 'AEM', 'AEH', 'ADV', 'AEL', 'AFF', 'AEI']
['AIY', 'AGE', 'AHK', 'AFS', 'AIP', 'AHN', 'AGY', 'AIU', 'AIH', 'AIE', 'AGT', 'AGH', 'AGQ', 'AHC', 'AII', 'AIM', 'AID', 'AIX', 'AHW']
['AOM', 'ANO', 'AOD', 'AMM', 'ALO', 'AJR', 'AMY', 'AJJ', 'ANZ', 'AKP', 'AMQ', 'ANS', 'ANF', 'ANN', 'ALW', 'AMT', 'AKL', 'AOH', 'AJG']
['ACD', 'ADK', 'ACP', 'ACM', 'ACI', 'ADJ', 'ACT', 'ADF', 'ADG', 'ADB', 'ACU', 'ACQ', 'ACE', 'ACL', 'ADC', 'ACX', 'ACH', 'ACY', 'ACV']
['AOQ', 'APJ', 'AQD', 'APK', 'AQA', 'APN', 'AOX', 'AQE', 'AQH', 'APC', 'APG', 'AQL', 'AOT', 'APW', 'AQI', 'APF', 'AQM', 'APB', 'AOY']
['ABH', 'ABG', 'AAW', 'AAX', 'AAV', 'AAY', 'ABB', 'ABC', 'ABF', 'ABA', 'AAZ', 'ABE', 'ABU', 'ABY', 'AOP', 'AON', 'APS', 'APO', 'APV']
['AAG', 'APR', 'AOO', 'AOU', 'APZ', 'APD', 'AQN', 'AOW', 'AQJ', 'APE', 'APT', 'AQK', 'API', 'APQ', 'APX', 'AQC', 'AQG', 'APA', 'APY']
['AAD', 'APH', 'APP', 'APL', 'AQO', 'AQF', 'AOZ', 'AOV', 'AQB', 'APM', 'AOR', 'AOS', 'ACG', 'ACZ', 'ADE', 'ACS', 'ACJ', 'ACN', 'ADI']
['ABI', 'ABJ', 'ABZ', 'ACC', 'ABS', 'ABO', 'ABR', 'ABK', 'ABV', 'ABN', 'ACB', 'ABW', 'ACA', 'ABX', 'ABM', 'ABT', 'ABP', 'ABL', 'ABQ']
['AAU', 'AAT', 'AAN', 'AAO', 'AAQ', 'AAP', 'AAS', 'AAR', 'ACK', 'ACR', 'ADD', 'ADH', 'ACW', 'ACO', 'ACF', 'AKI', 'ALC', 'AME', 'AKD']
['AAM', 'AAI', 'AAL', 'AAK', 'AAJ', 'AMI', 'ANK', 'AMP', 'AMU', 'AJC', 'AJV', 'AKY', 'AKT', 'AKU', 'ALR', 'ALV', 'AKQ', 'AKH', 'ALZ']
['AAC', 'AMA', 'ANG', 'AJZ', 'AJK', 'AJO', 'AOL', 'AJF', 'ALF', 'ANJ', 'AIZ', 'AKA', 'ANB', 'ALN', 'ALJ', 'AOE', 'AJA', 'AJB', 'AMD']
['AAH', 'ANV', 'ALS', 'ANR', 'AOI', 'AJN', 'AKX', 'ANW', 'AML', 'ALB', 'AOA', 'ANC', 'AKE', 'ALG', 'ALK', 'AMH', 'AMX', 'AJW', 'AJS']
['AAB', 'AKM', 'AKB', 'ALM', 'ALQ', 'AMB', 'AJH', 'AMJ', 'ANT', 'AJT', 'ANH', 'AJQ', 'AKR', 'AJL', 'ANY', 'AOK', 'AMR', 'AMN', 'AMK']
['AAA', 'ANU', 'AJU', 'ANL', 'AMO', 'ALP', 'AMV', 'AKC', 'ALA', 'ANI', 'AKW', 'ANX', 'ALI', 'AKJ', 'AKG', 'AMW', 'AJX', 'AOB', 'ANP']
['AAF', 'AKO', 'ALX', 'ANA', 'AMS', 'AKZ', 'ANQ', 'ANE', 'AJM', 'AKS', 'AMC', 'AJI', 'AOG', 'AJP', 'ALL', 'ANM', 'AJD', 'ALD', 'AOF']
['AAE', 'AKF', 'AMZ', 'AJE', 'AOJ', 'ALU', 'AKN', 'AKK', 'AKV', 'AJY', 'AOC', 'ALH', 'ALT', 'AMF', 'ALY', 'ALE', 'AMG', 'AHS', 'AIA']
['ABD', 'AGM', 'AFZ', 'AHZ', 'AGP', 'AGI', 'AHO', 'AHB', 'AIT', 'AHG', 'AHF', 'AGD', 'AGL', 'AIL', 'AHV', 'AGA', 'AFV', 'AIQ', 'AGU']
['APU', 'AFW', 'AFO', 'AHJ', 'AHR', 'AFR', 'AGX', 'AHA', 'AIK', 'AGN', 'AIB', 'AHM', 'AGO', 'AHX', 'AFU', 'AIV', 'AHQ', 'AIC', 'AIG']
['ADA', 'AHY', 'AHU', 'AIF', 'AGB', 'AFX', 'AGF', 'AHH', 'AIJ', 'AGJ', 'AGG', 'AHP', 'AHT', 'AFP', 'AFY', 'AGZ', 'AFQ', 'AHI', 'AGK']
['AND', 'AHE', 'AGC', 'AHL', 'AHD', 'AFT', 'AGW', 'AGS', 'AGR', 'AIO', 'AIW', 'AIR', 'AIS', 'AIN', 'AFG', 'AEX', 'AEP', 'ADO', 'AFK']
['AGV', 'AEA', 'AEE', 'ADZ', 'ADS', 'ADM', 'ADP', 'AEG', 'AFH', 'AEC', 'AFD', 'AEF', 'ADU', 'AFE', 'AEB', 'ADX', 'AFM', 'ADQ', 'AFI']
['AEV', 'AFL', 'AFA', 'ADY', 'AEN', 'AER', 'AES', 'AEJ', 'ADT', 'AEZ', 'AEK', 'AEW', 'AEO']
