['144', '286', '0', '38', '85', '188', '304', '279', '101', '282', '3', '239', '97', '315', '258', '306', '178', '66', '298', '174', '138', '150', '52', '10', '227', '325', '214', '39', '271', '198', '168', '240', '124', '4']
['165', '170', '230', '265', '93', '192', '207', '96', '7', '272', '70', '328', '43', '237', '277', '57', '219', '343', '27', '176', '89', '308', '294', '82', '242', '217', '75', '290', '268', '220']
['117', '363', '208', '2', '112', '140', '201', '108', '358', '36', '106', '354', '80', '297', '289', '203', '361', '99', '134', '211', '87', '55', '123', '283', '24', '216', '95', '126', '136', '162', '148']
['23', '33', '107', '278', '267', '92', '266', '76', '212', '252', '104', '98', '49', '295', '177', '113', '355', '321', '243', '330', '1', '25', '235', '305', '327', '307', '47', '190', '6', '153', '60', '37', '248', '202', '26', '166', '352', '77', '196', '336']
['17', '13', '30', '114', '172', '331', '22', '360', '8', '317', '193', '130', '51', '244', '179', '356', '32', '254', '241', '45', '146', '257', '91', '109', '160', '247', '128', '259', '223', '14', '159', '186', '342', '78', '236', '204', '218', '40', '61', '83', '260', '163', '293', '157', '35', '88']
['16', '255', '64', '125', '334', '65', '250', '173', '127', '226', '142', '151', '322', '194', '197', '175', '302', '149', '249', '195', '182', '291', '53', '118', '44', '353', '29', '362', '90', '346', '318', '348', '309', '56', '261', '206', '9', '347']
['341', '345', '357', '18', '228', '135', '344', '183', '292', '143', '154', '332', '11', '63', '139', '46', '215', '169', '238', '264', '262', '339', '167', '74', '133', '269', '119', '115', '231', '285', '111', '147', '42', '221', '94', '246', '205']
['48', '73', '31', '284', '137', '224', '314', '351', '72', '256', '189', '187', '86', '121', '110', '102', '28', '312', '333', '180', '275']
['213', '340', '281', '116', '222', '276', '12', '251', '234', '71', '233', '320', '21', '229', '69', '288', '329', '209', '184', '171', '210', '349', '54', '181', '20', '253', '155', '67', '323', '338', '280', '359', '129', '132', '81']
['122', '5', '84', '68', '274', '105', '319', '326', '270', '313', '145', '50', '324', '185', '152', '41', '62', '287', '164', '337']
['19', '296', '15', '300', '301', '131', '350', '141', '59', '199', '120', '232', '263', '58', '156', '299', '103', '79', '303']
['245']
['191']
['310']
['311']
['335']
['158']
['34']
['161']
['316']
['200']
['273']
['100']
['225']
