['aao', 'aas', 'aav', 'aax', 'abu', 'acl', 'acv', 'acw', 'ada', 'ado', 'adr', 'ads', 'adt', 'ady', 'aej', 'afg', 'afm', 'afo', 'agb', 'agg', 'agj', 'agx', 'ahd', 'ahf', 'ahk', 'ahx', 'aia', 'aic', 'aim', 'aip', 'aiw', 'aiy', 'aja', 'ajh', 'ajt', 'aju', 'akq', 'alo']
['aab', 'aac', 'aaq', 'aaw', 'abb', 'abc', 'abp', 'aci', 'acj', 'acx', 'acy', 'adi', 'adj', 'adm', 'adv', 'adz', 'aeb', 'aef', 'aem', 'aen', 'afd', 'afs', 'agv', 'ahs', 'aif', 'ais', 'aiv', 'aje', 'ajf', 'ajm', 'ajx', 'akc', 'akg', 'akr', 'aks', 'akw', 'alb', 'amd']
['aad', 'aah', 'aan', 'aat', 'aaz', 'abf', 'abg', 'abk', 'abq', 'abs', 'abt', 'ach', 'act', 'adb', 'adf', 'adl', 'adq', 'aeg', 'aeo', 'aep', 'aes', 'afc', 'aff', 'afj', 'afp', 'agh', 'ago', 'agp', 'agw', 'agy', 'ahj', 'ahl', 'ahw', 'aig', 'aiq', 'ajg', 'aji', 'ajl']
['aae', 'aaf', 'aak', 'aal', 'aap', 'abe', 'abh', 'abm', 'abn', 'abw', 'abx', 'acb', 'acc', 'acd', 'ace', 'acf', 'acg', 'acm', 'acs', 'acz', 'ade', 'aea', 'aec', 'aed', 'aeh', 'ael', 'aet', 'aew', 'aez', 'afe', 'afh', 'afi', 'afq', 'afr', 'aft', 'afu', 'agr', 'ags']
['aag', 'abd', 'abi', 'abl', 'abr', 'abv', 'aca', 'acn', 'acq', 'adg', 'adh', 'adk', 'adn', 'adp', 'adu', 'aee', 'aek', 'aeq', 'aer', 'aev', 'afa', 'afn', 'afx', 'afy', 'afz', 'agc', 'age', 'agf', 'agi', 'agn', 'ahg', 'aht', 'ahy', 'ahz', 'aie', 'aii', 'ail', 'aiu']
['aam', 'aay', 'abj', 'aby', 'abz', 'ack', 'aco', 'acu', 'adc', 'adw', 'adx', 'aei', 'aeu', 'aex', 'afb', 'afv', 'afw', 'agk', 'agl', 'ahb', 'ahi', 'ahp', 'ahq', 'ahv', 'aib', 'aih', 'aij', 'ain', 'ait', 'ajb', 'ajy', 'akd', 'akp', 'alc', 'amm', 'amp', 'amt', 'anc']
['atb', 'anf', 'anh', 'anm', 'anv', 'anz', 'aol', 'apu', 'aqa', 'aqj', 'aqo', 'ara', 'are', 'arh', 'arn', 'asb', 'asj', 'asl', 'asn', 'asq', 'asr', 'aix', 'ajd', 'ajj', 'ajo', 'ajw', 'aka', 'akm', 'akv', 'alf', 'alj', 'aln', 'aly', 'amb', 'amc', 'amq', 'ana', 'anl']
['ars', 'anp', 'anu', 'aoq', 'aow', 'apf', 'aph', 'apm', 'apo', 'apq', 'aqb', 'aqd', 'aqh', 'aqi', 'aqk', 'aqn', 'aqp', 'aqv', 'arm', 'arr', 'aru', 'arv', 'ase', 'ash', 'aso', 'asx', 'ata', 'aau', 'acr', 'agt', 'aha', 'ahm', 'aid', 'aiz', 'ald', 'amh', 'aou', 'aqw']
['atc', 'ahc', 'ahh', 'ahn', 'aik', 'air', 'ajc', 'ajn', 'ajz', 'ake', 'akf', 'ako', 'aku', 'ala', 'alh', 'ali', 'alm', 'alw', 'amf', 'amj', 'amw', 'amz', 'anq', 'ant', 'aoa', 'aoh', 'aok', 'aor', 'apb', 'apj', 'apr', 'apy', 'aqf', 'aqm', 'arg', 'arl', 'aro', 'ajr']
['ary', 'ajs', 'aki', 'akj', 'akl', 'akx', 'ale', 'alk', 'alq', 'alt', 'alu', 'alx', 'alz', 'ama', 'ami', 'amk', 'aml', 'amx', 'amy', 'and', 'anj', 'ank', 'aof', 'aog', 'aoo', 'aov', 'aoy', 'ape', 'app', 'aqg', 'aqt', 'ark', 'arp', 'arw', 'asa', 'asg', 'ass', 'amr']
['arq', 'ams', 'amu', 'ann', 'anr', 'ans', 'aoc', 'aod', 'aoe', 'aom', 'aop', 'aos', 'aox', 'apk', 'apl', 'aps', 'apt', 'apv', 'apx', 'apz', 'aql', 'aqu', 'arb', 'arj', 'asv', 'asw', 'asz', 'alp', 'alv', 'ame', 'amv', 'ang', 'any', 'aoi', 'aoj', 'aon', 'aoz', 'apa']
['agd', 'apc', 'apg', 'api', 'apn', 'apw', 'aqc', 'aqq', 'aqs', 'aqx', 'aqz', 'arc', 'ard', 'arf', 'ari', 'arx', 'asd', 'asf', 'asi', 'ask', 'asm', 'ast', 'atd', 'aaa', 'aai', 'aar', 'aba', 'acp', 'add', 'afk', 'afl', 'agu', 'ahe', 'ahr', 'ajk', 'akt', 'aky', 'alg']
['atf', 'alr', 'amo', 'ani', 'anw', 'anx', 'aqy']
['ate']
['ajp']
['arz']
['asc']
['anb']
['aaj']
['aey']
['amn']
['aga']
['asp']
['aot']
['agz']
['agm']
['aob']
['aho']
['asu']
['apd']
['all']
['ahu']
['art']
['aio']
['asy']
['aqr']
['ano']
['ane']
['akk']
['akz']
['akn']
['ajv']
['abo']
['aqe']
['als']
['akb']
['amg']
['ajq']
['agq']
['akh']
