['10', '228', '170', '18', '43', '247', '34', '17', '89', '27', '23', '126', '209', '1', '211', '35', '68', '19', '30', '229', '161']
['120', '194', '205', '40', '113', '249', '246', '82', '223', '196', '88', '214', '42', '0', '84', '217', '41', '234', '248', '180']
['221', '245', '37', '171', '116', '138', '14', '45', '160', '133', '103', '233', '150', '108', '159', '156', '11', '193', '106', '48', '70', '166', '69', '94']
['79', '222', '67', '76', '212', '13', '206', '109', '111', '200', '85', '50', '8', '241', '51', '208', '36', '140', '189', '144', '20', '158', '190', '118', '203', '173']
['58', '63', '73', '86', '184', '219', '178', '62', '187', '7']
['3', '121', '52', '90', '16', '2', '127', '226', '54', '132', '80', '220', '181', '147', '172', '239', '101', '6', '25', '237', '225', '202', '129', '123', '53', '224', '87', '154', '169']
['164']
['238']
['176']
['155']
['98']
['49']
['33']
['24']
['26']
['31']
['174']
['65']
['60']
['122']
['186']
['175']
['207']
['28']
['204']
['21']
['163']
['134']
['44']
['96']
['215']
['99']
['72']
['47']
['130']
['110']
['114']
['100']
['75']
['128']
['83']
['119']
['152']
['148']
['105']
['5']
['149']
['135']
['199']
['55']
['9']
['139']
['141']
['231']
['64']
['32']
['188']
['240']
['46']
['242']
['57']
['185']
['165']
['81']
['218']
['92']
['230']
['151']
['115']
['117']
['77']
['56']
['227']
['74']
['4']
['216']
['59']
['243']
['168']
['182']
['93']
['167']
['22']
['198']
['29']
['145']
['12']
['179']
['146']
['183']
['162']
['235']
['131']
['213']
['192']
['201']
['107']
['177']
['157']
['195']
['97']
['142']
['191']
['38']
['244']
['71']
['104']
['124']
['210']
['125']
['39']
['143']
['78']
['136']
['61']
['91']
['15']
['153']
['232']
['137']
['95']
['236']
['197']
['102']
['66']
['112']
