['344lol', '38lol', '93lol', '302lol', '64lol', '339lol', '281lol', '305lol', '215lol', '39lol', '210lol', '294lol', '449lol', '162lol', '451lol', '304lol', '257lol', '424lol', '470lol', '153lol', '193lol', '197lol', '21lol', '80lol', '55lol', '145lol', '62lol', '220lol', '403lol', '146lol', '280lol', '70lol', '334lol', '445lol', '269lol', '24lol', '157lol', '364lol', '308lol', '399lol', '51lol', '123lol', '173lol', '306lol', '283lol', '238lol', '446lol', '490lol', '227lol']
['28lol', '492lol', '319lol', '340lol', '341lol', '83lol', '30lol', '251lol', '266lol', '300lol', '489lol', '497lol', '326lol', '389lol', '152lol', '298lol', '138lol', '467lol', '486lol', '97lol', '237lol', '359lol', '48lol', '415lol', '205lol', '434lol', '161lol', '82lol', '358lol', '107lol', '130lol', '346lol', '9lol', '134lol', '254lol', '423lol', '371lol', '77lol', '494lol', '166lol', '178lol', '202lol', '400lol', '407lol', '188lol', '418lol', '419lol', '246lol', '43lol', '219lol', '191lol', '477lol']
['69lol', '216lol', '338lol', '212lol', '89lol', '142lol', '232lol', '426lol', '307lol', '59lol', '491lol', '425lol', '127lol', '170lol', '289lol', '367lol', '183lol', '410lol', '2lol', '435lol', '409lol']
['291lol', '413lol', '373lol', '199lol', '143lol', '442lol', '231lol', '40lol', '329lol', '431lol', '472lol', '221lol', '465lol', '255lol', '249lol', '148lol', '301lol', '439lol', '361lol', '1lol', '320lol', '16lol', '263lol', '204lol', '412lol', '101lol', '268lol', '428lol', '247lol', '213lol', '147lol', '278lol', '286lol', '168lol', '95lol', '158lol', '144lol', '414lol', '311lol', '176lol', '295lol', '437lol', '309lol', '3lol', '316lol', '366lol', '180lol']
['290lol', '42lol', '174lol', '72lol', '113lol', '387lol', '287lol', '350lol', '345lol', '453lol', '262lol', '112lol', '187lol', '275lol', '225lol', '422lol', '248lol', '154lol', '363lol', '240lol', '420lol', '397lol', '0lol', '18lol', '355lol', '398lol', '109lol', '99lol', '335lol', '223lol', '411lol', '50lol', '129lol', '74lol', '222lol', '181lol', '356lol', '473lol', '56lol', '406lol', '441lol', '488lol', '464lol', '8lol', '343lol', '172lol', '391lol', '499lol', '65lol', '495lol', '395lol', '136lol', '430lol', '186lol', '321lol', '228lol', '351lol', '76lol', '323lol', '13lol', '241lol', '86lol', '299lol', '252lol', '46lol', '496lol', '315lol', '195lol', '33lol', '135lol']
['234lol', '416lol', '250lol', '105lol', '66lol', '190lol', '137lol', '155lol', '392lol', '37lol', '27lol', '131lol', '211lol', '380lol', '57lol', '122lol', '385lol', '313lol', '444lol', '272lol', '31lol', '139lol', '78lol', '390lol', '163lol', '285lol', '331lol', '150lol', '108lol', '92lol', '75lol', '47lol', '264lol', '217lol', '81lol', '132lol', '226lol', '45lol', '114lol', '369lol']
['376lol', '160lol', '6lol', '349lol', '201lol', '352lol', '198lol', '36lol', '438lol', '207lol', '357lol', '261lol', '256lol', '140lol', '476lol', '184lol', '58lol', '25lol', '436lol', '23lol', '218lol', '317lol', '22lol', '91lol', '483lol', '106lol', '408lol', '54lol', '115lol', '133lol', '404lol', '177lol', '384lol', '52lol', '487lol', '468lol', '396lol', '484lol', '110lol', '242lol', '481lol', '405lol', '353lol', '128lol', '14lol', '471lol', '459lol', '461lol', '149lol', '85lol', '378lol', '73lol', '296lol', '15lol']
['49lol', '270lol', '253lol', '279lol', '455lol', '324lol', '209lol', '460lol', '165lol', '5lol', '402lol', '12lol', '372lol', '469lol', '274lol', '116lol', '35lol', '479lol', '103lol', '474lol', '208lol', '185lol', '29lol', '224lol', '206lol', '480lol', '292lol', '164lol', '332lol', '194lol', '333lol', '68lol', '7lol', '189lol', '314lol', '381lol', '337lol', '493lol', '63lol', '124lol', '156lol', '94lol', '347lol', '284lol', '236lol', '288lol', '79lol', '401lol', '475lol', '336lol', '271lol', '277lol', '368lol', '452lol', '458lol', '276lol', '125lol', '463lol', '44lol', '200lol', '282lol', '111lol', '151lol', '98lol', '230lol', '229lol', '61lol', '327lol', '265lol']
['318lol']
['17lol']
['90lol']
['244lol']
['119lol']
['100lol']
['457lol']
['393lol']
['297lol']
['322lol']
['427lol']
['53lol']
['362lol']
['41lol']
['325lol']
['342lol']
['203lol']
['383lol']
['386lol']
['482lol']
['233lol']
['96lol']
['102lol']
['433lol']
['379lol']
['20lol']
['179lol']
['118lol']
['117lol']
['258lol']
['374lol']
['375lol']
['87lol']
['169lol']
['11lol']
['71lol']
['60lol']
['354lol']
['432lol']
['421lol']
['448lol']
['310lol']
['182lol']
['388lol']
['243lol']
['32lol']
['328lol']
['175lol']
['167lol']
['260lol']
['67lol']
['159lol']
['84lol']
['382lol']
['348lol']
['239lol']
['330lol']
['171lol']
['4lol']
['456lol']
['245lol']
['293lol']
['365lol']
['303lol']
['312lol']
['417lol']
['454lol']
['485lol']
['429lol']
['377lol']
['447lol']
['10lol']
['34lol']
['478lol']
['126lol']
['394lol']
['26lol']
['360lol']
['88lol']
['370lol']
['235lol']
['440lol']
['196lol']
['121lol']
['450lol']
['259lol']
['462lol']
['498lol']
['443lol']
['104lol']
['141lol']
['466lol']
['120lol']
['19lol']
['273lol']
['214lol']
['267lol']
['192lol']
