['4', '307', '172', '85', '405', '55', '383', '394', '193', '379', '407', '21', '369', '140', '75', '423', '460', '260', '152', '493']
['139', '173', '61', '162', '463', '107', '455', '102', '342', '244', '275', '212', '255', '322', '221', '318', '406', '316', '182', '237']
['74', '262', '195', '470', '402', '132', '114', '180', '183', '297', '243', '401', '409', '365', '146', '32', '277', '433', '448', '151']
['387', '194', '148', '292', '498', '351', '404', '282', '159', '49', '13', '294', '359', '276', '333', '214', '328', '51', '37', '12']
['354', '313', '356', '161', '189', '19', '484', '271', '261', '408', '109', '478', '445', '123', '323', '314', '142', '258', '278', '287']
['47', '415', '111', '366', '430', '377', '144', '295', '223', '246', '265', '59', '192', '50', '332', '136', '154', '177', '376', '131']
['115', '418', '226', '381', '451', '135', '291', '125', '53', '1', '461', '338', '164', '476', '380', '469', '335', '436', '18', '375']
['491', '389', '417', '60', '486', '483', '250', '66', '84', '353', '368', '96', '87', '274', '325', '306', '28', '326', '181', '78']
['91', '196', '211', '42', '70', '385', '358', '458', '343', '153', '259', '126', '249', '372', '386', '92', '116', '298', '494', '103']
['209', '289', '46', '251', '220', '432', '160', '190', '263', '235', '210', '157', '29', '77', '99', '80', '106', '63', '118', '112']
['345', '143', '163', '334', '218', '95', '119', '453', '421', '90', '88', '317', '361', '202', '27', '222', '73', '65', '256', '479']
['324', '208', '449', '428', '20', '472', '205', '33']
['197', '101', '411', '315', '300', '393', '284', '347', '134', '68', '167', '178', '488']
['452', '487', '67', '2', '499', '169', '444', '213', '216', '465', '439', '34', '252', '312']
['492', '269', '187', '150', '352', '299', '54', '149', '337', '62', '165', '253', '17', '454', '285', '320', '384', '437', '350', '110']
['283', '198', '268', '257', '363', '185', '158', '489', '45', '447', '497', '215', '473', '219', '5', '24', '481', '56', '360', '168']
['288', '15', '357', '304', '459', '98', '438', '403', '179', '462', '475', '426', '231', '203', '3', '186', '155', '52', '281']
['391', '273', '43', '26', '120', '440', '113', '69', '450', '22', '108', '340', '35', '184', '412', '500', '495', '413', '79', '206']
['137', '349', '156', '248', '308', '16', '41', '301', '348', '321', '124', '480', '390', '425']
['100', '410', '82', '14', '468', '339', '267', '170', '382', '241', '305', '201', '490', '355', '388', '233', '104', '242', '344', '224']
['398', '117', '204', '311', '200', '446', '174', '270', '240', '327', '166', '482', '76', '395']
['225', '424', '217', '228', '30', '373', '171', '362', '39', '89', '399', '341', '133', '127']
['485', '121', '93', '346', '416', '279', '71', '230', '40', '442', '286', '419', '429', '272']
['378', '329', '330', '234', '466', '229']
['247']
['371', '367', '191', '97', '477', '48', '280', '302', '145']
['293']
['236']
['175']
['392']
['147']
['8']
['474']
['435']
['227']
['400']
['129']
['128']
['64']
['414']
['239']
['427']
['58']
['266']
['290']
['83']
['7']
['122']
['232']
['264']
['331']
['456']
['31']
['38']
['496']
['238']
['94']
['105']
['81']
['86']
['396']
['57']
['467']
['254']
['370']
['434']
['138']
['309']
['207']
['431']
['36']
['9']
['25']
['245']
['420']
['310']
['443']
['457']
['11']
['141']
['364']
['397']
['336']
['6']
['176']
['199']
['10']
['188']
['422']
['130']
['374']
['44']
['319']
['471']
['296']
['441']
['23']
['303']
['72']
['464']
