['ISX', 'fQ3', 'qPq', 'zfK', '0gI', 'UPL', 'a4K', 'cmd', 'b99', 'Hxo', 'U0P', 'f9z']
['bAf', 'QEF', 'MQT', '8VG', '5Li', 'xpw', 'sfk', 'Z7b', 'ZFU', 'VCH', 'tFU', 'zEh']
['Zc5', 'PPi', 'xRH', 'IJ1', 'Hyj', 'etm', 'XHa', 'aTI', '17Q', 'gkI', 'pf5', 'GpL']
['EoI', 'W4L', 'blA', 'VPb', 'U0Z', 'GUX', '1gc', 'mUL', 'kYz', 'tEu', 'wgA', 'wqW']
['CwC', 'ptf', 'dSZ', 'txp', 'DoC', 'vyM', 'PiG', 'AK4', 'tKI', 'JYa', 'BPL', 'xqY']
['oSh', 'Ihb', 'u1N', 'hHB', '1aX', 'P8b', 'VoJ', 'NGB', 'uH4', 'NqO', 'nf5', 'YMC']
['e8H', 'Ot9', 'PqY', 'uVg', 'X9s', 'qDy', 'dLc', 'H9O', 'h6l', 'F9o', 'G2k', '5qS']
['i4H', 'hct', 'kZ0', 'nQj', 'emD', 'mGb', 'KRy', '0ID', 'PJa', 'SV9', 'Gu6', 'x8V']
['BDE', 'btz', 'Eou', '00m', 'XlR', 'uGP', 'jGk', 'a55', 'jFu', 'CYA', 'Bfu', 'pTi']
['b9f', 'lKO', 'L1u', 'tm4', 'rmu', 'fKV', 'I2S', 'stN', '4nb', 'qLD', 'xLA', 'c3v']
['rC8', 'iiE', '69w', 'rXN', 'Qyh', 'oak', '4p5', '27J', 'YEe', 'KZy', 'psG', 'W2Z']
['SmS', 'HvR', 'mIe', 'SiL', 'rYU', 'n99', 'Ke0', 'WLo', 'XMr', 'Ql9', 'EJa', '4Nd']
['VAV', 'iTo', 'MNb', 'YFC', 'gTC', 'kiK', 'xz4', 'hiF', '19T', '1uW', 'ewc', 'JcP']
['6na', 'oZQ', 'cDc', 'GRw', 'yAp', 'aLB', 'm5j', 'Qti', '4KN', '0RD', 'JfN', 'gEU']
['HWv', 'oPH', 'JVP', 'N08', 'ZY3', 'qmj', 'gfv', 'nqI', '70K', 'slQ', 'Jla', 'dNX']
['czy', 'NXP', '1QY', 'vJC', 'gEp', 'E2A', 'PoH', 'U4K', '2mv', 'cFa', 'WXJ', 'tfQ']
['oSw', 'Kn8', 'iba', 'sKX', 'Xim', 'tK7', '8uu', 'JWV', 'lsG', 'jEj', 'mcI', '8j5']
['96X', 'uZt', 'zgJ', 'NyP', 'ttO', 'hYw', 'LiP', 'W8n', 'KS2', 'mLF', 'fFJ', 'QhQ']
['nRH', '0oy', 'LTB', '2UA', 'X5J', 'Tn8', 'TUB', 'zfD', 'EJD', 'D40', 'qkE', 'PQT']
['BV4', 'j3s', 'xxJ', 'xx7', 'IU6', 'iW8', 'WB2', 'Fws', 'd60', '0Qs', 'bA6', 'FbA']
['dlb', '6sH', 'i9C', 'VVW', 'VZ7', 'OCL', '5zB', 'AcJ', '3QX', 'QDa', 'klv', 'Qa3']
['wGp', 'dvU', 'oUs', 'x86', 'kte', 'aZv', '1xS', 'Qtt', 's3z', 'Jgp', 'iGU', 'Ns3']
['kT2', 'D5B', 'FEQ', 'zTH', 'jWX', '5U2', 'JyM', 'Fmb', '3kn', 'Epk', 'iFt', 'Itn']
['e8d', 'Swe', 'nkl', 'g08', 'USE', 'yLV', 'X5a', 'SMj', 'I2i', 'mFO', 'hdp', 'YBr']
['mRG', 'AJT', 'WLk', 'rMd', 'rGT', 'IZQ', 'UmG', 'gWT', '5jv', 'Wmv', '1RB', 'MrD']
['6Ip', 'fFE', '8uz', 'SFn', 'FzE', 'e6S', 'v6U', 'cEk', '4LY', 'KGR', 'AKr', '6Hl']
['ziA', 'O2z', 'Mvm', 'mLL', 'ZNv', 'ZQL', 'gVV', 'FkC', 's1n', 'ULj', 'ZVF', 'Hi0']
['5n5', 'NiX', 'bLd', 'uii', 'bDO', 'PlJ', 'Twl', '4gy', 'YUZ', 'nc0', 'upV', '28R']
['YNK', 'rgC', 'hQH', 'ux2', 'h3r', 'ZxX', 'Afe', 'Hbr', '6pB', '4fp', '6ro', 'wwD']
['HkK', '8nm', 'CU9', '9F9', 'tpP', 'iS6', 'eGG', 'euj', 'JLF', 'vca', 'u9Q', '2vJ']
['81k', 'J8r', 's6M', '5i6', 'AHs', 'B99', 'Pas', 'b7z', 'uQL', 'rz4', 'UDc', '9ug']
['9NA', 'H68', 'gE4']
['z1H']
['nQv']
['Y2z']
