['Brandi', 'Annabela', 'David', 'Chiquia', 'Babs', 'Berri', 'Bobbie', 'Alikee', 'Carri', 'Charleen']
['Aubine', 'Cesya', 'Carmel', 'Caro', 'Carlee', 'Cherise', 'Anet', 'Camella', 'Antoinette', 'Christan']
['Camel', 'Agatha', 'Candis', 'Brigida', 'Christyna', 'Charlot', 'Angie', 'Cele', 'Bertine', 'Catharine']
['Bellanca', 'Adelheid', 'Caril', 'Addi', 'Celie', 'Andi', 'Analiese', 'Alvira', 'Bobinette', 'Carena']
['Beatrice', 'Catherine', 'Aeriel', 'Auroora', 'Betty', 'Annelise', 'Celestine', 'Angela', 'Candra', 'Anabal']
['Catlee', 'Allix', 'Cacilia', 'Celestyn', 'Bliss', 'Carina', 'Bill', 'Betti', 'Annamaria', 'Brandise']
['Carolina', 'Astrix', 'Annadiane', 'Abra', 'Christye', 'Adoree', 'Berni', 'Austina', 'Anthiathia', 'Bobette']
['Brier', 'Anallese', 'Bryna', 'Brittaney', 'Caroljean', 'Cathrine', 'Billy', 'Ashlen', 'Avis', 'Aurelea']
['Carole', 'Ara', 'Ambur', 'Alejandra', 'Blanche', 'Billie', 'Charmion', 'Alys', 'Blancha', 'Cody']
['Ada', 'Cal', 'Penny', 'Babbie', 'Ali', 'Alexandrina', 'Cammi', 'Anabelle', 'Anatola', 'Annabel']
['Angil', 'Cammy', 'Caren', 'Berta', 'Bernadine', 'Bamby', 'Binni', 'Bunni', 'Aurore', 'Bibbie']
['Andriana', 'Carrissa', 'Ardene', 'Bobby', 'Annora', 'Bobbye', 'Ashli', 'Alice', 'Brigid', 'Berty']
['Belita', 'Christel', 'Ariela', 'Barbey', 'Almeda', 'Aimil', 'Benetta', 'Angelina', 'Blinnie', 'Alisun']
['Adorne', 'Caryn', 'Brandie', 'Audy', 'Cassondra', 'Athene', 'Chelsey', 'Barbra', 'Babette', 'Casie']
['Brandea', 'Bride', 'Alexi', 'Babita', 'Alexia', 'Betteann', 'Arliene', 'Anastasia', 'Billi', 'Carlynn']
['Cassy', 'Adelice', 'Augusta', 'Agnola', 'Aile', 'Aliza', 'Arlie', 'Bethany', 'Catriona', 'Anica']
['Beverie', 'Alanah', 'Ardeen', 'Cherrita', 'Aveline', 'Chelsy', 'Anne', 'Caron', 'Abby', 'Carmelita']
['Amabel', 'Belva', 'Bernardina', 'Andrea', 'Bobbee', 'Alix', 'Cami', 'Brandy', 'Cheslie', 'Christabella']
['Benita', 'Alie', 'Callida', 'Carlyn', 'Bess', 'Cariotta', 'Amy', 'Athena', 'Catlaina', 'Anastassia']
['Cherye', 'Barbaraanne', 'Calla', 'Arlene', 'Aubrette', 'Anjela', 'Cherilyn', 'Alicea', 'Bridgette', 'Charin']
['Agace', 'Carolyn', 'Carlye', 'April', 'Ailene', 'Bert', 'Alyda', 'Catie', 'Charity', 'Bonnee']
['Alayne', 'Angel', 'Bernardine', 'Charyl', 'Annabelle', 'Amanda', 'Babbette', 'Allissa', 'Ardella', 'Ardra']
['Caryl', 'Bettine', 'Alysa', 'Christal', 'Chiarra', 'Blythe', 'Bernete', 'Aaren', 'Amargo', 'Alissa']
['Andree', 'Calida', 'Allegra', 'Casandra', 'Alverta', 'Chanda', 'Carmine', 'Anni', 'Barbabra', 'Caralie']
['Bessy', 'Ashlie', 'Bunny', 'Asia', 'Arlina', 'Calli', 'Aili', 'Berna', 'Babara']
['Bren']
