['0', '1', '2', '3', '4', '5', '20', '21', '22', '23', '24', '25', '40', '41', '42', '43', '44', '45', '60', '61', '62', '63', '64', '65', '80', '81', '82', '83', '84', '85', '86', '87', '100', '101', '102', '103', '104', '105', '106', '107', '120', '121', '122', '123', '124', '125', '126', '127', '141', '143', '144', '145', '146', '147']
['6', '7', '8', '9', '10', '11', '26', '27', '28', '29', '30', '31', '46', '47', '48', '49', '50', '51', '66', '67', '68', '69', '70', '71']
['12', '13', '14', '15', '16', '17', '18', '32', '33', '34', '35', '36', '37', '38', '39', '52', '53', '54', '55', '56', '57', '58', '59', '72', '73', '74', '75', '76', '77', '78', '79', '92', '93', '94', '95', '96', '97', '98']
['19', '99', '179', '259', '339', '369', '370', '371', '372', '373', '381', '385', '389', '390', '391', '392', '393', '397']
['88', '89', '90', '91', '108', '109', '110', '111', '112', '113', '114', '128', '129', '130', '131', '132', '133', '134', '148', '149', '150', '151', '152', '153', '154', '168', '169', '170', '171', '172', '173', '174', '189', '190', '191', '192', '193', '194', '209', '210', '211', '212', '213', '214']
['115', '116', '117', '118', '119', '135', '136', '137', '138', '139', '155', '156', '157', '158', '159', '175', '176']
['140', '142', '160', '161', '162', '163', '164', '180', '181', '182', '183', '184', '200', '201', '202', '203', '204', '220', '221', '222', '223']
['165', '166', '167', '185', '186', '187', '188', '205', '206', '207', '208', '224', '225', '226', '227', '228', '244', '245', '246', '247', '248', '264', '265', '266', '267', '268', '284', '285', '286', '304', '305']
['177', '178', '195', '196', '197', '198', '199', '215', '216', '217', '218', '219', '235', '236', '237', '238', '239', '255', '256', '257', '258', '275', '276', '277', '278', '279', '295', '296', '297', '298', '299', '317', '318', '319', '337', '338']
['229', '230', '231', '232', '233', '234', '249', '250', '251', '252', '253', '254', '269', '270', '271', '272', '273', '274', '287', '288', '289', '290', '291', '292', '293', '294', '307', '308', '309', '310', '311', '312', '313', '314', '329', '330', '331', '332', '333', '334', '349', '350', '351', '352', '353', '354']
['240', '241', '242', '243', '260', '261', '262', '263', '280', '281', '282', '283', '300', '301', '302', '303', '320', '321', '322', '323', '324', '340', '341', '342', '343', '344', '360', '361', '362', '363', '364', '380', '382', '383', '384']
['306', '325', '326', '327', '328', '345', '346', '347', '348', '365', '366', '367', '368', '386', '387', '388']
['315', '316', '335', '336', '355', '356', '357', '358', '359', '374', '375', '376', '377', '378', '379', '394', '395', '396', '398', '399', '400', '401']
['402', '403']
['404', '405']
['406', '407']
['408', '409']
['410', '411']
['412', '413']
['414', '415']
['416', '417']
['418', '419']
