['462', '463', '464', '465', '466', '467', '456', '457', '458', '459', '460', '461', '0', '11126', '408', '409', '410', '411', '412', '413', '402', '11123', '348', '350', '351', '352', '353', '42', '43', '44']
['4', '1', '450', '451', '452', '453', '454', '455', '2', '420', '421', '422', '423', '424', '425', '414', '415', '416', '417', '418', '419', '11124', '318', '319', '320', '321', '322', '323', '312', '313']
['5', '426', '427', '428', '429', '430', '431', '396', '397', '398', '399', '400', '401', '354', '355', '356', '357', '358', '359', '349', '342', '343', '344', '345', '346', '347', '11120', '316', '297', '299']
['3', '403', '404', '405', '406', '407', '324', '325', '326', '327', '329', '217', '218', '219', '220', '221', '222', '223', '210', '211', '212', '213', '214', '215', '216', '11111', '196', '197', '198', '199']
['444', '445', '446', '447', '448', '449', '438', '439', '440', '441', '442', '443', '432', '433', '434', '435', '436', '437', '11125', '328', '307', '274', '242', '202', '167', '107', '40', '200', '201', '189']
['390', '391', '392', '393', '394', '395', '384', '385', '386', '387', '388', '389', '378', '379', '380', '381', '382', '383', '11122', '190', '191', '192', '193', '194', '195', '1119', '11110', '288', '289', '290']
['372', '373', '374', '375', '376', '377', '366', '367', '368', '369', '370', '371', '360', '361', '362', '363', '364', '365', '11121', '291', '292', '293', '314', '315', '317', '306', '308', '309', '310', '311']
['336', '337', '338', '339', '340', '341', '330', '331', '332', '333', '334', '335', '11119', '300', '301', '302', '303', '304', '305', '294', '295', '296', '298', '11117', '11118', '279', '11127', '11128', '47', '48']
['282', '283', '284', '285', '286', '287', '276', '277', '278', '280', '281', '270', '271', '272', '273', '275', '258', '259', '260', '261', '262', '263', '252', '253', '254', '255', '256', '257', '11115', '11116']
['264', '265', '266', '267', '268', '269']
['245', '246', '247', '248', '249', '250', '251', '238', '239', '240', '241', '243', '244', '231', '232', '233', '234', '235', '236', '237', '11112']
['224', '225', '226', '227', '228', '229', '230']
['203', '204', '205', '206', '207', '208', '209']
['6', '126', '127', '128', '129', '130', '131', '132', '77', '78', '79', '80', '81', '82', '83', '70', '71', '72', '73', '74', '75', '76', '63', '64', '65', '66', '67', '68', '69', '1114']
['182', '183', '184', '185', '186', '187', '188', '175', '176', '177', '178', '179', '180', '181']
['168', '169', '170', '171', '172', '173', '174']
['161', '162', '163', '164', '165', '166', '154', '155', '156', '157', '158', '159', '160', '147', '148', '149', '150', '151', '152', '153', '140', '141', '142', '143', '144', '145', '146', '1117', '1118']
['133', '134', '135', '136', '137', '138', '139', '98', '100', '101', '102', '103', '104', '45', '46', '11113', '11114']
['119', '120', '121', '122', '123', '124', '125', '112', '113', '114', '115', '116', '117', '118', '105', '106', '108', '109', '110', '111', '1116']
['99', '91', '92', '93', '94', '95', '96', '97', '84', '85', '86', '87', '88', '89', '90', '1115']
['56', '57', '58', '59', '60', '61', '62', '49', '50', '51', '52', '53', '54', '55', '1113']
['35', '36', '37', '38', '39', '41', '28', '29', '30', '31', '32', '33', '34', '14', '15', '16', '17', '18', '19', '20', '7', '8', '9', '10', '11', '12', '13', '1111', '1112', '11129']
['21', '22', '23', '24', '25', '26', '27']
