['FMU', 'MYN', 'AYJ', 'BLK', 'BBZ', 'PYK', 'SFB', 'DJA', 'LMU', 'UTL', 'HPH', 'RDG', 'ZBF', 'PVQ', 'VQR', 'WTX', 'IYH', 'VMW', 'KLM', 'YKQ', 'FWA', 'QCJ', 'QRE', 'FUR', 'XEO']
['FOW', 'AYK', 'UHE', 'POJ', 'PJW', 'YSM', 'RSJ', 'MSE', 'RSG', 'TGH', 'PIL', 'BCW', 'TDJ', 'FTI', 'ZKY', 'HGD', 'SYQ', 'UMO', 'ZFU', 'SNM', 'LUT', 'PVS', 'HMT', 'FTL', 'TFN']
['IYD', 'WCD', 'WSD', 'NXU', 'NGH', 'KEQ', 'YSP', 'EAA', 'PKK', 'ITN', 'WDF', 'PON', 'WHJ', 'LZP', 'DAT', 'SCK', 'DMH', 'YEN', 'HJA', 'DTW', 'IPY', 'SRP', 'NUG', 'QVI', 'ZGL']
['FPT', 'VAC', 'KMD', 'MVS', 'NQL', 'KNO', 'FHI', 'RKO', 'PAU', 'ULP', 'HGF', 'THJ', 'TVZ', 'NOP', 'UOM', 'YKF', 'ZBU', 'EWG', 'WKY', 'BHL', 'OXU', 'OEN', 'IEK', 'FKU', 'QJK']
['CHR', 'DFW', 'SMM', 'XRV', 'KUO', 'DMP', 'KNZ', 'ARM', 'NLI', 'JZA', 'CFP', 'YTQ', 'RYA', 'NPS', 'SCX', 'GMF', 'PZA', 'RXD', 'SNS', 'AZD', 'EDP', 'RIX', 'GFL', 'EBB', 'ALI']
['FTE', 'LZE', 'EUK', 'TQB', 'LWH', 'CDW', 'NFI', 'SCS', 'EKJ', 'WJI', 'INO', 'MSC', 'WCB', 'IKB', 'MJV', 'VCY', 'TMD', 'BDX', 'BEQ', 'QDB', 'UZY', 'GPL', 'HZF', 'JGS', 'ZQN']
['UHU', 'YYG', 'CEY', 'IIY', 'ZNQ', 'PGE', 'GWT', 'SQR', 'YKH', 'XXQ', 'FJL', 'OCI', 'UZU', 'LWA', 'DAW', 'DOT', 'DZR', 'CDZ', 'JUQ', 'CRF', 'FXX', 'LGP', 'DWU', 'ZCF', 'POR']
['HTW', 'TFQ', 'LLX', 'JXZ', 'XIY', 'IPK', 'ELO', 'JMO', 'WGY', 'SNW', 'BCI', 'MLN', 'JZV', 'CJB', 'SDH', 'YWW', 'YER', 'SFJ', 'AJB', 'FWB', 'FEV', 'JII', 'KVY', 'VRD', 'IAM']
['WYK', 'XHQ', 'HNC', 'ZFK', 'JDC', 'HYW', 'NDB', 'NJD', 'XVQ', 'BRY', 'WJS', 'CGD', 'GSB', 'OHR', 'ACJ', 'GLR', 'JME', 'TFT', 'YSD', 'QTR', 'IFU', 'VMJ', 'GYM', 'QQN', 'RBJ']
['GUT', 'AWX', 'KLV', 'QIB', 'ZIT', 'XCX', 'OON', 'RKH', 'KXZ', 'RZW', 'CCY', 'MCI', 'VYF', 'EPR', 'VXB', 'JKL', 'SAQ', 'XJW', 'FXI', 'JHO', 'PTX', 'NWB', 'EZU', 'ROL', 'DHT']
['RUP', 'RIA', 'DMN', 'ESU', 'WIF', 'MIE', 'NDI', 'LBW', 'JTZ', 'GXJ', 'TBT', 'WER', 'PAS', 'IKW', 'UFK', 'KSW', 'MOH', 'JJB', 'JXM', 'FQC', 'YNR', 'ZJU', 'IKN', 'TKB', 'UGW']
['GUQ', 'EQX', 'ALG', 'KAJ', 'MJR', 'MNB', 'TGW', 'QAM', 'ZCY', 'GUE', 'WMY', 'IPG', 'YOA', 'RUR', 'MWQ', 'GGM', 'DTU', 'TSS', 'AHE', 'XWK', 'ABC', 'QLH', 'KDV', 'XEN', 'QIK']
['IDO', 'HCD', 'YAR', 'WZL', 'JMT', 'PME', 'GGA', 'GBL', 'NTW', 'HHK', 'VWR', 'FPR', 'XVF', 'ELJ', 'YTR', 'HXF', 'IUY', 'IUE', 'SFD', 'JZY', 'YYU', 'AMV', 'EBA', 'FDS', 'BFH']
['KLZ', 'IIT', 'PBP', 'GUR', 'IQJ', 'GPH', 'SFK', 'VZX', 'ACP', 'RNM', 'RJS', 'ALL', 'WLU', 'JVR', 'HUN', 'RYE', 'ODG', 'PDU', 'XDE', 'YYC', 'CUZ', 'KMP', 'SGO', 'WUI', 'UNW']
['BTJ', 'LTC', 'XNY', 'VFV', 'NLS', 'TWL', 'VWX', 'QTJ', 'BZI', 'KZQ', 'MUV', 'UKF', 'MLH', 'QFE', 'YPX', 'CXP', 'HQB', 'WWT', 'QTQ', 'GGP', 'NNG', 'WED', 'LOQ', 'YLS', 'XOE']
['BIN', 'EOF', 'MVB', 'EEA', 'OLD', 'TMR', 'SUQ', 'XFW', 'XQI', 'APD', 'FCJ', 'FSW', 'SCZ', 'CNU', 'CZB', 'HIG', 'ECG', 'SGT', 'MAC', 'MBZ', 'GUN', 'QLI', 'IDJ', 'CHA', 'ZRO']
['JOQ', 'CYA', 'LXJ', 'LJA', 'YHX', 'OII', 'QBJ', 'AIM', 'QMI', 'YUG', 'HPV', 'AQN', 'YYJ', 'MUL', 'MIN', 'NXI', 'UDD', 'AUL', 'SUT', 'ARV', 'ASO', 'NSI', 'OZT', 'XKQ', 'DNE']
['FXH', 'JWQ', 'DRX', 'FWN', 'FOD', 'ZPA', 'UCH', 'DTS', 'MMS', 'PMO', 'LZI', 'XPW', 'SQS', 'YKR', 'EBY', 'HXZ', 'VTH', 'AGI', 'NGI', 'YVQ', 'PAX', 'TQM', 'KJN', 'WWL', 'QZB']
['RNU', 'VFM', 'EDD', 'FJH', 'YDL', 'PCL', 'OFJ', 'TVY', 'KLS', 'RYT', 'CFJ', 'UKO', 'TUK', 'DYU', 'DXK', 'SRB', 'OVZ', 'SUP', 'CAO', 'BJR', 'GEF', 'PGO', 'LHD', 'IPV', 'UIO']
['MED', 'QYA', 'JSL', 'FCU', 'LHQ', 'NHA', 'POC', 'ZFO', 'YDT', 'QNG', 'MZP', 'DCZ', 'HBC', 'UEN', 'IFO', 'SDF', 'QEP', 'TLC', 'CGQ', 'MUO', 'KVD', 'TBN', 'ONX', 'CIH', 'NDJ']
