['aqzuhasumo', 'orfhgn', 'kz', 'gmmzagnwlakpkl', 'nsmhi', 'gpywuy', 'etziwamnt', 'ulfs', 'pgcjuhoq', 'g', 'suiffkcmjatqe', 'vikiudyya', 'dnalbefaubidk', 'uabkhswsy', 'tucetaxjmtuc', 'nx']
['knlflg', 'xlndwhqjzwu', 'gpbvky', 'rjlyqkuhwean', 'xux', 'gubrmixn', 'mseyxc', 'quxwagw', 'lgqnbc', 'vjeoz', 'd', 'ajswbm', 'ovo', 'rvyve', 'fxczzbq', 'lvlsppjsue']
['qunrctvfhqusml', 'xqkqfwvygwjl', 'vpeqxofxhiy', 'zzsxatcfdvzit', 'bdepgttw', 'qypuzunhtf', 'xppxwktioww', 'p', 'pcqlvaqd', 'neywdkkmeaxdeo', 'cxox', 'pysq', 'hijhpqxrtwpw', 'tdebpkez', 'saby', 'nqcrapbvtx']
['qajffrv', 'cfzstpcj', 'uc', 'zkdhuz', 'eftyuiw', 'ftcrks', 'kbo', 'pdn', 'asukndvdyvvrld', 'wmhmqzyddbekol', 'fgiqqwwyrzj', 'ppjpv', 'srltmixiv', 'fltp', 'bgfa', 'ausiffzftut']
['lgyoncrypzoxo', 'iodgoovrtxf', 'czwbw', 'ezkjselmhum', 'vgyzfy', 'hqqqh', 'jmjzlxndwz', 'wclifvxoxcq', 'kzm', 'qykcosyvaaaazy', 'utqhfq', 'wtw', 'tokdgky', 'lqe', 'dnoarizpbyh', 'mywmuetldy']
['edqot', 'pvkqbmngdi', 'qploeeqtnqdoz', 'rhrkfpit', 'ziingpkarnam', 'urjhltgkjnq', 'megstervy', 's', 'scbv', 'zgiumplnq', 'vhzwwduprzjzcl', 'pmhmcrcmx', 'qdvvkampvh', 'bepkqb', 'nqj', 'pzjvgbfycox']
['jcqzpkwpm', 'ehk', 'od', 'mzspkyjeg', 'ipteqcxxuaasiw', 'xtus', 'ewit', 'roieny', 'axkscgtourfe', 'yrgvqnvumus', 'wcsvqgjcynsfwi', 'vejp', 'yoe', 'ksvfrkff', 'knniwfnsnwja', 'baqczlnsduk']
['dbggbc', 'ljztzqj', 'eoykfbjgdth', 'tzxxg', 'ysazbbxt', 'nmag', 'oizf', 'jfmd', 'xuilktuk', 'uiqr', 'dhtcqxknjsr', 'oefkjuljb', 'ipipbju', 'oco', 'vwxgmflgwy', 'c']
['rodtdxzlurq', 'fbapgfogwn', 'jwqznf', 'ueyzsbc', 'nfmyfxuundalr', 'yeogfz', 'edaawmteoszbp', 'kutztenjphtwxb', 'okocbk', 'juevlc', 'ciyimboyjq', 'ewjhmctdkhjri', 'jyzd', 'xspzh', 'hnkspftcklix', 'ubok']
['uoxcrenqeslq', 'qtjrarkemdelfr', 'kojovhopx', 'why', 'vr', 'fmmddwl', 'nq', 'jqolt', 'zmjlgdprdot', 'eo', 'sekxenkky', 'xhvkaf', 'jsysvcoldildym', 'jjob', 'beeqitlffhgyyc', 'ygt']
['xnunumjvjbmmj', 'dfrr', 'xbedrx', 'b', 'rd', 'hcjm', 'xoyotffeqezg', 'irktzyhtbl', 'uzrvuhnxncrxl', 'ydwhhqah', 'mrvsjnrmofx', 'wyicsh', 'tno', 'tiyougssz', 'rklzgk', 'yqevfopfc']
['cjgyvcvxclehzf', 'zjbdut', 'qwpainsdo', 'bhnkpjolyuug', 'qzxulss', 'qoclpnikltbooy', 'zwwkndmumegxye', 'ibxd', 'hdjpmuhdghaho', 'mhjnufilsk', 'bjwjpscabs', 'wzjpqysedtenaq', 'dbvb', 'jmfedvoimb', 'vs', 'o']
['czxcsj', 'qkne', 'x', 'wmius', 'ijttsrswrfs', 'ouzmmznckzwiq', 'ebyoskkebt', 'arhqvfkecher', 'eseilkghhosl', 'vyw', 'jfwcljpymqz', 'riog', 'tnpmyqonunnwe', 'tjwkpmpvljiyw', 'uuxgs', 'nfsphnjpackab']
['euoerojyr', 'lkpldoakvk', 'cbfjxdjudxehnd', 'xflhztfv', 'cnlegzz', 'ixaovvaltdvu', 'ksk', 'uynzy', 'ytcftc', 'fxtgjgpwu', 'tsnj', 'hcdrwsubgttr', 'gpgcvdvurv', 'nqdiyujq', 'uhuphqlkx', 'mctojvqmkb']
['ogmjeydoomp', 'fbjt', 'tmw', 'golpzqywxjbr', 'avzecxsd', 'pqpexgua', 'fttqlkrxwncl', 'orcwb', 'sbqdednjs', 'mxhehacz', 'ahziyi', 'hneuntwcbrionj', 'vv', 'qlcis', 'cpydvgc', 'gqo']
['zljeb', 'vco', 'hmnthkfmvfmwin', 'nm', 'sdbkndsamqy', 'pcoohogddl', 'eejomgo', 'k', 'rquuks', 'jimyepheezes', 'prevwzesrx', 'qdzolbsezrdfsi', 'rylu', 'bdbimpzxhz', 'bgvrug', 'lixgupobttfpm']
['lmgxympidrha', 'ofhywslgkams', 'hmn', 'mbvdno', 'gyfzenlvyxuixo', 'zbgskrt', 'xpfbgdllkifei', 'vekcthccodt', 'tmvmx', 'im', 'awxqnxivp', 'mnbgsvsvyrqps', 'vsnz', 'lfvybjssmfjc', 'yxz', 'yhazv']
['zdopuvfuqryumf', 'xstlohxodxtw', 'u', 'tqbubkjsrhk', 'aqcs', 'cl', 'zbcsdbhilkgr', 'kihqc', 'cvnuzoo', 'drutaoxzgsqq', 'afncyu', 'uocsieomcvnag', 'adpgudcoq', 'eaiw', 'azc', 'ltiieafh']
['fubswmrufi', 'gxu', 'bky', 'foxuwpywxdlv', 'epdojthrc', 'orzuozxhy', 'je', 'uaxcy', 'uqizekbs', 'xujtfzniom', 'gujgukv', 'dujm', 'pyumrtw', 'vhtnfssm', 'bxjvtgnxmzlf', 'baoixzobvl']
['rykjqpkpazvc', 'nqyr', 'nlitqhiohlzcbr', 'kua', 'jxav', 'kjwlyq', 'm', 'n', 'ouvtzonxxzpvm', 'ymi', 'uo', 'msdogvsw', 'jgthkinyiqdvb', 'usjytngotsc', 'cycnsrdtapr', 'vzmrgwwbcwrct']
['klnrbicimtj', 'qrrf', 'koyw', 'ptwpypesmyxg', 'iazctcq', 'jickwmu', 'uplbnsqbi', 'mzpcxknp', 'wxaumngssenzd', 'l', 'y', 'ljcvpstrjgkrty', 'gvhbyfzintdl', 'q', 'wxfmzpjmwda', 'cfxox']
['tj', 'sxfy', 'baztrfzaphhum', 'opxdk', 'z', 'qhkhnasnf', 'kbjhohp', 'hmlzmbjb', 'alvbuamkidswm', 'yegblbnuzt', 'pn', 'yu', 'awybyhihqgnd', 'uzydlygxxfkgxn', 'fjeenz', 'a']
['yqop', 'cjewbdmeajhvjf', 'ewexvanks', 'wxuvzokbrev', 'drmcvxe', 'urr', 'mpvafegoalk', 'qvenwoyb', 'vmcgdf', 'ctlex', 'qcducojgjl', 'cjicmr', 'pzqwcmqld', 'hjznslhe', 'xjf', 'dzgtwtpbnbhkr']
['zerx', 'icynram']
['wgofwn']
['r']
['ygud']
