['66', '114', '224', '344', '365', '416', '443']
['27', '93', '230', '234', '376']
['4', '23', '74', '91', '104', '472']
['28', '45', '105', '151', '235', '317', '322', '350', '353', '400', '482']
['112', '174', '259', '369']
['48', '144', '213', '388', '456']
['85', '289', '345', '437']
['87', '122', '335', '339', '418', '439', '494']
['149']
['387', '433']
['72', '126', '178', '211', '276', '280', '377', '467']
['279', '427']
['44', '77', '86', '483', '489']
['43', '392']
['5', '56', '254', '255', '288', '372', '440', '450']
['221', '323', '333']
['57', '71', '92', '142', '153', '201', '324', '332', '334', '368']
['193', '306', '379', '421']
['172', '209', '216', '305', '354', '398']
['9', '16', '95', '347', '409', '454']
['18', '186', '269', '302', '355']
['1', '80', '161', '170']
['53', '64', '167', '253', '394', '485']
['35', '137', '239', '462']
['2', '197', '210', '264', '283', '342', '413', '415']
['82', '117', '135', '299', '338', '474', '495']
['49', '476', '498']
['29', '152', '195', '198', '268', '393', '447']
['96', '129', '188', '215', '271', '327', '491']
['223', '232']
['103', '278', '282', '348', '359', '403', '445']
['52', '78', '100', '200', '468']
['38', '41', '88', '101', '319', '378']
['404']
['55', '132', '159', '189', '258', '328', '341', '397']
['3', '47', '76', '81', '121', '277']
['136', '374', '453']
['51', '107', '204', '220']
['30', '395', '424', '441']
['13', '19', '119', '139', '143', '199', '225', '231', '252', '469']
['113', '123', '180', '212', '257', '417']
['127', '163', '411']
['155', '156', '452', '470']
['65', '432']
['67', '295', '382', '390', '488']
['130', '175', '217', '361', '422']
['84', '145', '237', '284', '449']
['187', '218', '273', '320', '425']
['25', '214', '236', '301', '325', '471']
['20', '73', '99', '164', '300', '337', '405', '499']
['157', '291', '358']
['50']
['58', '118', '436', '459']
['116', '134', '261', '313', '363', '464']
['21', '60', '125', '168', '205', '246', '340', '434']
['11', '115', '330', '457']
['356', '402', '451', '484']
['407', '408']
['272', '274', '294', '343', '391', '473']
['7', '183', '226']
['97', '177']
['75', '227', '310', '331', '386', '406']
['147', '169', '194', '219', '251', '304', '307']
['46', '171']
['6', '34', '39', '262', '267', '414', '479']
['22', '275', '312', '373', '389', '429']
['40', '54', '162', '412', '423']
['36', '191', '311', '419', '455', '460', '466', '490']
['351', '384', '496']
['26', '89', '293', '346', '383']
['32', '63', '98', '192', '367']
['120', '181', '206', '281', '370', '375', '410', '486']
['256']
['68', '173', '179', '233', '309', '318', '362', '458']
['141', '248', '270']
['12', '33', '111', '290', '366', '492']
['266', '298', '380', '442']
['59', '165', '249', '336']
['10', '31', '285', '314', '477']
['106', '131', '140', '303', '478', '480']
['8', '61', '124', '203', '244', '308', '315']
['70', '158', '444']
['90', '102', '148', '202', '247']
['229', '241', '381', '396', '399', '401']
['292', '428']
['69', '94', '128', '238', '446', '497']
['185', '265', '286']
['110', '184', '207', '326', '349', '420']
['109', '176', '182', '297', '357']
['14', '83', '431']
['37', '79', '243', '250', '426', '465']
['15', '17', '62', '133', '160', '287', '321', '385', '438', '487']
['0', '138', '146', '196', '228', '263', '371', '463']
['42', '208', '242', '475', '493']
['245', '352', '430']
['24', '166', '190', '240']
['222', '260', '316', '329', '448', '481']
['364', '461']
['108', '150', '154', '296', '360', '435']
