['1', '4', '19', '31', '42', '80', '84', '99', '114', '120', '122', '131', '154', '175', '216', '238', '259', '276', '289', '290', '6', '49', '52', '58', '64']
['2', '3', '27', '28', '43', '53', '98', '101', '105', '108', '118', '123', '143', '159', '164', '166', '167', '173', '194', '207', '223', '252', '279', '287', '65']
['5', '23', '34', '40', '47', '57', '66', '90', '112', '113', '126', '141', '174', '183', '209', '249', '253', '255', '256', '270', '281', '288', '292', '297', '104']
['7', '20', '29', '37', '48', '56', '91', '95', '117', '121', '132', '134', '155', '158', '160', '161', '172', '189', '202', '203', '229', '231', '233', '241', '242']
['8', '44', '77', '82', '85', '110', '124', '138', '146', '153', '165', '208', '213', '215', '239', '248', '278', '145', '298', '265', '267', '268', '274', '283', '263']
['9', '46', '50', '68', '137', '139', '168', '170', '185', '296', '299', '266', '269', '291']
['10', '35', '36', '39', '73', '125', '130', '133', '177', '195', '199', '217', '224', '226', '232', '236', '247', '264', '293']
['11', '14', '16', '71', '89', '111', '115', '142', '148', '150', '157', '162', '176', '179', '180', '184', '186', '210', '212', '221', '222', '234', '250', '251', '261']
['12', '17', '22', '33', '51', '60', '63', '70', '76', '78', '87', '109', '127', '188', '190', '220', '245', '273', '294', '300']
['13', '18', '24', '25', '30', '41', '45', '61', '72', '93', '94', '129', '144', '151', '182', '197', '205', '214', '225', '246', '271', '275', '280', '284', '286']
['15', '100', '102', '119', '171', '198', '201', '219', '260', '285']
['21', '26', '32', '81', '83', '96', '97', '103', '136', '140', '163', '196', '211', '237', '243', '244', '258', '272', '277']
['38', '55', '69', '74', '75', '86', '156', '192', '230', '262']
['54', '59', '62', '67', '88', '92', '116', '128', '135', '147', '152', '169', '178', '181', '187', '191', '193', '204', '227', '235', '240', '254', '257', '295']
['79', '282']
['106', '107', '218']
['149']
['200']
['206']
['228']
