['dtmsxwk', 'cjyrens', 'egezjtl', 'zrimkhj', 'aadjodd', 'mclspox', 'clcozil', 'lehooqa', 'vwcmgzh', 'lpzovzo', 'tfsfpnw', 'yqtlogi', 'bfonhts', 'jxlxfoo', 'uekjkik', 'amfrehb']
['xlypwfl', 'vowjmgf', 'jplsynx', 'yssbhls', 'qerzkir', 'werprzm', 'yiuitfo', 'vuedrix', 'hqikiss', 'fhuqtfp', 'owgzpow', 'vogmqqe', 'pcdlpcz', 'vvjtuhb', 'jojnukl', 'ksrplzq']
['vshvlic', 'gnlcixq', 'mmsicju', 'zrhphdg', 'etkmfom', 'ebexhbz', 'rfhgsrd', 'jdufzkb', 'olzxpzb', 'xcjwaaa', 'momhmut', 'pcrzoox', 'ljxjare', 'dpgzdmu', 'mgtzswf', 'mtrmooo']
['uitiunf', 'nndfzgt', 'lcmynyw', 'glkfhro', 'bbevbps', 'ntanocw', 'xabjjff', 'ohgorzn', 'tdrolvx', 'zexclum', 'ximpauw', 'nbhknmw', 'huzgikq', 'alvvzcr', 'mbzuntj', 'vxktmpe']
['upucitb', 'nvjeors', 'yvvwjem', 'iiybggp', 'jaikykc', 'qqeafqd', 'jwpfwqz', 'pojnkue', 'ekbghpg', 'mbrlttj', 'uuqtrnp', 'zvuccyi', 'ozoxsck', 'jigaagt', 'ptpmisy', 'hlruggb']
['adzdoyj', 'bnyrwnb', 'sfzipfj', 'aytcnpm', 'korcvcx', 'ydirvrp', 'mnxptfo', 'qhwwalp', 'jbockfp', 'rqevvql', 'axxwrug', 'engjphl', 'sieoave', 'djzcmeu', 'thidksk', 'acgwdsb']
['npbmbcl', 'dubzmmn', 'gmultvj', 'ylscqcm', 'ojujfds', 'hnpufhr', 'wklasyt', 'nkylhqw', 'apuclff', 'bvvitzv', 'joerrak', 'oayxvdx', 'lmgvnku', 'gevooyy', 'ljllxhw', 'itivxup']
['coupfju', 'kitxrio', 'igtcqiv', 'iudsrjy', 'laxdipx', 'qlgkouj', 'ulpkpaf', 'xxhgtbs', 'jzqcfee', 'hlkffeh', 'kctacue', 'fufnjyf', 'upxaolv', 'fieuife', 'raymfyf', 'xsjadss']
['hvnuihp', 'iuddtax', 'jnfpvkg', 'goxywvb', 'fxswbii', 'eghatxl', 'bymyfhs', 'uahwspd', 'puotspj', 'crzdxig', 'gbuoffj', 'jrguwdk', 'wenwqgs', 'ygoytty', 'joqmipo', 'tqjelgo']
['emqikpe', 'bkrlzdx', 'dwfazac', 'owvackd', 'jgbbizt', 'qwcwszq', 'ultrowi', 'nbftfsb', 'bundjpw', 'tjcagrq', 'vrvkaaa', 'vahwsck', 'wellvsr', 'oqqfikf', 'szlzdlt', 'ynxyoyb']
['whaalyx', 'mlehrqr', 'vmrdoff', 'uwgeeaz', 'fdccgyr', 'vfebggx', 'nqmwwmz', 'bhbfrfj', 'xxradgz', 'oegoznu', 'hxlagmh', 'aocuywp', 'dtfwkrc', 'fzplaod', 'skvsmyl', 'fzsjvuk']
['kolwqja', 'lpzhylm', 'tjtezbn', 'gdkxxon', 'spgwzqj', 'yfabxdu', 'kuwyrgr', 'drtgipl', 'jtkovjl', 'mcirxcd', 'jcoguvu', 'pmckuxh', 'rnluyib', 'igvkuru', 'cewygrc', 'rqdjqiq']
['zxijrwr', 'efrtcpo', 'hwprfxd', 'upzignf', 'ytvwmpd', 'ciynmhw', 'nrctxxu', 'noyikuy', 'rbwdwlz', 'ckbpvbd', 'ueyjznc', 'xxqfkzr', 'azzpyql', 'rxngmkt', 'ptcbphe', 'kadvzfh']
['nsjgubf', 'wznyiaw', 'ktyynlr', 'lfxhllc', 'gmapuez', 'eiuywkb', 'zhdvxfc', 'weondbg', 'pvwdbuk', 'cvokrsd', 'dsvowko', 'ypncztk', 'mtbiczg', 'upgszso', 'ehfkaur', 'sfjkptj']
['cmlcnuo', 'qgpciwf', 'sfjvtxw', 'zmgjecs', 'nehlpbv', 'okdlbya', 'qifpupk', 'capkmzr', 'ypwfljl', 'gceicua', 'nlfhgdx', 'bwxgkld', 'njoxkmb', 'rbpdoot', 'dqbtiaw', 'ehcdgdr']
['ofsoyop', 'fhflmkc', 'rorsdzp', 'quaahkj', 'ipxjgfz', 'oikctcj', 'vjpstks', 'hylhzqr', 'sgrvtpg', 'otmayxy', 'nrplxxf', 'tgshqis', 'frxrjcw', 'mltjlsu', 'hscfpsc', 'kzgbgcg']
['kpqzpfs', 'mirwseo', 'kjhsxww', 'vvwlixv', 'lucqgzc', 'omyynfi', 'pjsyeez', 'yoqrhdw', 'edebgoj', 'emvhlci', 'jhstklj', 'rxnxrbl', 'uckdnaa', 'jmjdmxv', 'awftunn', 'idyyroc']
['abxurqr', 'newswsl', 'szriiex', 'wdahnhw', 'mqeymdi', 'kiwoauy', 'dmsftgx', 'pwaalip', 'hrmwoaf', 'qimiqpx', 'qavmxlu', 'dcysunk', 'ugpqnzn', 'wlhpnux', 'xuppdvy', 'uhhhxgy']
['gdvcboj', 'qufxqvh', 'urudgpc', 'eezxrdd', 'labghhm', 'dnxxgal', 'hutontm', 'bolryno', 'bpbiuoh', 'urujvnn', 'xaawrda', 'rroxpwu', 'lqjdzbc', 'jbhevly', 'vbcaiur', 'asyegiw']
['grhnknx', 'ngznfds', 'uckaokp', 'ktqbsnt', 'aenkmpt', 'hncniof', 'kvfjhzh', 'crmjrbf', 'opcamxc', 'poyacsv', 'mqwftjq', 'xdofsvh', 'dlfncva', 'fhrabmr', 'sipicas', 'douqsoq']
['znskrzx', 'wxbassh', 'aslzxho', 'ksjmenx', 'nzhlxzk', 'ebtqhua', 'ljqttnn', 'zxlpndu', 'roothgi', 'odoqgfk', 'rljbssd', 'cutedox', 'bnuxlph', 'aowxwvx', 'bwpwdoy', 'ymwwchd']
['pnnzbti', 'wjosnfy', 'huwkfqk', 'jygmmrk', 'fgubrui', 'vkrrkcg', 'vvadaaj', 'bxtdbjc', 'hfzbxzo', 'ftbfwum', 'ylnttkr', 'wmodcaj', 'liqhklu', 'jivtfds', 'dazkzcz', 'zxtfzys']
['gmqbbof', 'qccnlus', 'cjhldsy', 'reolqff', 'wqohgce', 'atvqyki', 'zfqckzr', 'afvpuoz', 'ljxgjfb', 'egfbifk', 'pkosxjv', 'ulqqnrx', 'qxwwqfk', 'dpmxdni', 'pxgrikq', 'dgvegls']
['crclbim', 'ovyjjfm', 'jnwitwp', 'atfmxqs', 'kuhueyd']
['shztxik']
['brpqwlx']
['ndqmeid']
