['0', '5', '36', '60', '61', '78', '80', '81', '91', '92', '101', '121', '128', '134', '145', '147', '149', '159', '160', '164', '168', '171', '175', '184', '190', '193', '194', '201', '202', '203', '204', '207', '208', '210', '211', '213', '214', '215', '216', '217', '259', '272', '275', '286', '289', '292', '294', '312', '357', '365', '397', '410', '413', '415', '420', '450', '451', '453']
['1', '6', '19', '24', '38', '42', '82', '119', '174', '176', '245', '246', '248', '249', '250', '255', '256', '260', '262', '264', '266', '270', '283', '285', '299', '347', '354', '374', '380', '391', '396', '399', '444', '445', '446', '447', '448', '449', '496']
['2', '8', '25', '35', '39', '41', '83', '110', '112', '188', '234', '235', '236', '237', '238', '239', '240', '241', '242', '243', '252', '253', '254', '263', '265', '271', '336', '349', '361', '419', '423', '426', '430', '439', '440', '442', '452']
['3', '17', '44', '48', '59', '69', '73', '74', '77', '79', '98', '113', '114', '115', '135', '152', '161', '166', '198', '199', '206', '212', '273', '306', '314', '317', '318', '320', '326', '330', '331', '340', '342', '353', '355', '359', '368', '371', '381', '431']
['4', '46', '56', '57', '62', '70', '95', '107', '111', '140', '150', '170', '172', '186', '195', '197', '205', '261', '267', '315', '327', '372']
['7', '106', '158', '220', '346', '360', '362', '364', '407', '408', '409', '411', '417', '422', '425']
['9', '10', '20', '34', '127', '132', '137', '173', '221', '230', '268', '279', '291', '293', '296', '301', '303', '304', '319', '332', '333', '338', '358', '369', '373', '375', '414', '416', '424', '475', '476', '478', '479']
['11', '15', '18', '21', '29', '30', '31', '45', '55', '63', '64', '68', '75', '85', '86', '89', '90', '93', '94', '104', '105', '109', '116', '122', '131', '133', '142', '144', '146', '148', '153', '154', '155', '156', '157', '167', '177', '178', '179', '180', '181', '183', '185', '192', '196', '200', '209', '244', '247', '274', '276', '277', '282', '297', '300', '321', '328', '350', '356', '363', '377', '393', '487', '488', '489', '490', '491', '493', '494', '495']
['12', '16', '32', '33', '43', '97', '141', '165', '182', '191', '278', '280', '288', '295', '351', '427', '428', '429', '432', '433', '434', '435', '436', '437', '441', '455']
['13', '22', '26', '47', '53', '54', '65', '76', '87', '99', '103', '108', '124', '125', '126', '130', '138', '139', '169', '187', '218', '219', '222', '223', '224', '225', '226', '227', '228', '229', '231', '232', '233', '257', '305', '310', '322', '324', '325', '335', '337', '341', '343', '352', '370', '389', '392', '394', '395', '398', '400', '412', '418', '421', '454', '480', '481', '482', '483', '484', '485', '486']
['14', '27', '49', '84', '117', '118', '120', '129', '143', '151', '163', '290', '302', '307', '308', '309', '316', '323', '339', '345', '366', '376', '378', '379', '382', '383', '384', '385', '386', '387', '388', '469', '470', '471', '472', '473', '474']
['23', '28', '37', '40', '50', '51', '52', '58', '66', '88', '96', '100', '102', '162', '189', '251', '258', '269', '329', '367', '401', '402', '403', '404', '405', '406', '457', '458', '459', '460', '461']
['67', '71', '72', '123', '136', '281', '284', '287', '311', '313', '334', '344', '348', '390', '462', '463', '464', '465', '466', '467', '468']
['298']
['498']
['499']
['443']
['492']
['438']
['477']
['497']
['456']
