['Amber', 'Mary', 'Danielle', 'Gabrielle', 'Jordan', 'Brooke', 'Michelle', 'Sierra', 'Katelyn', 'Andrea']
['Faith', 'Makayla', 'Bailey', 'Paige', 'Shelby', 'Melissa', 'Kaylee', 'Christina', 'Trinity', 'Caitlin']
['Claire', 'Alexa', 'Kelsey', 'Kathryn', 'Leslie', 'Alexandria', 'Sabrina', 'Mia', 'Isabel', 'Molly']
['Amy', 'Cassidy', 'Mikayla', 'Ariana', 'Margaret', 'Kelly', 'Miranda', 'Maya', 'Melanie', 'Audrey']
['Madelyn', 'Adriana', 'Arianna', 'Lillian', 'Kiara', 'Riley', 'Crystal', 'Mckenzie', 'Meghan', 'Skylar']
['Hope', 'Brittney', 'Lydia', 'Hayley', 'Evelyn', 'Bethany', 'Shannon', 'Michaela', 'Karen', 'Jamie']
['Valerie', 'Monica', 'Peyton', 'Carly', 'Bianca', 'Hanna', 'Brenda', 'Rebekah', 'Alejandra', 'Mya']
['Jordyn', 'Kendra', 'Mckenna', 'Holly', 'Julie', 'Kendall', 'Kara', 'Jasmin', 'Selena', 'Esmeralda']
['Delaney', 'Amelia', 'Casey', 'Serena', 'Savanna', 'Aaliyah', 'Giselle', 'Mallory', 'April', 'Adrianna']
['Jazmin', 'Patricia', 'Rachael', 'Katelynn', 'Cierra', 'Alison', 'Macy', 'Nancy', 'Elena', 'Kyla']
['Nadia', 'Sandra', 'Dominique', 'Haylee', 'Ruby', 'Jayla', 'Tori', 'Cindy', 'Sidney', 'Ella']
['Kiana', 'Makenna', 'Alissa', 'Madeleine', 'Natasha', 'Miriam', 'Ciara', 'Cecilia', 'Kassandra', 'Mercedes']
['Lisa', 'Hallie', 'Anne', 'Rose', 'Liliana', 'Kristin', 'Marisa', 'Imani', 'Kailey', 'Deanna']
['Rosa', 'Wendy', 'Logan', 'Tabitha', 'Paola', 'Callie', 'Addison', 'Lucy', 'Gillian', 'Clarissa']
['Kamryn', 'Ashleigh', 'Cristina', 'Baylee', 'Heaven', 'Raquel', 'Monique', 'Teresa', 'Ruth', 'Krystal']
['Gina', 'Linda', 'Gloria', 'Jacquelyn', 'Ellie', 'Jenny', 'Renee', 'Daniella', 'Lizbeth', 'Anahi']
['Kierra', 'Tiara', 'Talia', 'Kaylie', 'Mikaela', 'Eliza', 'Harley', 'Jaden', 'Madalyn', 'Hailee']
['Litzy', 'Tatyana', 'Melody', 'Jessie', 'Brandy', 'Alisha', 'Hunter', 'Noelle', 'Carla', 'Francesca']
['Theresa', 'Tamara', 'Yasmine', 'Tatum', 'Susan', 'Sharon', 'Alice', 'Yasmin', 'Tamia', 'Abbey']
['Maddison', 'Precious', 'Jayda', 'Kelsie', 'Lexi', 'Phoebe', 'Halle', 'Kiersten', 'Kiera', 'Annika']
['Joy', 'Pamela', 'Tania', 'Charity', 'Fiona', 'Alyson', 'Kaila', 'Annabelle', 'Emely', 'Alina']
['Sasha', 'Paulina', 'Mayra', 'Zaria', 'Skye', 'Brisa', 'Cora', 'Emilie', 'Felicia', 'Larissa']
['Jayden', 'Alanna', 'Malia', 'Angie', 'Carlie', 'Nora', 'Kailee', 'Carrie', 'Elaina', 'Sylvia']
['Julianne', 'Brooklynn', 'Lorena', 'Perla', 'Elisa', 'Kaley', 'Leilani', 'Eden', 'Miracle', 'Devin']
['Jada', 'Aileen', 'Chyna', 'Athena', 'Esperanza', 'Regina', 'Adrienne', 'Shyanne', 'Luz', 'Tierra']
['Jenna', 'Cristal', 'Clare', 'Eliana', 'Kelli', 'Eve', 'Sydnee', 'Madelynn', 'Breana', 'Melina']
['Toni', 'Arielle', 'Sonia', 'Genevieve', 'Kenya', 'Piper', 'Marilyn', 'Amari', 'Macey', 'Marlene']
['Barbara', 'Tayler', 'Tianna', 'Macie', 'Aurora', 'Sage', 'Lucia', 'Alma', 'Chasity', 'Ann']
['Deborah', 'Nichole', 'Angelique', 'Regan', 'Irene', 'Johanna', 'Janae', 'Janelle', 'Madyson', 'Justine']
['Chelsey', 'Paris', 'Felicity', 'Tyra', 'Taryn', 'Kaylin', 'Ellen', 'Kiley', 'Jaclyn', 'Rhiannon']
['Colleen', 'Madisyn', 'Alayna', 'Kali', 'Bailee', 'Lesley', 'Lilly', 'Mckayla', 'Ayanna', 'Serenity']
['Jane', 'Karissa', 'Tia', 'Layla', 'Krista', 'Zoey', 'Carley', 'Janet', 'Carissa', 'Iris']
['Tyler', 'Kaleigh', 'Kasey', 'Ashlynn', 'Brandi', 'Lesly', 'Elisabeth', 'Allie', 'Viviana', 'Cara']
['India', 'Marisol', 'Virginia', 'Gisselle', 'Kaitlynn', 'Julissa', 'Cheyanne', 'Lacey', 'Haleigh', 'Marie']
['Martha', 'Eleanor', 'Helen', 'Tiana', 'Cassie', 'Kayleigh', 'Marina', 'Heidi', 'Ivy', 'Ashton']
['Meagan', 'Clara', 'Destinee', 'Josie', 'Denise', 'Katlyn', 'Esther', 'Mariana', 'Bryanna', 'Emilee']
['Deja', 'Georgia', 'Annie', 'Nia', 'Carolyn', 'Anastasia', 'Brenna', 'Dana', 'Shayla', 'Kassidy']
['Alaina', 'Ashlee', 'Reagan', 'Aliyah', 'Josephine', 'Charlotte', 'Rylee', 'Shania', 'Kira', 'Meredith']
['Dakota', 'Eva', 'Tessa', 'Carolina', 'Jaqueline', 'Camille', 'Whitney', 'Carmen', 'Vivian', 'Bridget']
['Celeste', 'Priscilla', 'Katrina', 'Jazmine', 'Joanna', 'Tara', 'Gianna', 'Juliana', 'Fatima', 'Allyson']
['Kirsten', 'Gracie', 'Sadie', 'Guadalupe', 'Genesis', 'Yesenia', 'Julianna', 'Skyler', 'Alexus', 'Tatiana']
['Kate', 'Alana', 'Elise', 'Raven', 'Christine', 'Kristina', 'Asia', 'Nina', 'Natalia', 'Valeria']
['Abby', 'Aubrey', 'Lauryn', 'Amaya', 'Kylee', 'Maggie', 'Makenzie', 'Claudia', 'Cameron', 'Kyra']
['Naomi', 'Karla', 'Kathleen', 'Avery', 'Brooklyn', 'Ashlyn', 'Lindsay', 'Ava', 'Desiree', 'Alondra']
['Alexia', 'Camryn', 'Ariel', 'Daniela', 'Angelina', 'Kaitlin', 'Karina', 'Sophie', 'Sofia', 'Diamond']
['Summer', 'Payton', 'Cynthia', 'Ana', 'Britney', 'Angelica', 'Kennedy', 'Chelsea', 'Daisy', 'Kristen']
['Heather', 'Veronica', 'Isabelle', 'Jade', 'Gabriela', 'Caitlyn', 'Angel', 'Jillian', 'Alicia', 'Jocelyn']
['Diana', 'Erika', 'Lily', 'Leah', 'Katie', 'Gabriella', 'Cheyenne', 'Cassandra', 'Tiffany', 'Erica']
['Laura', 'Lindsey', 'Kylie', 'Mariah', 'Autumn', 'Marissa', 'Angela', 'Breanna', 'Catherine', 'Zoe']
['Caroline', 'Briana', 'Madeline', 'Sara', 'Kimberly', 'Courtney', 'Erin', 'Brittany', 'Vanessa', 'Jacqueline']
