['0', '70', '71', '102', '115', '174', '175', '176', '177', '178', '202', '203', '204', '205', '252', '253', '290', '300', '301', '302', '337', '349', '386', '389', '398', '273', '284', '285', '296', '298']
['1', '16', '17', '18', '19', '20', '21', '22', '46', '47', '48', '49', '50', '51', '83', '89', '92', '93', '94', '95', '96', '142', '143', '144', '145', '146', '147', '193', '194', '195']
['2', '10', '11', '52', '53', '54', '67', '68', '69', '106', '107', '108', '109', '110', '111', '112', '113', '159', '160', '213', '214', '215', '216', '217', '218', '219', '220', '303', '306', '307']
['3', '4', '29', '30', '31', '32', '199', '200', '201', '226', '227', '228', '279', '280', '281', '282', '283', '343', '344', '345', '346', '347', '348', '370', '371', '372', '373', '374', '375', '387']
['5', '6', '38', '39', '40', '41', '42', '44', '45', '101', '128', '129', '130', '135', '222', '223', '339', '340', '341', '299', '304', '305', '322', '323', '324', '325', '350', '351', '378', '379']
['7', '8', '9', '13', '14', '15', '33', '34', '35', '36', '37', '114', '119', '120', '121', '132', '192', '221', '231', '250', '318', '319', '320', '321', '360', '361', '362', '364', '365', '366']
['12', '97', '98', '99', '100', '122', '161', '169', '170', '171', '172', '173', '291', '292', '293', '294', '295', '328', '329', '330', '331', '332', '333', '355', '356', '357', '358', '359', '367', '368']
['23', '80', '84', '85', '86', '87', '88', '133', '134', '166', '167', '168', '179', '180', '181', '229', '230', '240', '274', '275', '326', '327', '334', '335', '336', '352', '353', '354', '196', '197']
['24', '25', '26', '27', '74', '75', '90', '91', '152', '153', '254', '255', '256', '286', '287', '309', '310', '311', '312', '313', '376', '377', '393', '394']
['28', '72', '73', '81', '82', '162', '163', '164', '165', '183', '209', '210', '211', '212', '232', '233', '234', '235', '236', '276', '277', '297', '390', '391', '392', '396', '397']
['43', '124', '125', '126', '127', '148', '149', '182', '191', '241', '242', '243', '244', '245', '246', '247', '248', '249', '266', '267', '268', '269', '270', '271', '288', '289', '338']
['55', '116', '117', '118', '136', '137', '138', '139', '140', '141', '188', '189', '190', '224', '225', '257', '258', '259', '260', '261', '262', '263', '264', '265', '278', '315', '316', '317', '369', '385']
['56', '57', '123', '184', '185', '186', '187', '206', '207', '251', '308', '314', '381', '382', '383', '384']
['58', '59', '60', '61', '62', '63', '64', '65', '66', '76', '77', '78', '79', '103', '104', '105', '131', '150', '151', '154', '155', '156', '157', '158', '198', '208', '237', '238', '239', '272']
['363']
['342']
['388']
['380']
['395']
['399']
