['1', '2', '9999', '9998', '3', '9997', '4', '9996', '5', '9995', '6', '9994', '7', '9993', '8', '9992', '9', '9991', '10', '9990', '11', '9989', '12', '9988', '13', '9987', '14', '9986', '15', '9985', '16', '9984', '17', '9983', '18', '9982', '19', '9981', '20', '9980', '21', '9979', '22', '9978', '23', '9977', '24', '9976', '25', '9975', '26', '9974', '27', '9973', '28', '9972', '29', '9971', '30', '9970', '31', '9969', '32', '9968', '33', '9967', '34', '9966', '35', '9965', '36', '9964', '37', '9963', '38', '9962', '39', '9961', '40', '9960', '41', '9959', '42', '9958', '68', '9932', '69', '9931', '70', '9930', '71', '9929', '72', '9928', '73', '9927', '74', '9926', '75', '9925', '76', '9924', '77', '9923', '78', '9922', '79']
['43', '9957', '9750', '250', '239', '240', '241', '242']
['44', '9956', '45', '9955', '46', '9954']
['52', '9948', '53', '9947', '54', '9946']
['60', '9940', '61', '9939', '62', '9938']
['85', '86', '87', '88', '89', '90', '91', '92', '93', '94', '95', '96']
['9915', '9914', '9913', '9912', '9911', '9910', '9909', '9908', '9907', '9906', '9905', '9904', '9903', '9902', '9901', '9900', '9899', '9898', '9897', '9896', '9895', '9894']
['107', '108', '109', '110', '111', '112', '113', '114', '115', '116', '117', '118', '119', '120', '121', '122', '123', '124', '125', '126', '127', '128']
['9883', '9882', '9881', '9880', '9879', '9878', '9877', '9876', '9875', '9874', '9873', '9872', '9871', '9870', '9869', '9868', '9867', '9866', '9865', '9864', '9863', '9862']
['139', '140', '141', '142', '143', '144', '145', '146', '147', '148', '149', '150', '151', '152', '153', '154', '155', '156', '157', '158', '159', '160']
['9851', '9850', '9849', '9848', '9847', '9846', '9845', '9844', '9843', '9842', '9841', '9840', '9839', '9838', '9837', '9836', '9835', '9834', '9833', '9832', '9831', '9830']
['171', '172', '173', '174', '175', '176', '177', '178', '179', '180', '181', '182', '183', '184', '185', '186', '187', '188', '189', '190', '191', '192']
['9819', '9818', '9817', '9816', '9815', '9814', '9813', '9812', '9811', '9810', '9809', '9808', '9807', '9806', '9805', '9804', '9803', '9802', '9801', '9800', '9799', '9798']
['203', '204', '205', '206', '207', '208', '209', '210', '211', '212', '213', '214', '215', '216', '217', '218', '219', '220', '221', '222', '223', '224', '225', '226', '227', '228']
['9787', '9786', '9785', '9784', '9783', '9782', '9781', '9780', '9779', '9778', '9777', '9776', '9775', '9774', '9773', '9772', '9771', '9770', '9769', '9768', '9767', '9766', '9765', '9764']
['9921']
['9763']
['229']
['9797']
['193']
['9829']
['161']
['9861']
['129']
['9893']
['97']
['63']
['55']
['47']
['243']
['80']
['9762']
['230']
['9796']
['194']
['9828']
['162']
['9860']
['130']
['9892']
['98']
['9937']
['9945']
['9953']
['244']
['9920']
['9761']
['231']
['9795']
['195']
['9827']
['163']
['9859']
['131']
['9891']
['99']
['64']
['56']
['48']
['245']
['81']
['9760']
['232']
['9794']
['196']
['9826']
['164']
['9858']
['132']
['9890']
['100']
['9936']
['9944']
['9952']
['246']
['9919']
['9759']
['233']
['9793']
['197']
['9825']
['165']
['9857']
['133']
['9889']
['101']
['65']
['57']
['49']
['247']
['82']
['9758']
['234']
['9792']
['198']
['9824']
['166']
['9856']
['134']
['9888']
['102']
['9935']
['9943']
['9951']
['9753']
['9918']
['9757']
['235']
['9791']
['199']
['9823']
['167']
['9855']
['135']
['9887']
['103']
['66']
['58']
['50']
['248']
['83']
['9756']
['236']
['9790']
['200']
['9822']
['168']
['9854']
['136']
['9886']
['104']
['9934']
['9942']
['9950']
['9752']
['9917']
['9755']
['237']
['9789']
['201']
['9821']
['169']
['9853']
['137']
['9885']
['105']
['67']
['59']
['51']
['249']
['84']
['9754']
['238']
['9788']
['202']
['9820']
['170']
['9852']
['138']
['9884']
['106']
['9933']
['9941']
['9949']
['9751']
['9916']
