['0', '1', '3', '4', '5', '6', '7', '9', '10', '12', '29', '36', '39', '40', '55', '64', '79', '87', '94', '114', '120', '126', '127', '131', '139', '145', '150', '153', '156', '158', '166', '194', '196', '204', '209', '238', '256', '263', '275']
['2', '18', '21', '22', '23', '24', '47', '49', '58', '67', '71', '102', '117', '123', '124', '133', '138', '142', '144', '147', '148', '149', '151', '161', '165', '170', '198', '202', '203', '205', '206', '211', '216', '218', '220', '222', '223', '228', '231']
['8', '13', '17', '25', '26', '27', '30', '32', '33', '35', '41', '52', '57', '70', '75', '84', '85', '98', '107', '128', '140', '178', '180', '181', '182', '183', '184', '185', '187', '188', '213', '224', '243', '246', '249', '250', '270', '234', '235']
['11', '14', '20', '42', '50', '56', '63', '66', '68', '69', '72', '74', '76', '103', '110', '129', '134', '152', '154', '171', '172', '175', '176', '177', '179', '267', '273', '236', '237', '240', '242', '251', '258', '262', '289', '291']
['15', '16', '19', '28', '31', '81', '82', '86', '88', '113', '121', '125', '130', '155', '162', '164', '167', '186', '200', '212', '232', '252', '254', '257', '259', '278']
['34', '43', '65', '77', '78', '89', '91', '99', '100', '101', '105', '106', '111', '118', '132', '137', '146', '157', '163', '173', '191', '207', '208', '210', '217', '221', '239', '266', '282', '283']
['37', '46', '80', '104', '109', '119', '159', '168', '174', '201', '219', '248', '253', '261', '264', '265', '268', '269']
['38', '45', '48', '51', '53', '54', '59', '60', '62', '73', '83', '90', '95', '96', '97', '108', '112', '116', '169', '189', '190', '192', '193', '195', '197', '199', '215', '241', '247', '260', '284']
['44', '61', '92', '93', '115', '122', '135', '136', '141', '143', '160', '214', '225', '226', '227', '229', '230', '233', '244', '245', '255']
['272']
['292']
['276']
['271']
['288']
['281']
['285']
['290']
['280']
['274']
['293']
['286']
['277']
['299']
['296']
['287']
['298']
['297']
['279']
['294']
['295']
