['TaureanWallerPrince', 'DennisSchroder']
['JaysonTatum', 'AlHorford']
['SpencerDinwiddie', 'AllenCrabbe']
['KembaWalker', 'DwightHoward']
['JustinHoliday', 'DenzelValentine']
['LeBronJames', 'JRSmith']
['HarrisonBarnes', 'YogiFerrell']
['WillBarton', 'JamalMurray']
['AndreDrummond', 'IshSmith']
['TobiasHarris', 'LouWilliams']
['KlayThompson', 'KevinDurant']
['JamesHarden', 'PJTucker']
['ThaddeusYoung', 'VictorOladipo']
['KentaviousCaldwellPope', 'KyleKuzma']
['MarcGasol', 'DillonBrooks']
['JoshRichardson', 'GoranDragic']
['KhrisMiddleton', 'GiannisAntetokounmpo']
['AndrewWiggins', 'KarlAnthonyTowns']
['JrueHoliday', 'AnthonyDavis']
['CourtneyLee', 'TimHardaway']
['RussellWestbrook', 'PaulGeorge']
['JonathonSimmons', 'AaronGordon']
['BenSimmons', 'RobertCovington']
['TJWarren', 'DraganBender']
['CJMcCollum', 'DamianLillard']
['BogdanBogdanovic', 'WillieCauleyStein']
['LaMarcusAldridge', 'PattyMills']
['DeMarDeRozan', 'KyleLowry']
['DonovanMitchell', 'JoeIngles']
['BradleyBeal', 'OttoPorter']
['JohnWall', 'KellyOubre']
['JonasJerebko', 'MarcinGortat']
['FredVanVleet', 'MarkieffMorris']
['BrynForbes', 'TomasSatoransky']
['JustinJackson', 'RickyRubio']
['PatConnaughton', 'DerrickFavors']
['MarqueseChriss', 'RudyGobert']
['AmirJohnson', 'RoyceONeale']
['BismackBiyombo', 'SergeIbaka']
['PatrickPatterson', 'JonasValanciunas']
['JarrettJack', 'PascalSiakam']
['IanClark', 'JakobPoeltl']
['TyusJones', 'KyleAnderson']
['ThonMaker', 'PauGasol']
['JustiseWinslow', 'DannyGreen']
['AndrewHarrison', 'DejounteMurray']
['JoshHart', 'DeAaronFox']
['MylesTurner', 'BuddyHield']
['RyanAnderson', 'GarrettTemple']
['ShaunLivingston', 'ZachRandolph']
['SindariusThornwell', 'JusufNurkic']
['LukeKennard', 'AlFarouqAminu']
['TreyLyles', 'EvanTurner']
['JJBarea', 'ShabazzNapier']
['TristanThompson', 'JoshJackson']
['BobbyPortis', 'DevinBooker']
['FrankKaminsky', 'TylerUlis']
['JarrettAllen', 'TroyDaniels']
['AronBaynes', 'DarioSaric']
['ErsanIlyasova', 'JJRedick']
['MikeScott', 'JoelEmbiid']
['RodneyHood', 'TJMcConnell']
['OGAnunoby', 'EvanFournier']
['ManuGinobili', 'DJAugustin']
['KostaKoufos', 'NikolaVucevic']
['EdDavis', 'MarioHezonja']
['AlexLen', 'CarmeloAnthony']
['JerrydBayless', 'StevenAdams']
['ShelvinMack', 'JeramiGrant']
['AlexAbrines', 'RaymondFelton']
['KyleOQuinn', 'EnesKanter']
['DanteCunningham', 'FrankNtilikina']
['NemanjaBjelica', 'MichaelBeasley']
['JasonTerry', 'KristapsPorzingis']
['BamAdebayo', 'ETwaunMoore']
['BenMcLemore', 'DariusMiller']
['JordanClarkson', 'DeMarcusCousins']
['DomantasSabonis', 'RajonRondo']
['LucMbahaMoute', 'TajGibson']
['DavidWest', 'JeffTeague']
['BlakeGriffin', 'JimmyButler']
['AveryBradley', 'JamalCrawford']
['PaulMillsap', 'EricBledsoe']
['MaxiKleber', 'TonySnell']
['DwyaneWade', 'JohnHenson']
['KrisDunn', 'MalcolmBrogdon']
['TreveonGraham', 'TylerJohnson']
['QuincyAcy', 'WayneEllington']
['MarcusMorris', 'JamesJohnson']
['IsaiahTaylor', 'KellyOlynyk']
['IanMahinmi', 'JarellMartin']
['AlecBurks', 'TyrekeEvans']
['DelonWright', 'JaMychalGreen']
['RudyGay', 'MarioChalmers']
['SkalLabissiere', 'JuliusRandle']
['MauriceHarkless', 'BrandonIngram']
['TysonChandler', 'LonzoBall']
['TimotheLuwawuCabarrot', 'BrookLopez']
['ElfridPayton', 'BojanBogdanovic']
['AndreRoberson', 'CoryJoseph']
['LanceThomas', 'DarrenCollison']
['JameerNelson', 'LanceStephenson']
['GorguiDieng', 'TrevorAriza']
['SterlingBrown', 'EricGordon']
['HassanWhiteside', 'ClintCapela']
['JamesEnnis', 'ChrisPaul']
['LarryNance', 'DraymondGreen']
['JoeYoung', 'StephenCurry']
['GeraldGreen', 'AndreIguodala']
['ZazaPachulia', 'NickYoung']
['MilosTeodosic', 'DeAndreJordan']
['ReggieJackson', 'AustinRivers']
['EmmanuelMudiay', 'WesleyJohnson']
['DevinHarris', 'MontrezlHarrell']
['JoseCalderon', 'StanleyJohnson']
['CristianoFelicio', 'AnthonyTolliver']
['MalikMonk', 'ReggieBullock']
['DAngeloRussell', 'NikolaJokic']
['SemiOjeleye', 'WilsonChandler']
['MikeMuscala', 'GaryHarris']
['JodieMeeks', 'MasonPlumlee']
['EkpeUdoh', 'WesleyMatthews']
['CJMiles', 'DennisSmith']
['DavisBertans', 'DirkNowitzki']
['GeorgeHill', 'DwightPowell']
['ZachCollins', 'JeffGreen']
['JaredDudley', 'KevinLove']
['RichaunHolmes', 'KyleKorver']
['WesleyIwundu', 'JaeCrowder']
['JoshHuestis', 'LauriMarkkanen']
['DougMcDermott', 'RobinLopez']
['NikolaMirotic', 'JerianGrant']
['ShabazzMuhammad', 'DavidNwaba']
['JabariParker', 'MarvinWilliams']
['DionWaiters', 'NicolasBatum']
['DeyontaDavis', 'JeremyLamb']
['CoreyBrewer', 'MichaelKiddGilchrist']
['AlJefferson', 'DeMarreCarroll']
['NeneHilario', 'JoeHarris']
['PatrickMcCaw', 'RondaeHollisJefferson']
['SamDekker', 'CarisLeVert']
['LangstonGalloway', 'JaylenBrown']
['TorreyCraig', 'TerryRozier']
['SalahMejri', 'KyrieIrving']
['CediOsman', 'MarcusSmart']
['PaulZipser', 'KentBazemore']
['MichaelCarterWilliams', 'JohnCollins']
['TylerZeller', 'DewayneDedmon']
['DanielTheis', 'MarcoBelinelli']
['MalcolmDelaney']
