['GB', 'GI', 'CD', 'PY', 'LV', 'KX', 'CA', 'JY', 'EL', 'O']
['OC', 'OB', 'MA', 'MI', 'MY', 'LI', 'CJ', 'OG', 'DK', 'KZ']
['LW', 'GH', 'LK', 'LQ', 'DG', 'SM', 'GG', 'CT', 'OX', 'PZ']
['NV', 'X', 'NY', 'PT', 'IF', 'TF', 'BV', 'MN', 'Y', 'NO']
['GR', 'PJ', 'MT', 'OH', 'OK', 'G', 'HY', 'HC', 'ND', 'BH']
['JK', 'JA', 'SP', 'QT', 'KE', 'FY', 'NC', 'KH', 'QS', 'OP']
['CI', 'JB', 'EW', 'IO', 'DX', 'MD', 'NZ', 'RG', 'SW', 'SV']
['DS', 'CC', 'BA', 'LU', 'PS', 'PU', 'QQ', 'A', 'OL', 'IA']
['EF', 'RH', 'LT', 'II', 'HW', 'IK', 'LE', 'KO', 'BW', 'BG']
['MQ', 'SJ', 'FI', 'MZ', 'IH', 'KD', 'DD', 'OQ', 'GX', 'PG']
['IY', 'OR', 'MB', 'MU', 'TA', 'JG', 'DO', 'CU', 'KY', 'KA']
['ON', 'HJ', 'HB', 'BM', 'JF', 'CQ', 'MO', 'BL', 'BJ', 'PK']
['GV', 'SU', 'KI', 'DB', 'CE', 'KV', 'PX', 'JO', 'SQ', 'QF']
['BB', 'EV', 'MK', 'KJ', 'FS', 'P', 'FG', 'DV', 'DP', 'EU']
['JW', 'NU', 'NX', 'RM', 'GW', 'FU', 'CL', 'HH', 'OD', 'OI']
['LS', 'FK', 'KT', 'HM', 'FD', 'RA', 'EI', 'LO', 'NR', 'PH']
['TB', 'K', 'GS', 'QJ', 'IT', 'HP', 'JJ', 'KK', 'CY', 'BT']
['IJ', 'CM', 'B', 'RL', 'QR', 'FL', 'NK', 'PW', 'GQ', 'HA']
['PR', 'DJ', 'KU', 'PC', 'NE', 'HK', 'NW', 'DU', 'HL', 'EH']
['PE', 'IR', 'MF', 'QB', 'KR', 'EJ', 'NG', 'JU', 'PL', 'OV']
['QL', 'ST', 'SL', 'SZ', 'SC', 'MH', 'GA', 'RB', 'PI', 'FT']
['RO', 'IG', 'KG', 'BC', 'HI', 'FB', 'LB', 'QP', 'QV', 'MX']
['IS', 'JD', 'QX', 'FJ', 'U', 'IQ', 'LD', 'JN', 'RZ', 'LR']
['QN', 'JC', 'IE', 'RT', 'HX', 'EM', 'FR', 'OA', 'DY', 'LA']
['EY', 'ET', 'SF', 'IN', 'JM', 'QM', 'JE', 'CX', 'PN', 'RC']
['LX', 'NM', 'GN', 'SD', 'NF', 'KB', 'GT', 'LM', 'DZ', 'RJ']
['L', 'CR', 'SK', 'HT', 'OT', 'SO', 'NP', 'PQ', 'DT', 'CW']
['Q', 'GM', 'CZ', 'PP', 'IL', 'MG', 'GC', 'EN', 'GP', 'CV']
['NN', 'Z', 'OS', 'NT', 'ER', 'CP', 'NI', 'IB', 'PF', 'BY']
['JQ', 'C', 'CF', 'CH', 'BO', 'MS', 'FZ', 'BX', 'EC', 'DR']
['EE', 'HS', 'FQ', 'OF', 'D', 'LJ', 'HZ', 'GE', 'IW', 'E']
['SA', 'IZ', 'SX', 'MP', 'IV', 'JV', 'HD', 'TE', 'OE', 'JI']
['PV', 'DM', 'OU', 'LY', 'QW', 'MV', 'KW', 'JT', 'HQ', 'BZ']
['BI', 'V', 'F', 'FM', 'NS', 'EB', 'FP', 'DQ', 'RR', 'HF']
['RP', 'DW', 'SS', 'MW', 'H', 'FW', 'GO', 'RV', 'IP', 'FH']
['RI', 'KL', 'ML', 'GY', 'HV', 'OY', 'ID', 'PM', 'QK', 'IU']
['S', 'SH', 'RQ', 'FE', 'KQ', 'LZ', 'T', 'GL', 'QH', 'JP']
['EK', 'NQ', 'ED', 'GJ', 'BE', 'LN', 'MJ', 'RW', 'KM', 'RK']
['QE', 'HE', 'BR', 'I', 'SN', 'PB', 'GU', 'EQ', 'DI', 'NJ']
['KF', 'NH', 'RU', 'MC', 'ES', 'NL', 'CN', 'BD', 'FO', 'SE']
['CG', 'OO', 'RN', 'SR', 'HO', 'QA', 'QG', 'EG', 'EP', 'GD']
['LP', 'HG', 'BS', 'EZ', 'RF', 'OJ', 'DC', 'JS', 'SG', 'FF']
['JH', 'LH', 'ME', 'BK', 'EO', 'BN', 'PD', 'N', 'DE', 'KP']
['RX', 'BQ', 'NB', 'EX', 'JL', 'RE', 'FC', 'LC', 'QY', 'IX']
['FV', 'IC', 'GF', 'JZ', 'SI']
['QZ']
['QI']
['OM']
['BP']
['NA']
['DF']
['RS']
['PA']
['EA']
['KS']
['MR']
['HN']
['CS']
['FN']
['MM']
['DA']
['HR']
['DH']
['QO']
['W']
['IM']
['QD']
['LG']
['JR']
['OW']
['CB']
['KC']
['JX']
['FX']
['DN']
['GZ']
['J']
['HU']
['KN']
['QC']
['OZ']
['CK']
['GK']
['M']
['BF']
['QU']
['TC']
['LF']
['PO']
['R']
['BU']
['DL']
['LL']
['CO']
['FA']
['RD']
['SY']
['RY']
['SB']
['TD']
