['Harry', 'Carroll', 'Kim', 'Mitchell', 'Regina', 'Lorenzo', 'Cheri']
['Tammy', 'Delia', 'Rory', 'Dawn', 'Jason', 'Brittany', 'Chelsea']
['Wanda', 'Larry', 'Arturo', 'Erica', 'Irene', 'Latonya', 'Bernard']
['Norma', 'Houston', 'Esther', 'Mona', 'Kenneth', 'Tanya', 'Salvatore']
['Scotty', 'Isaac', 'Doris', 'Tommy', 'Hilton', 'Dwayne', 'Pat']
['Tracy', 'Shaun', 'Kelli', 'Cheryl', 'Rocio', 'Minnie', 'Clifford']
['Dorothy', 'Joe', 'Alonzo', 'Ladonna', 'Loretta', 'Andre', 'Anthony']
['Carla', 'Damian', 'Horace', 'Benjamin', 'Mildred', 'Jeremy', 'Raquel']
['Vance', 'Billie', 'Mario', 'Alex', 'Annie', 'Pearl', 'Melvin']
['Olive', 'Earl', 'Margaret', 'Antonietta', 'Megan', 'William', 'Brett']
['Noma', 'Mae', 'Vicente', 'Antonio', 'Jewell', 'Charlotte', 'Paula']
['Lisa', 'Allen', 'Darryl', 'Hector', 'Grace', 'Maryann', 'Gladys']
['Cynthia', 'Mavis', 'Sandra', 'Octavia', 'Tom', 'Nellie', 'Deandre']
['Carmen', 'Vicky', 'Rhonda', 'Arline', 'George', 'Geraldine', 'Deborah']
['Phillip', 'Hazel', 'Colleen', 'Maureen', 'Ernest', 'Wilbur', 'Lottie']
['Eduardo', 'Desiree', 'Ethel', 'Katrina', 'Kyle', 'Bernadette', 'Anita']
['Lester', 'Ruthie', 'Victor', 'Martha', 'Kristina', 'Antoinette', 'Lydia']
['Beatrice', 'Roy', 'Harriet', 'Corinne', 'Louis', 'Timothy', 'Jane']
['Kelly', 'Thelma', 'Merle', 'Myra', 'Lena', 'Mei', 'Phyllis']
['Justin', 'Porfirio', 'Patrick', 'Gerald', 'Hildegard', 'Carlos', 'Abdul']
['Lizzie', 'Robert', 'Steven', 'Clyde', 'Brandon', 'Bessie', 'Warren']
['Marcus', 'Brian', 'Karen', 'Claudia', 'Gary', 'Leo', 'Martin']
['Isabelle', 'Kay', 'Victoria', 'Wade', 'Stephanie', 'Steve', 'Lexie']
['Daphne', 'Bonita', 'Walter', 'Melanie', 'Josephine', 'Daniel', 'Charles']
['Helen', 'Johnny', 'Zachary', 'Lowell', 'Tabatha', 'Alvin', 'Heather']
['Angel', 'Milton', 'Dena', 'Jewel', 'Argentina', 'Michael', 'Stacy']
['Rueben', 'Guadalupe', 'Cyndy', 'Fred', 'Debra', 'Catherine', 'Vera']
['Barbra', 'Beatriz', 'Colin', 'Gregory', 'Raymond', 'Jerome', 'Cathleen']
['Dan', 'Mari', 'Lucille', 'Marybeth', 'Wilfredo', 'Ted', 'Frank']
['Russel', 'Justine', 'Adam', 'Levi', 'Laurie', 'Philip', 'Lidia']
['Randy', 'Donna', 'Fletcher', 'Mary', 'Alan', 'Ada', 'Tonya']
['Johnathan', 'Marion', 'Lakesha', 'Claire', 'Joan', 'Kathryn', 'Cesar']
['Rebecca', 'Marge', 'Pauline', 'Tiara', 'James', 'Matt', 'Debbie']
['Barbara', 'Melony', 'Alice', 'Susan', 'Samuel', 'Ralph', 'Vickie']
['Carolyn', 'Janice', 'Lauren', 'Maria', 'Eric', 'Elvera', 'Janet']
['Chris', 'Kathleen', 'Beverly', 'Kelvin', 'John', 'Jammie', 'Terry']
['Lucy', 'Toni', 'Gordon', 'Marjorie', 'Cara', 'Shante', 'Laura']
['Arthur', 'Shawn', 'Joshua', 'Dottie', 'Marta', 'Patsy', 'Fredrick']
['Sheldon', 'Blanche', 'Katie', 'Hugo', 'Emerson', 'Roberta', 'Mamie']
['Trenton', 'Albert', 'Joy', 'Louise', 'Emilee', 'Clara', 'Derrick']
['Christian', 'Ashley', 'Randall', 'Craig', 'Josie', 'Cedric', 'Jessie']
['Luis', 'Elizabeth', 'Kurt', 'Rick', 'Leola', 'Emily', 'Oscar']
['Kristen', 'Weldon', 'Tim', 'Paul', 'Jasmine', 'Frances', 'Mireya']
['Tomas', 'Johnnie', 'Doretha', 'Lela', 'Peter', 'Tommie', 'Sam']
['Carina', 'Rafael', 'Cameron', 'Brenda', 'Patrice', 'Ray', 'Darrin']
['Erik', 'Alberta', 'Rena', 'Juan', 'Jonathan', 'Curtis', 'Erma']
['Reggie', 'Byron', 'Sally', 'Pamela', 'Kathryne', 'Austin', 'Krista']
['Kristine', 'Henry', 'Christiana', 'Dennis', 'Dolores', 'Jayne', 'Matilda']
['Lacey', 'Amanda', 'Carlton', 'Shane', 'Gilbert', 'Nathaniel', 'Edward']
['Esta', 'David', 'Lillie', 'Ella', 'Shelly', 'Christine', 'Diane']
['Gale', 'Kimberly', 'Harriett', 'Patricia', 'Ronald', 'Teresa', 'Rachel']
['Keith', 'Carrie', 'Lucia', 'Joseph', 'Esperanza', 'Joel', 'Carole']
['Jim', 'Sarah', 'Heidi', 'Shirley', 'Quentin', 'Evan', 'Ericka']
['Betty', 'Sara', 'Jonathon', 'Christopher', 'Cindy', 'Michelle', 'Jami']
['Matthew', 'Stanley', 'Carl', 'Jodi', 'Judith', 'Peggy', 'Julius']
['Nicholas', 'Leigh', 'Hillary', 'Carol', 'Bernie', 'Roberto', 'Marla']
['Monica', 'Virgie', 'Jacqueline', 'Kenny', 'Julia', 'Linda', 'Sheila']
['Samantha', 'Lorena', 'Devon', 'Mark', 'Stephen', 'Evelyn', 'Marie']
['Renee', 'Gene', 'Fay', 'Edwin', 'Dewayne']
['Lori']
['Anna']
['Roger']
['Ruth']
['Gerard']
['Shawna']
['Maxine']
['Felipe']
['Danielle']
['Maybell']
['Theresa']
['Iris']
['Jeffrey']
['Jennifer']
['Adrian']
['Harold']
['Bruce']
['Jeffery']
['Lawrence']
['Eva']
['Robin']
['Jeanette']
['Gail']
['Donald']
['Rod']
['Eunice']
['Anne']
['Newton']
['Ricardo']
['Bernice']
['Melissa']
['Ivan']
['Nancy']
['Lorene']
['Gloria']
['Barry']
['Molly']
['Jessica']
['Chester']
['Douglas']
['Vanessa']
['Cleo']
['Aileen']
['Casandra']
['Sharon']
['Brooks']
['Todd']
['Andrea']
['Richard']
['Katherine']
['Jeff']
['Joyce']
['Virginia']
['Jean']
['Sheryl']
['Manuel']
['Jerry']
['Sulema']
['Bobby']
['Aron']
['Frida']
['Thomas']
['Julie']
['Crystal']
['Miriam']
