['1', '5', '13', '16', '20', '25', '28', '42', '48', '54', '58', '59', '60', '62', '69', '71', '101', '113', '114', '123', '125', '126', '129', '138', '145', '146', '155', '156', '157', '158', '159', '164', '165', '176', '183', '190', '192', '199', '204', '205', '206', '208', '214', '216', '228']
['2', '14', '15', '29', '39', '43', '44', '45', '51', '53', '65', '68', '80', '87', '89', '100', '102', '106', '112', '117', '121', '127', '142', '143', '147', '149', '161', '162', '167', '168', '169', '170', '184', '188', '201', '203', '226', '227', '230']
['3', '4', '8', '11', '17', '22', '30', '33', '34', '38', '52', '56', '61', '66', '67', '76', '84', '85', '91', '93', '99', '107', '109', '115', '118', '128', '136', '139', '140', '150', '160', '163', '166', '175', '180', '181', '193', '196', '198', '202', '209', '211', '217', '223', '225']
['6', '7', '9', '18', '21', '23', '24', '27', '31', '32', '35', '36', '37', '40', '41', '46', '47', '49', '57', '73', '74', '75', '78', '82', '94', '95', '98', '105', '116', '119', '124', '131', '132', '137', '148', '151', '154', '171', '172', '173', '174', '177', '178', '179', '185', '187', '194', '195', '200', '207', '212', '213', '215', '219', '220', '221', '224', '229']
['10', '12', '19', '26', '50', '55', '63', '64', '70', '72', '77', '79', '81', '83', '86', '88', '90', '92', '96', '97', '103', '104', '108', '110', '111', '120', '122', '130', '133', '134', '135', '141', '144', '152', '153', '182', '186', '189', '191', '197', '210', '218', '222']
['232']
['234']
['240']
['231']
['237']
['233']
['235']
['242']
['236']
['239']
['241']
['238']
['248']
['243']
['247']
['246']
['244']
['249']
['245']
['250']
