['Orsa', 'Joelly', 'Drusy', 'Inga', 'Brigitte', 'Roslyn', 'Lesly', 'Beatrice', 'Kathleen', 'Harriet', 'Leda', 'Idalina', 'Fania', 'Patty', 'Quintana']
['Rowena', 'Tiphanie', 'Sandie', 'Kara', 'Cristen', 'Tiffany', 'Amalee', 'Sileas', 'Kiele', 'Hedwiga', 'Marijo', 'Veradis', 'Vicky', 'Kaitlynn', 'Monique']
['Alexandrina', 'Cheslie', 'Moyna', 'Estella', 'Paulina', 'Livy', 'Kittie', 'Winifred', 'Ruperta', 'Dena', 'Clarissa', 'Rhodia', 'Rivkah', 'Shanie', 'Agneta']
['Marcie', 'Stesha', 'Carroll', 'Gaby', 'Row', 'Austina', 'Charita', 'Shirl', 'Doris', 'Carri', 'Clemence', 'Carla', 'Claudie', 'Alia', 'Eve']
['Emelda', 'Karie', 'Daphene', 'Corinne', 'Avivah', 'Kathy', 'Agnese', 'Jaynell', 'Dee', 'Marlie', 'Yetta', 'Vonni', 'Teddi', 'Malva', 'Shoshana']
['Estele', 'Andie', 'Vanni', 'Charmine', 'Neile', 'Chelsy', 'Anabel', 'Faythe', 'Laverne', 'Clemmie', 'Diane', 'Fernande', 'Agnes', 'Peg', 'Brittan']
['Yovonnda', 'Dorine', 'Mair', 'Morena', 'Doroteya', 'Willi', 'Sherrie', 'Cherilynn', 'Adriane', 'Ranice', 'Missy', 'Helyn', 'Katti', 'Cristabel', 'Addi']
['Collete', 'Ansley', 'Rosamond', 'Colline', 'Fawnia', 'Sula', 'Marris', 'Tiffy', 'Aviva', 'Oliy', 'Fran', 'Bertie', 'Rita', 'Nicki', 'Cindie']
['Zenia', 'Belle', 'Myrtle', 'Sile', 'Kellsie', 'Lydie', 'Cassondra', 'Vinni', 'Natalya', 'Reggi', 'Lorain', 'Matilde', 'Cassandra', 'Jemie', 'Nelie']
['Euphemia', 'Krissy', 'Alyson', 'Nanon', 'Caryn', 'Gavra', 'Mirna', 'Lira', 'Terese', 'Idelle', 'Silva', 'Marlena', 'Ramonda', 'Tanitansy', 'Nedda']
['Anette', 'Roxane', 'Marcella', 'Briny', 'Yolanda', 'Jessamyn', 'Gabbie', 'Lorena', 'Brear', 'Latisha', 'Ingunna', 'Sheila', 'Della', 'Madelena', 'Starlin']
['Maddalena', 'Pammy', 'Melloney', 'Conchita', 'Julie', 'Yoshi', 'Antonietta', 'Fredericka', 'Tallie', 'Maxie', 'Marabel', 'Mufinella', 'Anabelle', 'Jesse', 'Oralee']
['Bernice', 'Paige', 'Lorie', 'Stormi', 'Netty', 'Risa', 'Noreen', 'Gerry', 'Joanna', 'Ulrike', 'Athena', 'Flory', 'Janice', 'Sofie', 'Nancie']
['Corly', 'Lani', 'Adiana', 'Britney', 'Johanna', 'Brook', 'Nissie', 'Leanora', 'Cristionna', 'Melinde', 'Tamra', 'Marisa', 'Kellie', 'Millisent', 'Stephannie']
['Ronnica', 'Edith', 'Demetria', 'Lyda', 'Mella', 'Martina', 'Erminia', 'Dotti', 'Camala', 'Rosene', 'Rhody', 'Casi', 'Gae', 'Jorrie', 'Meggi']
['Britteny', 'Birgitta', 'Sonni', 'Elvera', 'Jacqui', 'Anastassia', 'Frankie', 'Danni', 'Hortense', 'Tamara', 'Agatha', 'Gwennie', 'Korney', 'Allene', 'Zulema']
['Cathryn', 'Mariellen', 'Catha', 'Arlee', 'Bekki', 'Kala', 'Allie', 'Anabal', 'Noell', 'Eolanda', 'Bonita', 'Thia', 'Eran', 'Xylina', 'Selinda']
['Lisette', 'Tani', 'Babara', 'Sadye', 'Kaitlin', 'Mechelle', 'Mei', 'Jolie', 'Diahann', 'Angelica', 'Josepha', 'Tim', 'Dominica', 'Brunhilda', 'Else']
['Haley', 'Gale', 'Bridgette', 'Nicoli', 'Erica', 'Georgiana', 'Opal', 'Rosana', 'Kathryn', 'Kania', 'Jen', 'Annice', 'Dita', 'Georgeanne', 'Debora']
['Delly', 'Eulalie', 'Tarra', 'Sada', 'Lynnet', 'Randie', 'Stefa', 'Serena', 'Gianina', 'Andromache', 'Lotte', 'Valli', 'Desiri', 'Lulu', 'Dyane']
