['0', '14', '31', '34', '38', '46', '51', '52', '57', '58', '63', '64', '80', '81', '85', '104', '128', '130', '141', '155', '177', '181', '182', '187', '188', '192', '199', '202', '206', '208', '258', '260', '265', '271', '272', '285', '286', '287', '227', '242', '262', '273']
['1', '8', '15', '21', '22', '23', '24', '30', '35', '48', '53', '54', '60', '61', '62', '67', '71', '73', '90', '91', '97', '100', '101', '106', '108', '114', '117', '119', '125', '134', '135', '146', '151', '153', '156', '158', '160', '163', '165', '171', '173', '180', '186', '189', '194', '195', '198', '214', '217', '219']
['2', '9', '11', '13', '16', '19', '25', '36', '41', '45', '47', '50', '68', '69', '76', '78', '82', '86', '93', '102', '112', '113', '124', '131', '138', '140', '143', '148', '164', '168', '169', '172', '176', '183', '184', '185', '196', '201', '204', '205', '213', '224', '226', '230', '231', '238', '248', '249', '254', '257']
['3', '17', '40', '44', '55', '56', '70', '72', '75', '77', '89', '94', '98', '99', '103', '105', '107', '111', '115', '123', '127', '136', '137', '147', '152', '157', '166', '174', '175', '179', '207', '211', '216', '221', '225', '229', '232', '234', '239', '240', '246', '252', '259', '261', '264', '266']
['4', '5', '10', '12', '18', '26', '27', '32', '37', '42', '43', '66', '84', '92', '95', '96', '109', '116', '120', '121', '122', '126', '132', '142', '144', '149', '154', '161', '170', '190', '200', '203', '209', '218', '222', '223']
['6', '7', '20', '28', '29', '33', '39', '49', '59', '65', '74', '79', '83', '87', '88', '110', '118', '129', '133', '139', '145', '150', '159', '162', '167', '178', '191', '193', '197', '212', '228', '236']
['255']
['237']
['275']
['296']
['277']
['210']
['256']
['243']
['278']
['301']
['288']
['215']
['274']
['245']
['281']
['302']
['291']
['220']
['276']
['247']
['290']
['313']
['298']
['233']
['284']
['270']
['292']
['327']
['305']
['235']
['294']
['282']
['295']
['329']
['306']
['244']
['304']
['303']
['299']
['335']
['307']
['250']
['310']
['312']
['311']
['343']
['308']
['251']
['317']
['319']
['318']
['346']
['309']
['253']
['324']
['330']
['320']
['348']
['314']
['263']
['328']
['333']
['323']
['351']
['315']
['267']
['339']
['336']
['338']
['355']
['316']
['268']
['345']
['337']
['342']
['356']
['322']
['269']
['350']
['340']
['349']
['365']
['325']
['279']
['358']
['344']
['361']
['370']
['326']
['280']
['359']
['347']
['364']
['375']
['331']
['283']
['367']
['352']
['366']
['376']
['332']
['289']
['372']
['354']
['377']
['379']
['334']
['293']
['388']
['360']
['380']
['382']
['341']
['297']
['389']
['363']
['384']
['383']
['357']
['300']
['390']
['369']
['385']
['386']
['362']
['321']
['391']
['373']
['398']
['387']
['371']
['368']
['394']
['392']
['241']
['395']
['374']
['378']
['397']
['396']
['353']
['399']
['393']
['381']
