['Jarno1', 'Lidia4', 'Cleros2', 'Mecren5', 'Fiorentino3', 'Michael4', 'Guido1', 'Siro8', 'Marina6', 'Alberto5', 'Teseo4', 'Clodovea1', 'Ermes9', 'Celeste3', 'Caio6', 'Costanzo6', 'Tommaso8', 'Cleros6', 'Armando5', 'Terzo7']
['Oretta5', 'Arduino8', 'Elio8', 'Laura1', 'Ian2', 'Enrico1', 'Ercole9', 'Mietta2', 'Tolomeo6', 'Donatella7', 'Lauro3', 'Miriana9', 'Siro3', 'Kris3', 'Penelope5', 'Claudia1', 'Marina7', 'Celeste4', 'Mariagiulia4', 'Karim1']
['Valdo2', 'Fabiano3', 'Miriam8', 'Loretta1', 'Brigitta8', 'Deborah2', 'Anastasio3', 'Rebecca2', 'Thea4', 'Giordano5', 'Gianantonio5', 'Fiorenzo8', 'Sebastian2', 'Luce0', 'Giovanna5', 'Furio5', 'Loredana6', 'Eusebio3', 'Miriana4', 'Joshua0']
['Odone4', 'Sue2', 'Demis2', 'Silvano4', 'Isabel6', 'Leonardo1', 'Max1', 'Adriano0', 'Cassiopea8', 'Rosalino0', 'Carmela6', 'Elda4', 'Ione9', 'Mariagiulia3', 'Valdo9', 'Pietro1', 'Amedeo5', 'Pacifico0', 'Rosita1', 'Davide1']
['Ubaldo1', 'Concetta9', 'Osvaldo5', 'Mattia1', 'Liborio4', 'Xavier5', 'Bortolo9', 'Maggiore3', 'Fabio8', 'Concetta1', 'Gianantonio3', 'Mietta0', 'Jari2', 'Giorgio6', 'Marcella3', 'Sirio1', 'Giorgio2', 'Quasimodo0', 'Jacopo4', 'Leonardo0']
['Karim8', 'Odino6', 'Albino1', 'Eustachio2', 'Benedetta4', 'Italo5', 'Prisca2', 'Eustachio1', 'Filomena4', 'Cleopatra8', 'Giulietta7', 'Osea9', 'Cesidia8', 'Anastasio7', 'Enzo3', 'Priamo0', 'Rita6', 'Gerlando9', 'Tristano5', 'Patrizio4']
['Giobbe6', 'Pablo7', 'Jole3', 'Cira7', 'Osea1', 'Cosetta2', 'Danuta0', 'Fatima9', 'Battista3', 'Ercole1', 'Diamante6', 'Noel4', 'Alessandro3', 'Manfredi5', 'Umberto0', 'Damiana2', 'Genziana8', 'Ferdinando0', 'Marieva8', 'Pablo9']
['Sasha9', 'Kayla9', 'Domiziano7', 'Mattia9', 'Caligola0', 'Odone8', 'Renzo5', 'Oretta9', 'Umberto9', 'Cleros4', 'Marcella0', 'Mattia6', 'Kris2', 'Carmelo4', 'Lisa0', 'Flaviana6', 'Giorgio3', 'Ubaldo2', 'Demi6', 'Xavier7']
['Sabatino1', 'Ulrico6', 'Erminia5', 'Trevis8', 'Enzo0', 'Gianriccardo2', 'Fatima0', 'Mietta1', 'Ivano3', 'Gianriccardo3', 'Caio2', 'Cleros7', 'Gavino8', 'Radames1', 'Elio3', 'Sarita7', 'Antonio9', 'Marino4', 'Brigitta5', 'Secondo5']
['Giancarlo3', 'Ilario9', 'Giacobbe7', 'Umberto6', 'Eriberto9', 'Sirio6', 'Piersilvio0', 'Nathan2', 'Rebecca5', 'Emanuel3', 'Ercole4', 'Alighieri1', 'Demis3', 'Tancredi5', 'Cleros5', 'Deborah4', 'Marianita1', 'Armando8', 'Ariel9', 'Quarto3']
['Davide5', 'Vania2', 'Arcibaldo8', 'Thea5', 'Mirko6', 'Orfeo9', 'Gelsomina6', 'Gregorio2', 'Giulio2', 'Mecren9', 'Olimpia3', 'Lauro5', 'Ercole2', 'Tazio7', 'Walter1', 'Davide8', 'Erminio4', 'Ethan3', 'Soriana6', 'Erminio9']
['Mariagiulia0', 'Alessio7', 'Liborio8', 'Fatima2', 'Iacopo1', 'Folco0', 'Erminia2', 'Nathan3', 'Ursula5', 'Nico6', 'Emanuel7', 'Cleopatra7', 'Gianmaria7', 'Nico1', 'Antonino6', 'Nabil5', 'Arduino5', 'Raniero0', 'Santo9', 'Nestore7']
['Luce6', 'Rosalba8', 'Michele7', 'Ethan9', 'Erminia8', 'Nestore4', 'Nestore6', 'Dylan9', 'Guido6', 'Lidia6', 'Samira4', 'Edilio5', 'Modesto4', 'Artes8', 'Edipo5', 'Damiana9', 'Alessio3', 'Rebecca6', 'Primo9', 'Lazzaro2']
['Ferdinando6', 'Santo3', 'Luigi4', 'Marianita5', 'Elsa0', 'Aroldo4', 'Joseph3', 'Deborah9', 'Cassiopea3', 'Gianleonardo6', 'Avide3', 'Iacopo2', 'Sarita4', 'Samira6', 'Gianantonio6', 'Rodolfo9', 'Emanuel1', 'Odone9', 'Filomena3', 'Piersilvio3']
['Ludovico9', 'Michael9', 'Costantino7', 'Odino9', 'Maika9', 'Fabiano1', 'Romeo4', 'Nestore8', 'Loris4', 'Osea0', 'Oreste0', 'Elsa1', 'Carmela3', 'Folco8', 'Sandro2', 'Walter7', 'Renato5', 'Penelope7', 'Orfeo5', 'Muzio8']
['Edilio2', 'Enzo7', 'Matteo9', 'Vania3', 'Nestore5', 'Secondo0', 'Augusto8', 'Bettino1', 'Irene7', 'Costanzo4', 'Concetta5', 'Orfeo1', 'Anselmo3', 'Timoteo4', 'Fabio9', 'Dante5', 'Assia0', 'Jari0', 'Jacopo3', 'Marzio6']
['Vinicio8', 'Elga3', 'Siro2', 'Nicoletta3', 'Gregorio7', 'Bortolo5', 'Bibiana4', 'Gilda5', 'Mariagiulia9', 'Laerte9', 'Zelida4', 'Loredana0', 'Fiorenzo1', 'Fernando8', 'Ian0', 'Marzio5', 'Radames7', 'Gioacchino7', 'Tancredi6', 'Laura9']
['Tolomeo0', 'Antimo9', 'Maggiore2', 'Rufo5', 'Monia8', 'Bettino8', 'Prisca3', 'Zaccaria2', 'Ermes4', 'Rosaria8', 'Anselmo8', 'Kai5', 'Matilde9', 'Primo1', 'Carlo1', 'Maruska3', 'Gaetano5', 'Timoteo5', 'Rosalino2', 'Evangelista9']
['Mariano0', 'Sesto8', 'Folco4', 'Noah0', 'Sesto2', 'Joshua3', 'Benedetta5', 'Joseph7', 'Orfeo4', 'Isabel1', 'Serse1', 'Mirko4', 'Radames4', 'Marcella4', 'Raoul7', 'Egisto1', 'Ettore0', 'Joannes5', 'Lamberto6', 'Adriano1']
['Audenico0', 'Quirino1', 'Fortunata6', 'Ethan7', 'Cassiopea9', 'Kayla3', 'Folco3', 'Rosolino0', 'Demis1', 'Guendalina3', 'Marina4', 'Sebastian4', 'Tancredi4', 'Rosalba1', 'Walter3', 'Timoteo9', 'Italo9', 'Trevis2', 'Miriana7', 'Trevis3']
['Gianmarco5', 'Enzo6', 'Elda2', 'Clodovea2', 'Laerte5', 'Folco6', 'Baldassarre3', 'Jelena1', 'Monia6', 'Priamo8', 'Giacinto6', 'Alan9', 'Gaetano4', 'Sue0', 'Giovanna3', 'Pierfrancesco0', 'Nestore3', 'Elga8', 'Arturo8', 'Tazio1']
['Caligola7', 'Ludovico2', 'Eriberto7', 'Primo3', 'Nayade9', 'Akira3', 'Orfeo7', 'Lia2', 'Bibiana6', 'Assia4', 'Gilda2', 'Amedeo1', 'Loretta4', 'Marzio7', 'Hector0', 'Anselmo9', 'Alighiero7', 'Cirino1', 'Marianita7', 'Danthon5']
['Graziano0', 'Marino8', 'Cira8', 'Amerigo1', 'Lorenzo9', 'Mauro7', 'Cleopatra5', 'Vera2', 'Marianita8', 'Emidio9', 'Amedeo6', 'Marzio4', 'Pacifico5', 'Edilio6', 'Sibilla4', 'Sasha7', 'Ercole8', 'Miriam7', 'Tristano8', 'Siro0']
['Ileana5', 'Eliziario6', 'Laerte0', 'Ruth1', 'Luigi7', 'Eusebio6', 'Benedetta1', 'Edipo4', 'Nathan9', 'Lidia0', 'Jack2', 'Marvin0', 'Marieva7', 'Amerigo5', 'Claudia6', 'Fortunata0', 'Fiorenzo7', 'Eriberto1', 'Violante6', 'Demi9']
['Azue3', 'Sesto4', 'Renzo6', 'Gioacchino6', 'Ausonio0', 'Siro9', 'Diamante4', 'Lino4', 'Leonardo7', 'Moreno5', 'Doriana2', 'Sabino2', 'Noah6', 'Nazzareno0', 'Cleopatra1', 'Dante0', 'Romeo2', 'Rocco9', 'Maika6', 'Armando0']
