['Elinor', 'Thomasina', 'Janette', 'Ivie', 'Mariette', 'Devinne', 'Coral', 'Stepha', 'Amabel', 'Zoe', 'Debbie', 'Christabel', 'Jenna', 'Bonnee', 'Andree', 'Randene', 'Moyra', 'Ginger', 'Ethelind']
['Carlye', 'Eadie', 'Anjanette', 'Brandise', 'Thalia', 'Prudi', 'Bobbie', 'SheilaKathryn', 'Clari', 'Anya', 'Lori', 'Saundra', 'Bibbie', 'Fayth', 'Inna', 'Goldi', 'Mariejeanne', 'Edi', 'Shelby']
['Reta', 'Zita', 'Herminia', 'Deeann', 'Lila', 'Riannon', 'Sheena', 'Heidie', 'Tybi', 'Susi', 'Vi', 'Di', 'Cristina', 'Suellen', 'Melodie', 'Imogen', 'Eddi', 'Joycelin', 'Cayla']
['Jeannine', 'Oliy', 'Idalina', 'Libbi', 'Cynde', 'AnnaDiana', 'Jasmin', 'Veronike', 'Goldina', 'Brynna', 'Kinna', 'Evangeline', 'Lita', 'Stefa', 'Henriette', 'Paulette', 'Reggi', 'Maryjo', 'Ray']
['Alyce', 'Kata', 'Avivah', 'Hyacinth', 'Rosina', 'Lois', 'Reeva', 'Leilah', 'Neilla', 'Denyse', 'Shelia', 'Lynnett', 'Blake', 'Tatiana', 'Shay', 'Charis', 'Philomena', 'Pavla', 'Tressa']
['Katleen', 'Garland', 'Gerianna', 'Valentine', 'Maddalena', 'Jess', 'Evvy', 'Drucill', 'Jeniffer', 'Magdaia', 'Raine', 'Giralda', 'Megan', 'Marylou', 'Bell', 'Rachel', 'Kalindi', 'Nelia', 'Lisabeth']
['Licha', 'Brigid', 'Jada', 'Sara', 'Tersina', 'Serena', 'Tessy', 'Gigi', 'Jeannette', 'Arliene', 'Betteanne', 'Cate', 'Ardenia', 'Loria', 'Meggy', 'Elisabet', 'Patti', 'Madelin', 'Emelina']
['Jeannie', 'Lorraine', 'Pandora', 'Rasla', 'Ondrea', 'Bria', 'Analise', 'Mareah', 'Madonna', 'Valerie', 'Shayne', 'Emilee', 'Pia', 'Starr', 'Lia', 'Delila', 'Rebbecca', 'Vilma', 'Jolie']
['Jorey', 'Maryl', 'Cammie', 'Karlotta', 'Christina', 'Tova', 'Toni', 'Geri', 'Giselle', 'Lorrin', 'Jaclyn', 'Caryn', 'Siusan', 'Sherline', 'Marcia', 'Darcee', 'Freda', 'Ardine', 'Uta']
['Sheilah', 'Joleen', 'Marla', 'Idell', 'Laraine', 'Marley', 'Nadine', 'Sue', 'Fredelia', 'Genna', 'Costanza', 'Tamarra', 'Willabella', 'Esmaria', 'Tilda', 'Grazia', 'Matilda', 'Una', 'Johnette']
['Rosalind', 'Cinnamon', 'Harriett', 'Vanessa', 'Kellen', 'Courtnay', 'Leona', 'Sibylle', 'Eula', 'Sofia', 'Phillis', 'Tobi', 'Marlyn', 'Kelcey', 'Viva', 'Clemmy', 'Ellie', 'Paula', 'Camilla']
['Mia', 'Emmy', 'Dana', 'Koressa', 'Kay', 'Lettie', 'Carree', 'Laverne', 'Kania', 'Silva', 'Ula', 'Dianna', 'Henrietta', 'Joannes', 'Noelyn', 'Jeralee', 'Laura', 'Jsandye', 'Marigold']
['Chrystel', 'Allsun', 'Corella', 'Toma', 'Dulcie', 'Lorna', 'Lisbeth', 'Vin', 'Emmalynne', 'Merline', 'Pierrette', 'Katha', 'Lorena', 'Siobhan', 'Debby', 'HelenElizabeth', 'Lillis', 'AnnaDiane', 'Gayle']
['Gwendolen', 'Edeline', 'Brandie', 'Elayne', 'Erinna', 'Genni', 'Barbe', 'Jaime', 'Patience', 'Frankie', 'Joly', 'Jennica', 'Robena', 'Nerta', 'Jacquenette', 'Madelyn', 'Lyn', 'Kristin', 'Cordie']
['Kiersten', 'Shayna', 'Kaylyn', 'Shelli', 'Tammy', 'Erma', 'Kippy', 'Penny', 'Hendrika', 'Shani', 'Kial', 'Essa', 'Deny', 'Ealasaid', 'Sallyanne', 'Clemmie', 'Miquela', 'Lindsy', 'Pippy']
['Helenka', 'Janey', 'Shaina', 'Honey', 'Vivia', 'Erna', 'Vonny', 'Chelsea', 'Tanya', 'Milena', 'Roseann', 'Anthe', 'Biddie', 'Sheree', 'Tiffani', 'Terra', 'Misti', 'Heather', 'Minnnie']
['Bessy', 'Nora', 'Gerrilee', 'Jessika', 'Callie', 'Fayina', 'Jane', 'Sophie', 'Lanni', 'Laverna', 'Mehetabel', 'Winifred', 'Faith', 'Natala', 'Dayle', 'Paulina', 'Lilla', 'Mina', 'Annie']
['Madalena', 'Cecelia', 'Vallie', 'Midge', 'Marjie', 'Ashely', 'Meris', 'Kerstin', 'Nolana', 'Sayre', 'Fawne', 'Harrie', 'Nevsa', 'Tamarah', 'Leora', 'Neila', 'Kacey', 'Marice', 'Brynne']
['Lauretta', 'Nicoli', 'Jobina', 'Carline', 'Tresa', 'Rosalinde', 'Sharla', 'Raye', 'Cherry', 'Andriette', 'Susana', 'Crystie', 'Donella', 'Martguerita', 'Nerissa', 'Dulcia', 'Tanhya', 'Almeda', 'Geralda']
['Myrilla', 'Lina', 'Phedra', 'Lorinda', 'Dulcea', 'Kettie', 'Ashli', 'Daisi', 'Linette', 'Jodi', 'Annalee', 'Jessamyn', 'Catina', 'Keri', 'Ashlen', 'Christin', 'Corey', 'Trista', 'Phil']
['Raven', 'Kathlin', 'Wilow', 'Gaynor', 'Lacey', 'Feliza', 'Therine', 'Livia', 'Eve', 'Constantina', 'Rosene', 'Sephira', 'Karol', 'Hatty', 'Kylen', 'Wendeline', 'Verina', 'Renae', 'Cordy']
['Romonda', 'Trude', 'Wilone', 'Isabelle', 'Lavinia', 'Renelle', 'Amitie', 'Aubrette', 'Flori', 'Natalina', 'Nomi', 'Constantia', 'Cory', 'Gwenette', 'Katalin', 'Merrielle', 'Camille', 'Sheeree', 'Pollyanna']
['Libby', 'Arleyne', 'Vickie', 'Gabriell', 'Alvina', 'Danell', 'Kassia', 'Billy', 'Sharron', 'Chris', 'Coretta', 'Carmelia', 'Kora', 'Claudina', 'Corinna', 'Laureen', 'Liz', 'Melva', 'Laurice']
['Ortensia', 'Rozanna', 'Zorana', 'Pansie', 'Lona', 'Karisa', 'Gussy', 'Natka', 'Dolores', 'Yalonda', 'Barbaraanne', 'Mable']
['Brenn']
