['Lucio', 'Basil', 'Perry', 'Wilma', 'Amado', 'Billy', 'Lacey', 'Donna', 'Berta', 'Roman', 'Barry', 'Ernie', 'Myron', 'Vicky', 'Josef', 'Erika', 'Irvin', 'Viola', 'Holly', 'Chris', 'Avery', 'Paige', 'Edwin', 'Joyce', 'Buddy', 'Marci', 'Tessa', 'Lorna', 'Roxie', 'Sybil', 'Mitch', 'Wanda']
['Mable', 'David', 'Janet', 'Lydia', 'Doris', 'Tommy', 'Cindy', 'Kayla', 'Bobbi', 'Carla', 'Jamar', 'James', 'Vilma', 'Brent', 'Patti', 'Arlen', 'Annie', 'Betsy', 'Ruben', 'Grant', 'Sofia', 'Eddie']
['Della', 'Elmer', 'Mitzi', 'Karin', 'Cyrus', 'Bryon', 'Ariel', 'Odell', 'Kathy', 'Leila', 'Shane', 'Homer', 'Janis', 'Robin', 'Terri']
['Devin', 'Issac', 'Daisy', 'Clara', 'Mario', 'Randi']
['Terry', 'Effie', 'Major', 'Adela']
['Zelma', 'Naomi', 'Nelda', 'Marla', 'Donny', 'Leona', 'Claud', 'Lyman', 'Maria', 'Shaun', 'Linda', 'Dante', 'Mason', 'Elena', 'Audra', 'Orval', 'Pedro', 'Verna', 'Pearl', 'Elvin']
['Jayne', 'Maura', 'Tracy', 'Ervin', 'Felix', 'Ahmad', 'Wyatt', 'Gayle', 'Nikki', 'Essie', 'Hazel', 'Peter', 'Fidel', 'Sonja', 'Sonny', 'Deann', 'Olive', 'April', 'Jason', 'Twila']
['Julia', 'Ellen', 'Britt', 'Staci', 'Jared', 'Clyde', 'Bryce', 'Sandy', 'Katie', 'Wendy', 'Robyn', 'Flora', 'Tanya']
['Jaime', 'Sadie', 'Margo', 'Dixie', 'Greta', 'Malik', 'Freda', 'Rhoda', 'Sheri', 'Jamel', 'Dusty', 'Elvia']
['Candy', 'Steve', 'Trent', 'Melba', 'Wally', 'Carly', 'Alvin', 'Wendi', 'Kevin', 'Brian', 'Brady', 'Erick', 'Brock', 'Teddy', 'Dwain', 'Willy', 'Craig', 'Lanny', 'Jacob', 'Karen', 'Alice']
['Becky', 'Adele', 'Roger', 'Mikel', 'Clark', 'Renee', 'Leroy', 'Queen', 'Davis', 'Bette', 'Kirby', 'Monty', 'Leann', 'Joann', 'Amber', 'Moshe', 'Rufus', 'Randy', 'Merle']
['Jonah', 'Quinn', 'Ebony', 'Tasha', 'Louis', 'Aaron', 'Ronny', 'Tyron', 'Julio', 'Kelly', 'Brant', 'Tonya', 'Benny']
['Allan', 'Bryan', 'Aline', 'Lorie', 'Cesar', 'Casey', 'Bruno', 'Marty', 'Dario', 'Mandy', 'Mamie', 'Daron', 'Nancy']
['Emery', 'Marcy', 'Danny', 'Maude', 'Chong', 'Fritz', 'Rusty', 'Alton', 'Tonia', 'Garry', 'Nadia', 'Percy']
['Ollie', 'Moses', 'Josie', 'Laura', 'Lauri', 'Chang', 'Elsie', 'Rhett', 'Darin', 'Helga', 'Ilene', 'Chase', 'Hilda', 'Corey', 'Sally', 'Sammy', 'Cliff', 'Timmy', 'Misty', 'Clint', 'Micah']
['Elias', 'Erica']
['Hyman', 'Pansy']
['Tammi']
['Debra']
['Emily']
