['am', 'Alexander', 'Matthew', 'Jackson', 'Isaac', 'Julian', 'Eli', 'Nolan', 'Nicholas', 'Elias']
['Noah', 'Benjamin', 'Elijah', 'Michael', 'Henry', 'John', 'Owen', 'Christian', 'Leo', 'Dominic']
['William', 'James', 'Ethan', 'Luke', 'Gabriel', 'Joshua', 'Landon', 'Cameron', 'Hudson', 'Jose']
['Logan', 'Lucas', 'Aiden', 'Jack', 'Ryan', 'Nathan', 'Thomas', 'Easton', 'Ian', 'Adam']
['Mason', 'Jacob', 'Sebastian', 'David', 'Carter', 'Anthony', 'Andrew', 'Jaxon', 'Isaiah', 'Caleb']
['Oliver', 'Daniel', 'Grayson', 'Levi', 'Connor', 'Asher', 'Colton', 'Bryson', 'Cooper', 'Chase']
['Joseph', 'Dylan', 'Lincoln', 'Josiah', 'Hunter', 'Theodore', 'Robert', 'Austin', 'Ezekiel', 'Bentley']
['Samuel', 'Jayden', 'Mateo', 'Aaron', 'Charles', 'Angel', 'Brayden', 'Gavin', 'Ayden', 'Tyler']
['Wyatt', 'Christopher', 'Jeremiah', 'Xavier', 'Everett', 'Weston', 'Tristan', 'Kaiden', 'Elliott', 'Waylon']
['Felix', 'Hayden', 'Brooks', 'Emiliano', 'Stephen', 'Declan', 'Diego', 'Brody', 'Beau', 'Miguel']
['Manuel', 'Dean', 'Alejandro', 'Lorenzo', 'Peter', 'Kenneth', 'Aidan', 'Milo', 'Sean', 'Enzo']
['Cash', 'Phoenix', 'Silas', 'Ryker', 'Kingston', 'Jude', 'Victor', 'Finn', 'Joel', 'Kaleb']
['Emerson', 'Matteo', 'Zion', 'Maximus', 'Thiago', 'Remington', 'Adriel', 'Jameson', 'Zachary', 'Braxton']
['Colt', 'Damian', 'Emmanuel', 'Elliot', 'Bryce', 'Edward', 'Grant', 'Gael', 'Graham', 'Zayden']
['Erick', 'Jeremy', 'Messiah', 'Caden', 'Beckett', 'Jonathan', 'Adrian', 'Ezra', 'Jordan', 'Greyson']
['Javier', 'Evan', 'Maverick', 'Jace', 'Jason', 'Santiago', 'Sawyer', 'Kevin', 'Axel', 'Miles']
['Rylan', 'Bennett', 'Ashton', 'Jayce', 'Giovanni', 'Malachi', 'Antonio', 'Abraham', 'Jesse', 'Oscar']
['Cody', 'Judah', 'Kyle', 'Jax', 'Brady', 'Colin', 'Jorge', 'Zander', 'Killian', 'Clayton']
['Walter', 'Riley', 'Archer', 'Damien', 'Louis', 'Rafael', 'Jaxson', 'Parker', 'Leonardo', 'Micah']
['Beckham', 'Vincent', 'Wesley', 'Cole', 'George', 'Emmett', 'Max', 'King', 'Jonah', 'Alan']
['Karson', 'Patrick', 'Richard', 'Rhett', 'Avery', 'August', 'Myles', 'Kyrie', 'Lukas', 'Omar']
['Iker', 'Bradley', 'Josue', 'Holden', 'Leon', 'Tobias', 'Amari', 'Roman', 'Kayden', 'Nathaniel']
['Finley', 'Carlos', 'Calvin', 'Andres', 'Barrett', 'Griffin', 'Brandon', 'Ryder', 'Justin', 'Juan']
['Nash', 'Camden', 'Karter', 'Tucker', 'Jasper', 'Dawson', 'Zane', 'Kaden', 'Bryan', 'Paul']
['Emilio', 'Knox', 'Jaden', 'Israel', 'Matias', 'Derek', 'Francisco', 'Simon', 'Chance', 'Tanner']
['Eduardo', 'Carson', 'Harrison', 'Luis', 'Kai', 'Luca', 'Maxwell', 'Ivan', 'Maddox', 'Rowan']
['Reid', 'Eric', 'Jesus', 'Abel', 'Amir', 'Blake', 'Alex', 'Xander', 'Timothy', 'Brantley']
['Martin', 'Steven', 'Preston', 'Marcus', 'River', 'Mark', 'Nicolas', 'Paxton', 'Charlie', 'Brian']
['Ace', 'Cayden', 'Arthur', 'Jake', 'Legend', 'Corbin', 'Dallas', 'Gunner', 'Andre', 'Kameron']
['Theo']
