['Takia', 'Abaan', 'Rosalio', 'Zaahir', 'Amor', 'Tahir', 'Adriene', 'Dainen', 'Markise', 'Aizik', 'Jamaine', 'Dorcas', 'Gunther', 'Makyra', 'Dea', 'Donnovan', 'Nethra', 'Laticia', 'Dominika', 'Siena', 'Danyca', 'Marck', 'Ailene', 'Anadalay', 'Mikaelah', 'Handsome', 'Shamaiya', 'Reynaldo', 'Matt', 'Alaija']
['Zykerria', 'Adaley', 'Kalum', 'Chanze', 'Demetreus', 'Terriona', 'Gertrude', 'Lada', 'Ganon', 'Adysen', 'Katalina', 'Jdan', 'Spartan', 'Niemah', 'Donnelle', 'Amritha', 'Loni', 'Venezia', 'Kay', 'Serra', 'Rock', 'Maude', 'Nakaya', 'Kimball', 'Orren']
['Kaeley', 'Meryl', 'Jaaziah', 'Olive', 'Larrissa', 'Sanae', 'Avigail', 'Lilienne', 'Taye', 'Zahriyah', 'Andriy', 'Lynia', 'Jaleesa', 'Jalilah', 'Daxen', 'Lukis', 'Deliany', 'Amr', 'Fidel', 'Coulson', 'Vinnie', 'Nohely', 'Kinzie', 'Fe', 'Trenise']
['Brydan', 'Adanna', 'Basha', 'Carena', 'Shardae', 'Nakeya', 'Shakila', 'Aibhilin', 'Zinia', 'Yavian', 'Ingrid', 'Jahlen', 'Tralyn', 'Dyami', 'Ayahna', 'Fox', 'Abdoulaziz', 'Shelbee', 'Jazir', 'Aayana', 'Alieyah', 'Jekeria', 'Montana', 'Hesham', 'Analiah', 'Selena']
['Dereck', 'Alayasia', 'Aylana', 'Mykaylah', 'Mikyla', 'Lauralynn', 'Aleiyah', 'Jophy', 'Jovey', 'Jakelin', 'Dhyan', 'Jeremias', 'Jema', 'Eeliyah', 'Janine', 'Deidre', 'Emmanuela', 'Michaell', 'Giannie', 'Kariana', 'Jaleena']
['Cliff', 'Seleen', 'Saheim', 'Asha', 'Isaak', 'Jasahn', 'Marcellius', 'Dessie', 'Sevren', 'Michai', 'Vedika', 'Ettel', 'Shahid', 'Zoiee', 'Dairon', 'Carine', 'Tasi', 'Yonason', 'Gor', 'Salmaan', 'Alainna', 'Satomi', 'Jamaad', 'Keyvin', 'Kellon', 'Sevastian', 'Farha']
['Jayme', 'Marialy', 'Ellarie', 'Kamora', 'Jesus', 'Tayseer', 'Alyze', 'Jerel', 'Eliziah', 'Tam', 'Kaleo', 'Alyiana', 'Kaymarie', 'Marwan', 'Inaki', 'Sheniyah', 'Guy', 'Anastacio', 'Leni', 'Antonin', 'Cordai', 'Oviya', 'Tralaya', 'Aryeh']
['Mylie', 'Caliegh', 'Samauri', 'Lazaria', 'Atika', 'Tobias', 'Rohil', 'Oluwatobi', 'Lamariah', 'Hannelore', 'Timia', 'Merary', 'Leib', 'Shanaiya', 'Natasia', 'Zackrey', 'Jirah', 'Hakop', 'Mikelle', 'Trinitey', 'Kaymi', 'Jalyiah', 'Tacori', 'Shalonda', 'Sharlene', 'Jemiah', 'Coi', 'Abhinav']
['Khamil', 'Camill', 'Coraline', 'Avielle', 'Veena', 'Mezmariah', 'Braeley', 'Elway', 'Ilyn', 'Leilah', 'Kayliann', 'Azeriah', 'Jaquan', 'Quentyn', 'Monserath', 'Yajahira', 'Zuzanna', 'Deriyon', 'Jos', 'Suri', 'Vivica', 'Ishmel', 'Keion', 'Anouk', 'Osmin', 'Dajana', 'Casondra']
['Johnavan', 'Evia', 'Chyna', 'Masud', 'Marnae', 'Sydelle', 'Yarisbel', 'Adaisha', 'Casandra', 'Liat', 'Mykenna', 'Tajuan', 'Jameisha', 'Estephanie', 'Dashun', 'Delara', 'Arsalan', 'Trystian', 'Shamiyah', 'Armita', 'Gwendolynn']
['Nishta', 'Taigen', 'Cylah', 'Mylani', 'Eddieberto', 'Zyeir', 'Artyom', 'Jesalyn', 'Yarithza', 'Elysha', 'Tanyla', 'Jamiyla', 'Britnee', 'Hashem', 'Marrius', 'Bow', 'Marcellino', 'Cynae', 'Benito', 'Kapena', 'Janesha', 'Kameryn', 'Aysenur']
['Jarem', 'Emree', 'Anela', 'Navia', 'Kyston', 'Jasiya', 'Fabrizzio', 'Bristol', 'Jahred', 'Rey', 'Shiala', 'Litsy', 'Kyo', 'Hugo', 'Crystina', 'Lailani', 'Jaquis', 'Anagha', 'Eleah', 'Jaydah', 'Delisha', 'Merissa', 'Joed', 'Serenety', 'Prakruti', 'Katarina', 'Soriya', 'Xaviel', 'Julia', 'Jacob']
['Carsten', 'Ori', 'Kitty', 'Zolin', 'Khloee', 'Ancel', 'Stefanny', 'Marifer', 'Byron', 'Gyzelle', 'Tyannah', 'Raphael', 'Ameerah', 'Iris', 'Sameeha', 'Raymir', 'Larry', 'Griffon', 'Mircale']
['Halo', 'Daxx', 'Jebediah', 'Lizmari', 'Shanell', 'Nayara', 'Jarrell', 'Derionna', 'Thadius', 'Dell', 'Brinleigh', 'Sabastion', 'Deedra', 'Jamear', 'Denize', 'Blaine']
['Elisah', 'Bailei', 'Jandre', 'Milene', 'Yu', 'Sihaam', 'Doyle', 'Liann', 'Rielly', 'Jersi', 'Aman', 'Noami', 'Kaeleen', 'Dhalia', 'Jomary', 'Apollonia', 'Gauge', 'Lakiyah', 'Kenzlie']
['Kobe', 'Artie', 'Giankarlo', 'Jabes', 'Antwane', 'Sashya', 'Azzareya', 'Emilie', 'Jeru', 'Abriyana', 'Shannel', 'Anwesha', 'Kaushik', 'Nalaya']
['Seiry', 'Sincere', 'Mumin', 'Sussy', 'Aley', 'Guadalupe', 'Vyncent', 'Dusan', 'Miley', 'Sayd', 'Farah', 'Merlina', 'Khalee', 'Juliano', 'Stafford', 'Jaimarie', 'Antrone', 'Thien', 'Adeleine', 'Keili', 'Jailon', 'Kirubel', 'Charlett', 'Lilyonna', 'Nitzia', 'Akasha', 'Lealand', 'Azavier']
['Tafari', 'Charlize', 'Ricky', 'Abdulrehman', 'Sagan', 'Emmely', 'Tashvi', 'Brenya', 'Desteni', 'Keyin', 'Bright', 'Rexford', 'Colie', 'Davidjr', 'Amonti', 'Jaeline', 'Yaire', 'Tobechi', 'Alison', 'Treyonna', 'Quintavious', 'Evangelyne', 'Zayquan', 'Tayyab', 'Kenzington', 'Quintasia', 'Kenzo', 'Leighann', 'Margie', 'Ryleeann']
['Jamonte', 'Nancy', 'Kenniyah', 'Dragon', 'Haya', 'Gracia', 'Kairy', 'Feven', 'Keni', 'Thaddius', 'Jezzelle', 'Taegan', 'Kensleigh', 'Keemya', 'Mckaylin', 'Chidi', 'Treyson', 'Ramses', 'Natsumi', 'Nidhi', 'Nakari', 'Vanesa', 'Citlally', 'Detravion', 'Abdulraheem']
['Aarohi', 'Jatziry', 'Ahnaya', 'Devaun', 'Salif', 'Marik', 'Raeleigh', 'Kaira', 'Zamyah', 'Bailynn', 'Shy', 'Kirrah', 'Mylez', 'Jax', 'Soniah']
['Sinia']
['Mailen']
['Jerriah']
['Kvaughn']
['Cicily']
['Noha']
['Renyah']
['Cisco']
['Helaman']
['Rayne']
['Kemily']
['Aanyah']
['Endi']
['Harlem']
['Shamyia']
['Hallei']
['Ebany']
['Cyris']
['Srinath']
['Asa']
['Ron']
['Hayven']
['Khila']
['Mariaelena']
['Mikea']
['Malaja']
['Ally']
