['0', '17', '26', '39', '44', '53', '78', '79', '89', '94', '113', '119', '120', '126', '136', '152', '197', '271', '287', '295', '306', '308', '326', '333', '334']
['1', '15', '29', '35', '36', '73', '86', '88', '99', '112', '116', '127', '137', '140', '149', '156', '165', '176', '202', '205', '209', '212', '216', '230', '240', '252', '307', '310', '312', '318']
['2', '4', '19', '24', '38', '62', '66', '67', '68', '69', '75', '83', '107', '124', '128', '150', '162', '164', '177', '181', '187', '221', '223', '231', '236', '237', '266', '267', '296', '316', '344', '346', '347', '348', '381']
['3']
['5', '6', '11', '14', '16', '23', '25', '28', '40', '43', '47', '48', '49', '52', '54', '56', '57', '60', '61', '64', '74', '80', '93', '100', '106', '122', '125', '134', '145', '146', '168', '169', '171', '183', '185', '192', '196', '198', '211', '213', '215', '218', '220', '224', '234', '238', '243', '244', '245', '247', '254', '255', '256', '258', '263', '273', '275', '278', '280', '284', '286', '292', '299', '302', '304', '309', '314', '331', '332', '342', '351', '353', '359', '368', '369', '371', '372', '384', '393', '396', '403', '407']
['7', '10', '76', '84', '85', '104', '130', '148', '154', '159', '167', '193', '200', '219', '222', '229', '241', '260', '261']
['8', '41', '82', '92', '109', '142', '170']
['9', '12', '18', '37', '87', '91', '98', '132', '133', '180', '189', '199', '226', '242', '251', '253']
['13', '42', '71', '95', '143', '151', '153', '182', '195']
['21', '27', '30', '50', '51', '70', '90', '96', '101', '108', '123', '129', '138', '166', '178']
['22', '31', '58', '72', '103', '105', '110', '115', '117', '118', '139', '141', '155', '157', '160', '161', '172', '173', '174', '184', '186', '190', '201', '203', '233', '235', '246', '257', '282', '289', '291', '298', '320', '322', '324', '339', '343', '349']
['32']
['33', '34', '45', '55', '63', '102', '114', '135', '144', '158', '163', '179', '191', '206', '208', '225', '264', '265', '270', '294', '303', '317']
['46']
['382']
['345']
['337']
['325']
['77']
['361']
['204']
['232']
['269']
['228']
['272']
['410']
['385']
['350']
['354']
['329']
['81']
['367']
['210']
['250']
['288']
['239']
['297']
['417']
['388']
['360']
['355']
['330']
['111']
['399']
['214']
['274']
['311']
['276']
['301']
['424']
['20']
['390']
['365']
['386']
['379']
['121']
['408']
['249']
['279']
['315']
['290']
['335']
['427']
['59']
['404']
['374']
['398']
['387']
['175']
['422']
['259']
['281']
['338']
['313']
['336']
['436']
['65']
['405']
['376']
['429']
['397']
['188']
['426']
['268']
['283']
['340']
['319']
['364']
['438']
['131']
['409']
['389']
['431']
['428']
['194']
['442']
['300']
['305']
['356']
['357']
['370']
['441']
['147']
['413']
['401']
['437']
['462']
['207']
['443']
['328']
['321']
['366']
['362']
['377']
['445']
['227']
['415']
['414']
['440']
['463']
['217']
['455']
['341']
['352']
['378']
['375']
['391']
['447']
['248']
['419']
['416']
['448']
['467']
['327']
['466']
['373']
['358']
['380']
['394']
['432']
['458']
['262']
['423']
['418']
['453']
['473']
['411']
['469']
['383']
['420']
['406']
['400']
['444']
['478']
['285']
['433']
['434']
['465']
['479']
['421']
['470']
['395']
['452']
['451']
['402']
['450']
['488']
['293']
['456']
['439']
['472']
['97']
['483']
['425']
['474']
['435']
['482']
['464']
['412']
['461']
['493']
['363']
['457']
['454']
['476']
['277']
['492']
['460']
['477']
['449']
['485']
['475']
['430']
['490']
['496']
['392']
['459']
['491']
['481']
['323']
['494']
['468']
['487']
['484']
['486']
['480']
['471']
['498']
['499']
['446']
['495']
['497']
['489']
