['0', '1', '2', '404', '405', '406', '407', '408', '410', '317', '318', '319', '320', '341', '342', '343', '344', '345', '346', '347', '348', '349', '350', '351', '352', '353', '354', '355', '356', '357']
['4', '358', '359', '481', '482', '483', '484', '485', '486', '487', '488', '489', '490', '491', '492', '493', '494', '134', '135', '136', '137', '138', '245', '246', '247', '248', '249', '250', '251', '252']
['5', '6', '7', '17', '18', '20', '21', '23', '24', '26', '27', '28', '29', '30', '31', '32', '33', '36', '37', '38', '54', '80', '81', '83', '84', '85', '86', '87', '88', '89']
['8', '73', '100', '141', '158', '227', '269', '279', '281', '282', '283', '284', '285', '286', '287', '288', '289', '290', '291', '292', '293', '295', '296', '297', '298', '299', '300', '321', '322', '323']
['9', '15', '19', '22', '39', '41', '44', '46', '47', '48', '76', '106', '129', '207', '208', '210', '211', '212', '213', '214', '216', '217', '218', '219', '220', '221', '222', '223', '243', '244']
['10', '12', '13', '14', '40', '45', '49', '50', '51', '95', '96', '97', '98', '99', '101', '102', '103', '104', '105', '107', '108', '109', '125', '126', '127', '128', '130', '131', '132', '133']
['11', '16', '65', '66', '67', '68', '69', '70', '71', '72', '74', '75', '77', '78', '79', '466', '467', '468', '469', '470', '471', '472', '473', '474', '475', '476', '477', '478', '479', '480']
['25', '52', '53', '190', '191', '192', '193', '194', '195', '196', '197', '198', '199', '200', '201', '202', '203', '204', '205', '206', '253', '254', '255', '256', '257', '258', '259', '260', '261', '294']
['34', '56', '57', '59', '61', '62', '63', '64', '140', '146', '153', '177', '209', '277', '301', '302', '303', '304', '305', '306', '307', '308', '309', '310', '311', '312', '313', '314', '315', '316']
['35', '215', '438', '439', '441', '442', '443', '444', '445', '446', '447', '448', '449', '450', '451', '452', '453', '454', '455', '456', '457', '458', '459', '460', '461', '462', '463', '464', '324', '325']
['42', '43', '173', '174', '175', '176', '178', '179', '180', '181', '182', '183', '184', '185', '186', '187', '188', '326', '327', '328', '329', '330', '331', '332', '333', '334', '336', '337', '338', '339']
['55', '58', '60', '156', '157', '159', '160', '161', '162', '163', '164', '165', '166', '167', '168', '169', '170', '171', '340', '91', '92', '93', '94', '110', '111', '112', '113', '114', '115', '116']
['82', '90', '224', '225', '226', '228', '229', '230', '231', '232', '234', '235', '236', '237', '238', '239', '240', '241', '117', '118', '119', '120', '121', '122', '123']
['142', '143', '144', '145', '147', '148', '149', '150', '151', '152', '154', '155', '386', '387', '388', '389', '390', '391', '392', '393', '394', '395', '396', '397', '398', '399', '400', '401', '402', '403']
['233', '361', '362', '363', '364', '365', '366', '367', '368', '369', '370', '371', '372', '373', '374', '375', '376', '377', '378', '379', '380', '381', '382', '383', '384', '385']
['262', '263', '264', '265', '266', '267', '268', '270', '271', '272', '273', '274', '275', '276', '278', '280']
['411', '412', '413', '414', '415', '416', '417', '418', '419', '420', '421', '422', '423', '424', '425', '426', '427', '428', '429', '430', '431', '432', '433', '434', '435', '436', '437']
['242']
['172']
['189']
['465']
['360']
['440']
['495']
['139']
['335']
['409']
['124']
['3']
