['Ryan', 'Michele', 'Roy', 'Karren', 'Nola', 'Alicia', 'Gerald', 'Mike', 'Bobby', 'Marilyn', 'Robyn', 'Cheryl', 'Lane', 'Albert', 'Cory', 'Lynne', 'Cindy', 'Ronda', 'Morgan', 'Frank', 'Brian', 'Bertha', 'Clyde', 'Krysten', 'Linda', 'Freda', 'Leona', 'Ralph', 'Lessie', 'Hedwig', 'Darlene', 'Jesus', 'Sylvester', 'Kevin', 'Lydia', 'Fredrick', 'Audrey', 'Andrew', 'Matt', 'Amy', 'Pablo', 'Derek', 'Quintin', 'Toni', 'Reuben', 'Nelson', 'Phillip', 'Irene', 'Sarita', 'Tommy', 'Andre', 'Jayme', 'Priscilla', 'Jean', 'Maureen', 'Myriam', 'Fred', 'Wendy', 'Rosalee', 'Tanya', 'Lucie', 'Carmelita']
['Juan', 'Joseph', 'Ray', 'Mario', 'Tara', 'Roberto', 'Rosie', 'Kerri', 'Alison', 'Kirk', 'Ida', 'Martin', 'Steven', 'Stanley', 'Edwin', 'Edward', 'Norman', 'Pete', 'Judith', 'Lena', 'Barbara', 'Mack', 'Joni', 'Ruby', 'Jessica', 'Kathleen', 'Eric', 'Lisha', 'Glenna', 'Selina', 'Jennifer', 'Samuel', 'Sharon', 'Wayne', 'Reginald', 'Constance', 'Rosa', 'Bradley', 'Therese', 'Dale', 'Curtis', 'Nancy', 'Anthony', 'Larry', 'Blair', 'Raymond', 'Herbert', 'Jane', 'Don', 'Jorge', 'Doris', 'Gwen', 'Joshua', 'Ernestine', 'Ana', 'Mildred', 'Michelle', 'Lana', 'Imogene', 'Jeanine', 'Clayton', 'Cecile', 'Margert', 'Alex', 'Keri', 'Rhonda']
['Nicole', 'Myron', 'Dawn', 'Angela', 'Christian', 'Michael', 'Adam', 'Gregory', 'Catherine', 'Mae', 'David', 'Crystal', 'Tamika', 'Olivia', 'Vella', 'Jeffrey', 'Walter', 'Victor', 'Derrick', 'Gordon', 'Emily', 'Annette', 'Scot', 'Stacy', 'Geraldine', 'Paula', 'Marcella', 'Carole', 'Georgette']
['Pauline', 'Thomas', 'Ronald', 'Mark', 'Kaitlyn', 'Pat', 'Irving', 'Kylie', 'Troy', 'Ann', 'Fernando', 'Cathy', 'Bessie', 'Marlene', 'Shannon', 'Beverly', 'Loraine', 'Susan', 'Corey', 'Teresa', 'Everett', 'Margarito', 'Deanna', 'Juanita', 'Carol', 'Elizabeth', 'Raul', 'Ursula', 'Marion', 'Eura', 'Justin', 'Wanda', 'Darrell', 'Roosevelt', 'Polly', 'Fredda', 'Patrick', 'Dana', 'Jodi', 'Jeff', 'Stephen', 'Steve', 'Cornelius', 'Carlos', 'Angelica', 'Jacob', 'Eva', 'Andres', 'Domingo', 'Marcelino', 'Raeann', 'Theodore', 'Danielle', 'Christina', 'Lilian']
['Patricia', 'Charles', 'Rolf', 'Shirley', 'Jose', 'Miguel', 'Jo', 'Dennis', 'Booker', 'Lorraine', 'Ernest', 'Leticia', 'Donna', 'Virginia', 'James', 'Stephanie', 'Brandon', 'Hugh', 'George', 'Glen', 'Harold', 'Mireya', 'Christopher', 'Antonio', 'Carl', 'Kristine', 'Ollie', 'Sylvia', 'Melanie', 'Moses', 'Heather', 'Travis', 'Annalee', 'Judy', 'Gladys', 'Guy', 'Terry', 'Maria', 'Inez', 'Beth', 'Diana', 'Kisha', 'Janet', 'Del', 'Peggy', 'Alice', 'Josephine', 'Craig', 'Clarence', 'Elia', 'Cassie', 'Gerardo', 'Ingeborg']
['Pamella', 'Martha', 'Evelyn', 'Rachel', 'Tim', 'Kelly', 'Jesse', 'Paul', 'William', 'Anna', 'Melissa', 'Joe', 'Marie', 'Karen', 'Bonnie', 'Eleanor', 'Mabel', 'Christine', 'Ruth', 'Margaret', 'Robert', 'Connie', 'Marjorie', 'Laurie', 'Belinda', 'Donald', 'Morris', 'Robin', 'Joann', 'Carmen', 'Tracy', 'Latisha', 'Marlin', 'Tony', 'Adele', 'Roberta', 'Lillian', 'Jason', 'Dorothea', 'Pamela', 'Francisco', 'Emery', 'Peter', 'Daniel', 'Betty', 'Gail', 'Leigh', 'Lloyd', 'Joanne', 'Deborah', 'Kenneth', 'Bruce', 'Wilma']
['Richard', 'Douglas', 'Debra', 'Mary', 'Katherine', 'Gary', 'John', 'Winifred', 'Warren', 'Alvin', 'Helen', 'Berta', 'Brenda', 'Marian', 'April', 'Philip', 'Elsie', 'Reinaldo', 'Wesley', 'Thelma', 'Tuan', 'Charlotte', 'Veronica', 'Jimmy']
['Kathryn']
['Calvin']
['Gertrude']
['Eugenia']
['Sam']
['Reggie']
['Roger']
['Willie']
['Alfred']
['Jeffery']
['Ellis']
['Glennie']
['Rick']
['Cesar']
['Wallace']
['Erik']
['Harvey']
['Amos']
['Ricky']
['Ellen']
['Kellie']
['Gloria']
['Burl']
['Bernard']
['Dorothy']
['Timothy']
['Louis']
['Phyllis']
['Ouida']
['Caridad']
['Stacie']
['Suzie']
['Janene']
['Gilda']
['Cassandra']
['Winnifred']
['Beulah']
['Miles']
['Andrea']
['Susanna']
['Nina']
['Ivonne']
['Frederick']
['Randolph']
['Lulu']
['Rebecca']
['Lucille']
['Rafael']
['Dawna']
['Lahoma']
['Matthew']
['Lewis']
['Jacque']
['Arturo']
['Bethany']
['Lonnie']
['Mable']
['Grant']
['Raphael']
['Wilson']
['Monica']
['Garrett']
['Rosalyn']
['Lyle']
['Kimberly']
['Sheryl']
['Lucy']
['Lori']
['Theresa']
['Esther']
['Jeremy']
['Sofia']
['Kerrie']
['Laura']
['Marquerite']
['Emmie']
['Natalie']
['Ashley']
['Sherri']
['Kristin']
['Marco']
['Chris']
['Ward']
['Alexander']
['Dean']
['Stephany']
['Will']
['Sally']
['Seth']
['Norma']
['Willis']
['Jonathan']
['Eugene']
['Leanne']
['Maryann']
['Viola']
['Molly']
['Laurence']
['Cecilia']
['Lawrence']
['Clarissa']
['Danny']
['Selma']
['Kim']
