['Carson', 'Nicole', 'Yevette', 'Byron', 'Sharlene', 'Hilario', 'Kurtis', 'Chan', 'Zoraida', 'Marvin', 'Tarah', 'Ok', 'Piedad', 'Annabel', 'Kristopher', 'Jeremy', 'Tressa', 'Angeline', 'Clinton', 'Deana']
['Marci', 'Bonnie', 'Rima', 'Garret', 'Louella', 'Jade', 'Milissa', 'Pa', 'Susannah']
['Clarence', 'Darnell', 'Princess', 'Mariette', 'Lorelei', 'Savanna', 'Lilly', 'Lue', 'Son', 'Laticia', 'Alton', 'Winford', 'Doyle', 'Caitlyn', 'Lasonya', 'Shonda', 'Reita', 'Gisela', 'Destiny']
['Dorene', 'Saul', 'Olevia', 'Pinkie', 'Margart', 'Odell', 'Antoinette', 'Latia', 'Shelton', 'Aaron', 'Dewitt', 'Roxane', 'Kylie', 'Claretha', 'Laraine', 'Amada', 'Randa', 'Retta', 'Arcelia']
['Darwin', 'Eugene', 'Horace', 'Tiffani', 'Irma', 'Rachael', 'Kitty', 'Chun', 'Ocie', 'Kasey', 'Garland', 'Naida', 'Eustolia', 'Marquis', 'Tamisha', 'Emmanuel', 'Stephani', 'Carolee', 'Marvis']
['Zena', 'Kendall', 'Rachel', 'Alexa', 'Raul', 'Valorie', 'Joan', 'Elicia', 'Robert', 'Alicia', 'Dewayne', 'Charisse', 'Alvera', 'Raleigh', 'Honey', 'Jefferey', 'Tracie', 'Marcella', 'Hillary']
['Millicent', 'Felix', 'Cortney', 'Refugio', 'Oscar', 'Miranda', 'Treena', 'Marlo', 'Jeffrey', 'Alane', 'Joelle', 'Leila', 'Glenda', 'Irena', 'Adah', 'Delmar', 'Vernia', 'Rodrigo', 'Flavia']
['Whitney', 'Claudie', 'Marquitta', 'Madison', 'Chas', 'Charmaine', 'Jina', 'Trena', 'Orval', 'Meagan', 'Alex', 'Eloisa', 'Lezlie', 'Annamarie', 'Aretha', 'Kim', 'Rosalee', 'Vivien', 'Theo']
['Dong', 'Carmon', 'Tina', 'Xuan', 'Grant', 'Travis', 'Ella', 'Wes', 'Bertha', 'Jami', 'German', 'Michaela', 'Hassan', 'Nieves', 'Leilani', 'Alvin', 'Lauren', 'Marilynn', 'Logan']
['Inga', 'Clifton', 'Xavier', 'Gerardo', 'Clara', 'Porter', 'Chang', 'Hayden', 'Riley', 'Gerard', 'Lola', 'Griselda', 'Kelly', 'Kris', 'Jacque', 'Johnny', 'Lizabeth', 'Sharilyn', 'Renetta']
['Beverley', 'Clarissa', 'Jan', 'Lucas', 'Edmond', 'Imogene', 'Pearlie', 'Jay', 'Sharan', 'Nathalie', 'Nadia', 'Oswaldo', 'Florencio', 'Hortense', 'Lucia', 'Elfrieda', 'Dagmar', 'Hershel', 'Tameika']
['Heide', 'Ryann', 'Toya', 'Elena', 'Fanny', 'Sheldon', 'Camelia', 'Chester', 'Eufemia', 'Enola', 'Cleotilde', 'Marcie', 'Russell', 'Kareem', 'Florinda', 'Audie', 'Stanley', 'Jesus', 'Marion']
['Ema', 'Hiroko', 'Loura', 'Eve', 'Freddie', 'Percy', 'Sharla', 'Alexandra', 'Merrill', 'Hui', 'Naomi', 'Alfred', 'June', 'Vincenzo', 'Dora', 'In', 'Artie', 'Latoya', 'Leontine', 'Osvaldo']
['Helene', 'Lamonica', 'Sharell', 'Earnest', 'Elenora', 'Loren', 'Chance', 'Joye', 'Louise', 'Darrel', 'Janetta', 'Clarinda', 'Nickolas', 'Mariah', 'Isabel', 'Loria', 'Jama', 'Clarice', 'Tanisha', 'Neida']
['Oneida', 'Ron', 'Harvey', 'Cristi', 'Terry', 'Jennie', 'Frederic', 'Kirstin', 'Murray', 'Selma']
['Cassie', 'Dusti', 'Danita', 'An', 'Tai', 'Renea', 'Vernon', 'Lyndon', 'Taneka', 'Antonette', 'Mariano', 'Tamala', 'Houston', 'Dion', 'Spencer', 'Almeta', 'Trey', 'Antonina', 'Lisa', 'Junior']
['Kay', 'Sherwood', 'Lana', 'Kyung', 'Jae', 'Christiane', 'Esperanza', 'Deirdre', 'Tammi', 'Tyisha', 'Brendon', 'Allena', 'Oma', 'Elliott', 'Ambrose', 'Shavon', 'Danial', 'Elvie', 'Angella', 'Clyde']
['Joanne', 'Martin', 'Elvia', 'Alethia', 'Hyun', 'Shaun', 'Marcos', 'Anabel', 'Randall', 'Rita', 'Susan', 'Nohemi', 'Easter', 'Dorthea', 'Vada', 'Leonida', 'Herlinda', 'Leonard', 'Stanford', 'Jeanette']
['Lyn']
['Lashay']
['Altagracia']
['Verona']
['Rosalba']
['Glenna']
['Debora']
['Rolando']
['Kimbra']
['Phylis']
['Juliet']
['Kristi']
