['1', '0', '2', '4', '5', '8', '9', '11', '13', '15', '17', '18', '19', '20', '22', '23', '24', '29', '30', '33', '35', '40', '41', '42', '43']
['3', '38', '116', '156', '405', '45', '46', '47', '48', '50', '52', '53', '54', '57', '58', '59', '69', '70', '72', '74', '80', '82', '85', '86', '89']
['6', '115', '140', '207', '269', '270', '276', '278', '291', '453', '94', '100', '103', '106', '107', '109', '110', '111', '113', '114', '118', '120', '121', '126', '127']
['7', '337', '128', '130', '134', '136', '137', '145', '148', '149', '153', '154', '157', '158', '159', '165', '167', '171', '172', '173', '180', '184', '185', '188', '189']
['10', '36', '90', '162', '197', '377', '428', '488', '191', '192', '195', '196', '200', '202', '210', '211', '214', '215', '217', '219', '221', '222', '224', '226', '228']
['12', '87', '119', '181', '216', '218', '297', '310', '329', '389', '403', '229', '230', '231', '235', '239', '240', '242', '243', '245', '246', '247', '249', '250', '252']
['14', '350', '426', '493', '256', '259', '262', '264', '266', '267', '268', '271', '272', '274', '275', '277', '279', '281', '282', '283', '285', '287', '289', '292', '294']
['16', '135', '177', '209', '212', '213', '261', '451', '296', '299', '300', '303', '305', '306', '309', '312', '315', '316', '317', '319', '327', '330', '334', '336', '339']
['21', '147', '190', '364', '450', '340', '341', '343', '344', '345', '348', '349', '351', '352', '355', '356', '360', '361', '363', '367', '368', '369', '371', '374', '376']
['25', '102', '401', '384', '387', '388', '391', '392', '393', '394', '397', '398', '399', '402', '404', '406', '407', '410', '417', '419', '420', '424', '425', '427', '429']
['26', '60', '65', '71', '143', '146', '163', '227', '284', '290', '325', '328', '333', '443', '461', '430', '431', '433', '435', '436', '437', '438', '442', '444', '447']
['27', '28', '68', '139', '178', '187', '233', '257', '260', '313', '323', '342', '445', '448', '449', '452', '454', '456', '457', '460', '462', '463', '464', '465', '466']
['31', '124', '166', '255', '467', '468', '469', '471', '472', '473', '474', '475', '478', '479', '480', '481', '485', '486', '487', '490', '492', '495', '498', '56', '32']
['37', '176', '390', '314', '34', '446', '39', '93', '49', '160', '67', '318', '78', '254', '79', '382', '81', '144', '97', '383', '101', '497', '112', '365', '125']
['44', '105', '302', '359', '132', '439', '133', '152', '151', '482', '161', '258', '182']
['51', '64', '66', '108', '174', '206', '223', '237', '280', '307', '370', '372', '373', '380', '413', '415', '416', '423']
['55', '386', '395']
['61', '83', '142', '432', '434']
['62', '117', '208']
['63', '141', '186', '293', '321', '385', '412', '422']
['73', '77', '92', '155', '241', '253', '295', '298', '324', '409', '441', '470', '499', '91', '357']
['75', '346', '396']
['76', '164', '220']
['84', '194', '400']
['88', '99', '198', '205', '238', '358']
['95', '175', '244']
['96', '225', '326', '476']
['98', '199', '484']
['104', '129', '131', '418', '455']
['122', '123', '150', '179', '183', '331', '335', '483']
['138', '248', '491', '494']
['168', '236', '421']
['169', '234', '353']
['170', '263', '332']
['193', '375', '477']
['201', '362']
['203', '286']
['204', '458']
['232', '366']
['251', '320', '381']
['265', '408']
['273', '301']
['288', '378']
['304', '347']
['308', '459']
['311', '411']
['322', '338']
['354', '496']
['379', '414']
['440', '489']
