['0', '52', '76', '78', '79', '88', '146', '170', '198', '240', '241', '242', '243', '250', '279', '301', '338', '343', '349', '386', '431', '432', '443', '446']
['1', '26', '50', '62', '63', '69', '70', '71', '104', '105', '135', '153', '185', '207', '258', '273', '274', '293', '331', '353', '381', '396', '422', '423', '441']
['2', '27', '33', '133', '142', '147', '196', '234', '254', '291', '325', '344', '348', '361', '364', '449', '453']
['3', '41', '189', '244', '263', '294', '295', '316', '374', '387', '393', '451', '467']
['4', '8', '102', '106', '140', '154', '177', '260', '261', '262', '288', '296', '297', '323', '324', '369', '395', '406']
['5', '10', '28', '45', '77', '80', '83', '96', '97', '164', '225', '246', '247', '352', '355', '415', '425', '461']
['6', '7', '53', '121', '137', '202', '221', '245', '286', '302', '307', '377', '392', '404', '458', '471', '472']
['9', '16', '32', '38', '39', '54', '55', '120', '130', '155', '182', '209', '320', '333']
['11', '23', '34', '90', '91', '93', '94', '95', '125', '158', '160', '175', '203', '204', '257', '300', '305', '394', '399', '448', '452']
['12', '46', '81', '131', '162', '163', '173', '199', '238', '312', '313', '321', '346', '351', '385', '405', '417']
['13', '14', '49', '132', '181', '227', '264', '310', '345', '362', '383', '401', '411', '442']
['15', '18', '48', '75', '107', '127', '148', '197', '304', '329', '365', '367', '371', '398', '400', '473']
['17', '22', '40', '64', '122', '179', '222', '233', '239', '259', '303', '326', '327', '336', '487']
['19', '101', '124', '152', '216', '275', '277', '283', '284', '358', '408', '409', '418', '430', '435', '454', '457']
['20', '59', '60', '100', '134', '178', '213', '219', '220', '231', '232', '236', '237', '248', '249', '268', '308', '309', '341', '366', '372', '420', '439', '455', '479']
['21', '30', '84', '111', '119', '138', '151', '208', '230', '266', '267', '306', '433', '477', '489', '494']
['24', '29', '82', '98', '108', '113', '123', '129', '187', '188', '192', '193', '200', '214', '215', '235', '340', '382', '384', '426', '427']
['25', '35', '126', '159', '168', '206', '265', '272', '278', '290', '337', '370', '375', '376', '389', '390', '391', '414', '486']
['31', '51', '67', '112', '144', '150', '176', '228', '252', '253', '276', '315', '354']
['36', '65', '66', '72', '114', '136', '171', '180', '195', '229', '271', '285', '311', '317', '330', '410', '421', '437', '438']
['37', '68', '174', '318', '357', '359', '403', '413']
['42', '86', '157', '186', '282', '380', '465', '470', '488', '499']
['43', '109', '115', '118', '166', '190', '194', '281', '289', '292', '319', '373', '497']
['44', '61', '73', '128', '169', '218', '328', '368', '379', '402', '440', '485', '496']
['47', '74', '99', '117', '156', '210', '211', '287', '314', '360', '428', '434', '466', '483', '484']
['56', '57', '92', '103', '143', '145', '161', '165', '167', '183', '201', '217', '226', '255', '256', '280', '335', '342', '416', '498']
['58', '85', '89', '110', '184', '191', '223', '224', '269', '270', '298', '322', '332', '363', '388', '424', '459']
['87', '141', '149', '172', '205', '339', '397', '412', '419', '462', '469']
['116', '139', '212', '251', '299', '334', '347', '356', '407', '436', '447', '474', '478']
['491']
['444']
['378']
['490']
['456']
['495']
['481']
['464']
['492']
['476']
['450']
['445']
['460']
['350']
['482']
['475']
['429']
['493']
['468']
['463']
['480']
