['ADP', 'AEY', 'AEG', 'AET', 'ADL', 'ADW', 'AFH', 'AEU', 'ADN', 'AEC', 'AFD', 'AFB', 'AEF', 'AED', 'ADU', 'AFE', 'ADR', 'AFC', 'AEB']
['AGE', 'AHA', 'AIK', 'AHK', 'AGN', 'AFS', 'AIP', 'AIB', 'AHM', 'AGO', 'AHX', 'AHN', 'AFU', 'AGY', 'AIV', 'AIU', 'AIH', 'AIE', 'AGT']
['AKB', 'ALM', 'ANO', 'AOD', 'ALQ', 'AMB', 'AMM', 'ALO', 'AJR', 'AJH', 'AMY', 'AJJ', 'ANZ', 'AKP', 'AMJ', 'AMQ', 'ANT', 'AJT', 'ANH']
['ACP', 'ACD', 'ACM', 'ACV', 'ADK', 'ACI', 'ACG', 'ADJ', 'ACT', 'ACZ', 'ADE', 'ADF', 'ADG', 'ACS', 'ACJ', 'ACN', 'ADI', 'ADB', 'ACK']
['APD', 'AOQ', 'APJ', 'AQN', 'AQD', 'APK', 'AOW', 'AQJ', 'AQA', 'APN', 'AOX', 'AQE', 'AQH', 'APC', 'APG', 'AQL', 'APE', 'AOT', 'APW']
['AAW', 'ABH', 'ABA', 'AAX', 'AAV', 'AAY', 'ABB', 'AAZ', 'ABC', 'ABE', 'ABF', 'ABG', 'ABY', 'AQI', 'APF', 'APT', 'AQK', 'API', 'AQM']
['AAG', 'AAH', 'APQ', 'APX', 'AQC', 'AQG', 'APB', 'APA', 'APY', 'APH', 'AOY', 'AOP', 'AON', 'APP', 'APL', 'APS', 'APO', 'AQO', 'AQF']
['AAD', 'AOZ', 'APV', 'APR', 'AOV', 'AQB', 'APM', 'AOO', 'AOR', 'AOU', 'AOS', 'APZ', 'ACR', 'ADD', 'ACU', 'ADH', 'ACQ', 'ACE', 'ACW']
['ABZ', 'ABX', 'ABM', 'ACC', 'ABT', 'ABS', 'ABO', 'ABP', 'ABL', 'ABQ', 'ABI', 'ABR', 'ABK', 'ABV', 'ABN', 'ABU', 'ABJ', 'ACB', 'ABW']
['AAS', 'AAR', 'AAT', 'AAN', 'AAO', 'AAU', 'AAQ', 'AAP', 'ACL', 'ACO', 'ADC', 'ACF', 'ADA', 'ACX', 'ACH', 'AJQ', 'ANS', 'AKR', 'ANF']
['AAK', 'AAJ', 'AAM', 'AAI', 'AAL', 'ANN', 'AJL', 'ANY', 'ALW', 'AMT', 'AOK', 'AKL', 'AOH', 'AJG', 'AMR', 'AMN', 'AKI', 'AMK', 'ALC']
['AAC', 'AME', 'ANU', 'AJU', 'ANL', 'AKD', 'AMI', 'AMO', 'ALP', 'ANK', 'AMV', 'AMP', 'AMU', 'AJC', 'AJV', 'AKY', 'AKT', 'AKU', 'ALR']
['AAB', 'ALV', 'AKQ', 'AKC', 'AKH', 'ALZ', 'ALA', 'AOM', 'ANI', 'AKW', 'AMA', 'ANX', 'ANG', 'AJZ', 'ALI', 'AJK', 'AJO', 'AKJ', 'AKG']
['AAA', 'AMW', 'AJX', 'AOB', 'AOL', 'AJF', 'ANP', 'AKO', 'ALF', 'ALX', 'ANA', 'ANJ', 'AMS', 'AIZ', 'AKZ', 'ANQ', 'ANE', 'AJM', 'AKA']
['ACA', 'AKS', 'AMC', 'ANB', 'ALN', 'AJI', 'ALJ', 'AOG', 'AJP', 'ALL', 'ANM', 'AJD', 'AOE', 'ALD', 'AOF', 'AKF', 'AJA', 'AMZ', 'AJE']
['AAE', 'AOJ', 'AJB', 'AMD', 'ANV', 'ALU', 'ALS', 'ANR', 'AOI', 'AJN', 'AKX', 'ANW', 'AKN', 'AML', 'ALB', 'AKK', 'AOA', 'AKV', 'AJY']
['AAF', 'AOC', 'ALH', 'ANC', 'AKE', 'ALT', 'ALG', 'ALK', 'AMH', 'AMX', 'AJW', 'AMF', 'ALY', 'ALE', 'AJS', 'AMG', 'AND', 'AGH', 'AGQ']
['ABD', 'AHQ', 'AIC', 'AIG', 'AHY', 'AIY', 'AHC', 'AII', 'AIM', 'AID', 'AHU', 'AIF', 'AIX', 'AHW', 'AGB', 'AHS', 'AFX', 'AIA', 'AGF']
['APU', 'AHH', 'AIJ', 'AGJ', 'AGM', 'AGG', 'AHP', 'AFZ', 'AHZ', 'AHT', 'AGP', 'AFP', 'AFY', 'AGZ', 'AFQ', 'AGI', 'AHI', 'AGK', 'AHO']
['ACY', 'AHB', 'AIT', 'AHG', 'AHE', 'AHF', 'AGD', 'AGL', 'AGC', 'AIL', 'AHV', 'AGA', 'AHL', 'AFV', 'AHD', 'AIQ', 'AFT', 'AGU', 'AGW']
['AKM', 'AGS', 'AFW', 'AGR', 'AFO', 'AHJ', 'AIO', 'AHR', 'AFR', 'AIW', 'AGX', 'AIR', 'AIS', 'AIN', 'ADX', 'AFJ', 'AFN', 'AFM', 'ADQ']
['AGV', 'AFI', 'AEQ', 'AFL', 'AEM', 'AFA', 'ADY', 'AEH', 'ADV', 'AEL', 'AFF', 'AEI', 'AFG', 'AEN', 'AER', 'AEX', 'AEP', 'ADO', 'AES']
['AEV', 'AEJ', 'ADT', 'AFK', 'AEZ', 'AEA', 'AEK', 'AEE', 'ADZ', 'ADS', 'AEW', 'ADM', 'AEO']
