['KENPF', 'ORRXP', 'AHMRO', 'LYGHF', 'XXRUC']
['RQZPM', 'TFWCC', 'LCHJI', 'KUMCW', 'PSZDK']
['HATBR', 'IAADS', 'DFBMK', 'OXRUQ', 'ZBJTS']
['XBTFE', 'SMSHQ', 'XUHAP', 'HTJHJ', 'OVYUV']
['ENWEP', 'HSIWG', 'ZJPJO', 'TEFPC', 'NHQWU']
['OENWP', 'ZIJNW', 'ZJNIT', 'BLHOQ', 'OMYLR']
['WJIWZ', 'VXLZU', 'GICKM', 'FSTKF', 'XNYRJ']
['VLEXY', 'CBNUD', 'CKHRK', 'WSVIR', 'IBUGB']
['VYDDY', 'ARMIC', 'CIPCP', 'GLIPE', 'WHRVK']
['RCZHM', 'QYLAH', 'SKBJW', 'CFMPM', 'GEQFC']
['SROSJ', 'IZZTZ', 'QQUYY', 'PVVAV', 'SGTRH']
['ZJQQO', 'KGIPC', 'SJJMM', 'TAHXC', 'OLFRP']
['ZCVZT', 'YBAFX', 'JOZYK', 'NSDMC', 'CPJBS']
['XIDUV', 'YORBA', 'WWYEF', 'HNKDE', 'MIKDS']
['FXFUX', 'PTRTD', 'BNJLP', 'PLFWC', 'PGHQU']
['BBKUO', 'CIUZU', 'VTOZN', 'ZRVWH', 'YNIQG']
['EGIIY', 'RDCTS', 'CLLNQ', 'BVCTY', 'KRWXO']
['KDZKT', 'XWMKT', 'LVBGW', 'VQAKV', 'GCQTP']
['TLZCG', 'ZYPEK', 'SVMGK', 'DVRRV', 'FBWOW']
['BBVXC', 'XUYPR', 'DVLFX', 'FZQXE', 'QAOAR']
['KXUES', 'QGRPC', 'UGVLA', 'ENKVR', 'OSLVS']
['VXIFI', 'UJHDY', 'IGUWL', 'KYKCO', 'WLCAR']
['XCTJB', 'QIZOX', 'LIGPC', 'EHHWX', 'APXMD']
['VLQCW', 'UFVEC', 'IGQNP', 'ZPTPS', 'ZEPYJ']
['OZZTI', 'WAQDW', 'QBVUY', 'KXMSB', 'NVSYK']
['WUTXG', 'JWSRE', 'ZUTJZ', 'PKHDM', 'NDLFM']
['UJESQ', 'UGKUC', 'YFRIJ', 'OKPQW', 'EADHZ']
['ONQWA', 'YWCZV', 'BNYBV', 'CPTCX', 'RURLC']
['OKQTW', 'ACMPF', 'OCOQX', 'MXBHP', 'WGGGP']
['DLKKW', 'SIGOM', 'AICHQ', 'PXCKJ', 'FDGQA']
['CQBIT', 'QCHPG', 'QIALM', 'FELNZ', 'QCRLR']
['INTFC', 'KHNJL', 'BWWYB', 'DSUJE', 'FEUEQ']
['SAVNS', 'PABIC', 'BTWAZ', 'VNVFZ', 'MRXML']
['RJIED', 'RFWKF', 'ECNTU', 'GJRAV', 'VGUGP']
['GZQDO', 'UCLPW', 'VQDCT', 'PQAHJ', 'RUYNY']
['ACJRU', 'THQAC', 'ABYHN', 'BPLLS', 'EHMWV']
['BGOJW', 'VPSEI', 'WDGCR', 'IAMKK', 'UDTFQ']
['EOCJX', 'XGNPD', 'QGXZJ', 'MQDQQ', 'PSVNQ']
['OUQMM', 'WNYYG', 'QNUDR', 'RMJIF', 'WPGRW']
['VVCGQ', 'OTQON', 'ALMIE', 'MTCGB', 'TNZEA']
['FJPVZ', 'HGJEC', 'QVNNO', 'NUSHB', 'SEYUH']
['VBRPO', 'TBZDI', 'SHLYA', 'UHSWZ', 'PECLI']
['MEKWP', 'PQDFC', 'CKFJL', 'YQSUZ', 'UBCVC']
['SZXFW', 'WJAIQ', 'JEBNF', 'FGDHQ', 'LIQGP']
['HFDOF', 'CBJEL', 'AWDBE', 'SGXHX', 'ZHVLK']
['XFNKQ', 'WAHPX', 'YXPNV', 'UCQZE', 'ZNMAJ']
['OXRDD', 'DKHZJ', 'DFVZW', 'DBIOJ', 'NCDJQ']
['YJCIZ', 'FCWUA', 'DUAEB', 'FXUHH', 'XBSXA']
['EAEIR', 'YWPLR', 'OQSOU', 'IVZGD', 'UZKCN']
['VFFHE', 'RMUXW', 'QUECI', 'SFQST', 'VATRQ']
['SGRXP', 'QPVND', 'YJPCO', 'CIILB', 'GNCHO']
['FCJLJ', 'CUUFQ', 'VGCRP', 'IKHTD', 'MYAVD']
['EAITX', 'VIPLF', 'GAEKQ', 'HWSJL', 'CCNPM']
['QECFT', 'NWAHL', 'VWJWK', 'MXMMA', 'OAGEZ']
['UHOTV', 'JXGHX', 'FZRBE', 'XXFSV', 'SPHAJ']
['TAIVA', 'IGAXC', 'LPHWP', 'ZQDIP', 'FVYLB']
['QYWKX', 'DSQUZ', 'JQBSO', 'OJGET', 'ETYTK']
['EYFRR', 'QSVBC', 'KSCIB', 'ALXRH', 'BPZOY']
['XEEVL', 'CSQHY', 'LBKGE', 'TTIDN', 'YQPNL']
['TVCFA', 'EBLCO', 'JHGWB', 'NSAJQ', 'NLRBO']
['GOXXP', 'FZBVB', 'HNXEZ', 'QGGOH', 'GVYUW']
['AGDTK', 'TKYGG', 'IRAUO', 'PKBGA', 'MWVBQ']
['BJTHH', 'JMYIA', 'RWZXF', 'HCVBR', 'TKJBK']
['ERTVL', 'JCOPI', 'CIOFH', 'WTGUO', 'JAFZN']
['LSZMU', 'OVYDG', 'KPECP', 'GUDYJ', 'UQKOV']
['AILUZ', 'KCHSD', 'IZMEQ', 'CHIJG', 'WOIJX']
['EWNSH', 'CVNCZ', 'XBLXM', 'EFKRH', 'VATKD']
['NSTKH', 'GWJWE', 'AXQPJ', 'TBPZM', 'WCFRY']
['KEMJT', 'AWUBI', 'IXMQO', 'SYIZZ', 'TUSMK']
['ERQBP', 'QQXNO', 'RUGKU', 'WUCQA', 'KQUJH']
['DCJPL', 'QSYML', 'XAOMD', 'UHYVL', 'HKVZW']
['SRFIJ', 'LNIAF', 'IRNCA', 'SRUUN', 'RJDRX']
['ZLQYF', 'CIBMR', 'MESKQ', 'TFEWH', 'TYMOI']
['GBGAG', 'TFGVT', 'DKSJV', 'NKCOJ', 'HXXMK']
['BEIFF', 'QBZQQ', 'VSPLU', 'JTHWI', 'HAXVF']
