['Burkhart', 'Ardehs', 'Rhonda', 'Lombardi', 'Kerianne', 'Everick', 'Elburr', 'Vesta', 'Sumer', 'Dotson', 'Safire', 'Flemming', 'Eleni', 'Micheal', 'Tillford', 'Sachi', 'Kile', 'Raynor', 'Ted', 'Jehiel', 'Lux', 'Rombert', 'Lunetta', 'Klute', 'Bhayani', 'Padget', 'Lacy', 'Grimona', 'Risteau', 'Hatch', 'Bevon', 'Bran', 'Hittel', 'Gowrie', 'Akeyla']
['Smukler', 'Zobe', 'Delila', 'Mikol', 'Tavy', 'Thorman', 'Chae', 'Joed', 'Cerracchio', 'Beebe', 'Kinzer', 'Tiphane', 'Tennes', 'Berneta', 'Ber', 'Antonetta', 'Berner', 'Lamson', 'Javler', 'Emmer', 'Emelia', 'Maye', 'Cherry', 'Galligan', 'Clea', 'Nicolis', 'Mansoor', 'Lynnelle', 'Starinsky', 'Sheeran', 'Fabrice', 'Merola', 'Girovard', 'Neva', 'Caines']
['Jessalin', 'Balling', 'Jason', 'Jori', 'Ashford', 'Sigsmond', 'Melisa', 'Minier', 'Velda', 'Hillel', 'Winebaum', 'Lenhart', 'Hakim', 'Hamlin', 'Avril', 'Mauchi', 'Hadleigh', 'Monahan', 'Cavallaro', 'Knute', 'Farro', 'Moonier', 'Tarkany', 'Girardo', 'Nisse', 'Schnabel', 'Cristiona', 'Proudfoot', 'Nessy', 'Coumas', 'Clovah', 'Morville', 'Willis', 'Erlewine', 'Ubana']
['Marilou', 'Doroteya', 'Delinda', 'Watson', 'Sosanna', 'Krystalle', 'Prebo', 'Brittnee', 'Ruyle', 'Ursola', 'Placido', 'Mitchiner', 'Osrick', 'Reste', 'Dole', 'Ratcliffe', 'Ginzburg', 'Rodolphe', 'Hannover', 'Vaish', 'Halimeda', 'Summons', 'Cyd', 'Pippo', 'Bruns', 'Wistrup', 'Jenness', 'Gunn', 'Arianna', 'Clere', 'Billy', 'Shannah', 'Haldane', 'Cristoforo', 'Pappas']
['Serafine', 'Uta', 'Harland', 'Zandt', 'Nestor', 'Griffin', 'Cloots', 'Scherman', 'Bounds', 'Matthaeus', 'Rani', 'Shea', 'Polish', 'Rik', 'Mushro', 'Oscar', 'Ultun', 'Janenna', 'Vikky', 'Barby', 'Hankins', 'Perloff', 'Busey', 'Danna', 'Turrell', 'Basso', 'Stearns', 'Myrvyn', 'Volkan', 'Converse', 'Malo', 'McIntosh', 'Virginia', 'Fidelio', 'Utica']
['Formenti', 'Buxton', 'Merth', 'Lauree', 'Antonino', 'Faunia', 'Gombosi', 'Matthew', 'Robbin', 'Griswold', 'Jenkel', 'Acacia', 'Gerianne', 'Katzir', 'Chemush', 'Fruin', 'Maribel', 'Klapp', 'Nafis', 'Lotus', 'Lindell', 'Nannette', 'Harriet', 'Damon', 'Hermon', 'Foulk', 'Ciapas', 'Ng', 'Higgs', 'Janerich', 'Dott', 'Cardwell', 'Darsie', 'Marijn', 'Carrillo']
['Leanna', 'Barnett', 'Renick', 'Winer', 'Gwenette', 'Karon', 'Lynett', 'Tutankhamen', 'Enid', 'Uchida', 'Crompton', 'Cheria', 'Darrow', 'Adaurd', 'Montagna', 'Clymer', 'Fitz', 'Derinna', 'Lorilyn', 'Druce', 'Ebba', 'Epstein', 'McCullough', 'Vevay', 'Willetta', 'Mathur', 'Tonya', 'Ace', 'Auroora', 'Colly', 'Baldridge', 'Fairfax', 'Hardej', 'Les', 'Grath']
['Halstead', 'Hanway', 'Wing', 'Dare', 'Fillender', 'Blasius', 'Minda', 'Lamb', 'Groos', 'Florentia', 'Quitt', 'Danais', 'Karie', 'Eldwen', 'Till', 'Groh', 'Flo', 'Alvinia', 'Lyle', 'Sandstrom', 'Utas', 'Fadiman', 'Plantagenet', 'Kronick', 'Jimmy', 'Fokos', 'Saxen', 'Bluhm', 'Catherin', 'Shelby', 'Holms', 'Mackenzie', 'Rooke', 'Midian', 'Meingolda']
['Cataldo', 'Wunder', 'Fifine', 'Ferullo', 'Melburn', 'Kerwon', 'Derril', 'Demetria', 'Ainslee', 'Koetke', 'Kylah', 'Durante', 'Kanya', 'Gibun', 'Uzzia', 'Dulcea', 'Pontius', 'Danita', 'Freddy', 'Astto', 'Fast', 'Leiser', 'Paulita', 'McClimans', 'Wendye', 'Margeaux', 'Behlau', 'Adriane', 'Nance', 'Cutty', 'Toh', 'Dimitry', 'Jestude', 'Puklich', 'Ottinger']
['Brazee', 'Chancellor', 'Earlene', 'Roanna', 'Dumas', 'Ebneter', 'Genie', 'Melda', 'Bernj', 'Ferro', 'Felise', 'Favian', 'Neille', 'Maude', 'Norean', 'Emelita', 'Eno', 'Lon', 'Felicie', 'Weirick', 'Carlick', 'Cal', 'Ardys', 'Japeth', 'Hudis', 'Jorgenson', 'Pryce', 'Feinstein', 'Questa', 'Dearman', 'Nari', 'Grochow', 'Coh', 'Buckler', 'Tay']
['Yerxa', 'Holton', 'Atkins', 'Barsky', 'Shepp', 'Binette', 'Fredkin', 'Shelbi', 'Yasu', 'Carter', 'Oakes', 'Lentha', 'Saylor', 'Balcer', 'Candyce', 'Desi', 'Moyers', 'Ruhnke', 'Towne', 'Saville', 'Tessy', 'Franek', 'Woo', 'Dedric', 'Jillana', 'Hett', 'Holey', 'Hook', 'Tristam', 'Hako', 'Larry', 'Dett', 'Livingston', 'Ludovico', 'Glenn']
['Raul', 'Biggs', 'Adolphus', 'Kudva', 'Costin', 'Yarvis', 'Aviv', 'Udell', 'Lawler', 'Donn', 'Hotze', 'Ammadis', 'Marina', 'McKinney', 'Nanette', 'Charin', 'Nath', 'Alf', 'Australia', 'Chaddie', 'Swanhilda', 'Karlise', 'Janaya', 'Henrique', 'Benilda', 'Eilis', 'Ashling', 'Love', 'Debera', 'Noyes', 'Elmira', 'Crean', 'Verras', 'Jobyna', 'Blondell']
['Gloriana', 'Bello', 'Hong', 'Davidde', 'Eudocia', 'Worlock', 'Sinnard', 'Schreck', 'Dowlen', 'Holofernes', 'Hayyim', 'Birck', 'Milore', 'Lou', 'Arel', 'Masterson', 'Tuttle', 'Wight', 'Balliett', 'Kassi', 'Ragland', 'Marijo', 'Celestyn', 'Augustina', 'Ashman', 'Leod', 'Hillegass', 'Larson', 'Jeniece', 'Danuloff', 'Odin', 'Manaker', 'Hawger', 'Sievert', 'Elihu']
['Rocray', 'Sandeep', 'Cicely', 'Bui', 'Gillian', 'Selma', 'Firman', 'Yim', 'Dietrich', 'Kaufmann', 'Agosto', 'Won', 'Prince', 'Ursi', 'Stephenson', 'Salomi', 'Letta', 'Corkhill', 'Dela', 'Newton', 'Neveda', 'Edrick', 'Lenes', 'Tine', 'Anuska', 'Latimer', 'Shanly', 'McCoy', 'Deni', 'Flieger', 'Elberta', 'Beaver', 'Saudra', 'Meras', 'Ches']
['Harmony', 'Rue', 'Kimon', 'Woodhead', 'Zelma']
['Evangeline']
['Fausta']
['Pinto']
['Vonni']
['Mokas']
